#
# A fatal error has been detected by the Java Runtime Environment:
#
#  Internal Error (classFileParser.cpp:3494), pid=29634, tid=140291018704640
#  Error: ShouldNotReachHere()
#
# JRE version: 6.0_24-b24
# Java VM: OpenJDK 64-Bit Server VM (20.0-b12 mixed mode linux-amd64 compressed oops)
# Derivative: IcedTea6 1.11.3
# Distribution: Ubuntu 12.04 LTS, package 6b24-1.11.3-1ubuntu0.12.04.1
# If you would like to submit a bug report, please include
# instructions how to reproduce the bug and visit:
#   https://bugs.launchpad.net/ubuntu/+source/openjdk-6/
#

---------------  T H R E A D  ---------------

Current thread (0x00007f9804009800):  JavaThread "Unknown thread" [_thread_in_vm, id=29635, stack(0x00007f980c45c000,0x00007f980c55d000)]

Stack: [0x00007f980c45c000,0x00007f980c55d000],  sp=0x00007f980c55b080,  free space=1020k
Native frames: (J=compiled Java code, j=interpreted, Vv=VM code, C=native code)
V  [libjvm.so+0x7836d5]  VMError::report(outputStream*)+0x1255
V  [libjvm.so+0x783959]  VMError::report_and_die()+0x169
V  [libjvm.so+0x3bb18a]  report_vm_error(char const*, int, char const*, char const*)+0x4a
V  [libjvm.so+0x351555]  ClassFileParser::parseClassFile(symbolHandle, Handle, Handle, KlassHandle, GrowableArray<Handle>*, symbolHandle&, bool, Thread*)+0x1545
V  [libjvm.so+0x3557b3]  ClassLoader::load_classfile(symbolHandle, Thread*)+0x1f3
V  [libjvm.so+0x71b894]  SystemDictionary::load_instance_class(symbolHandle, Handle, Thread*)+0x354
V  [libjvm.so+0x719fa0]  SystemDictionary::resolve_instance_class_or_null(symbolHandle, Handle, Handle, Thread*)+0x7c0
V  [libjvm.so+0x71bf23]  SystemDictionary::resolve_or_fail(symbolHandle, Handle, Handle, bool, Thread*)+0x33
V  [libjvm.so+0x71c004]  SystemDictionary::resolve_or_fail(symbolHandle, bool, Thread*)+0x14
V  [libjvm.so+0x71c0b0]  SystemDictionary::initialize_wk_klass(SystemDictionary::WKID, int, Thread*)+0xa0
V  [libjvm.so+0x71c119]  SystemDictionary::initialize_wk_klasses_until(SystemDictionary::WKID, SystemDictionary::WKID&, Thread*)+0x59
V  [libjvm.so+0x71c211]  SystemDictionary::initialize_preloaded_classes(Thread*)+0x71
V  [libjvm.so+0x75fa8f]  Universe::genesis(Thread*)+0x11f
V  [libjvm.so+0x76043f]  universe2_init()+0x1f
V  [libjvm.so+0x473f25]  init_globals()+0x95
V  [libjvm.so+0x74a3ca]  Threads::create_vm(JavaVMInitArgs*, bool*)+0x1ea
V  [libjvm.so+0x4cdbf1]  JNI_CreateJavaVM+0x61
C  [java+0x317e]  JavaMain+0x7e


---------------  P R O C E S S  ---------------

Java Threads: ( => current thread )

Other Threads:

=>0x00007f9804009800 (exited) JavaThread "Unknown thread" [_thread_in_vm, id=29635, stack(0x00007f980c45c000,0x00007f980c55d000)]

VM state:not at safepoint (not fully initialized)

VM Mutex/Monitor currently owned by a thread: None

Dynamic libraries:
00400000-00409000 r-xp 00000000 08:06 205315                             /usr/lib/jvm/java-6-openjdk-amd64/jre/bin/java
00608000-00609000 r--p 00008000 08:06 205315                             /usr/lib/jvm/java-6-openjdk-amd64/jre/bin/java
00609000-0060a000 rw-p 00009000 08:06 205315                             /usr/lib/jvm/java-6-openjdk-amd64/jre/bin/java
01280000-012a1000 rw-p 00000000 00:00 0                                  [heap]
778e00000-77a2c0000 rw-p 00000000 00:00 0 
77a2c0000-783400000 rw-p 00000000 00:00 0 
783400000-788720000 rw-p 00000000 00:00 0 
788720000-7d66b0000 rw-p 00000000 00:00 0 
7d66b0000-7d9040000 rw-p 00000000 00:00 0 
7d9040000-800000000 rw-p 00000000 00:00 0 
7f97c4000000-7f97c4021000 rw-p 00000000 00:00 0 
7f97c4021000-7f97c8000000 ---p 00000000 00:00 0 
7f97cc000000-7f97cc021000 rw-p 00000000 00:00 0 
7f97cc021000-7f97d0000000 ---p 00000000 00:00 0 
7f97d4000000-7f97d4021000 rw-p 00000000 00:00 0 
7f97d4021000-7f97d8000000 ---p 00000000 00:00 0 
7f97dc000000-7f97dc021000 rw-p 00000000 00:00 0 
7f97dc021000-7f97e0000000 ---p 00000000 00:00 0 
7f97e4000000-7f97e4021000 rw-p 00000000 00:00 0 
7f97e4021000-7f97e8000000 ---p 00000000 00:00 0 
7f97ec000000-7f97ec021000 rw-p 00000000 00:00 0 
7f97ec021000-7f97f0000000 ---p 00000000 00:00 0 
7f97f4000000-7f97f4021000 rw-p 00000000 00:00 0 
7f97f4021000-7f97f8000000 ---p 00000000 00:00 0 
7f97fc000000-7f97fc021000 rw-p 00000000 00:00 0 
7f97fc021000-7f9800000000 ---p 00000000 00:00 0 
7f9800934000-7f98009fa000 r--s 0116f000 00:17 4635111                    /home/grolim/Desktop/adt-bundle-linux-x86_64-20130522/sdk/platforms/android-17/android.jar
7f98009fa000-7f98009fb000 ---p 00000000 00:00 0 
7f98009fb000-7f9800afb000 rw-p 00000000 00:00 0 
7f9800afb000-7f9800afc000 ---p 00000000 00:00 0 
7f9800afc000-7f9800bfc000 rw-p 00000000 00:00 0 
7f9800bfc000-7f9800bfd000 ---p 00000000 00:00 0 
7f9800bfd000-7f9800cfd000 rw-p 00000000 00:00 0 
7f9800cfd000-7f9800cfe000 ---p 00000000 00:00 0 
7f9800cfe000-7f9800dfe000 rw-p 00000000 00:00 0 
7f9800dfe000-7f9800dff000 ---p 00000000 00:00 0 
7f9800dff000-7f9800eff000 rw-p 00000000 00:00 0 
7f9800eff000-7f9800f00000 ---p 00000000 00:00 0 
7f9800f00000-7f9801000000 rw-p 00000000 00:00 0 
7f9801000000-7f9801270000 rwxp 00000000 00:00 0 
7f9801270000-7f9804089000 rw-p 00000000 00:00 0 
7f9804089000-7f9808000000 ---p 00000000 00:00 0 
7f980809f000-7f98080c7000 rw-p 00000000 00:00 0 
7f98080c7000-7f98080c8000 ---p 00000000 00:00 0 
7f98080c8000-7f98081c8000 rw-p 00000000 00:00 0 
7f98081c8000-7f98081c9000 ---p 00000000 00:00 0 
7f98081c9000-7f98082d4000 rw-p 00000000 00:00 0 
7f98082d4000-7f980831c000 rw-p 00000000 00:00 0 
7f980831c000-7f9808346000 rw-p 00000000 00:00 0 
7f9808346000-7f98085b6000 rw-p 00000000 00:00 0 
7f98085b6000-7f98085c1000 rw-p 00000000 00:00 0 
7f98085c1000-7f9808609000 rw-p 00000000 00:00 0 
7f9808609000-7f9808633000 rw-p 00000000 00:00 0 
7f9808633000-7f98088a2000 rw-p 00000000 00:00 0 
7f98088a2000-7f98088b8000 rw-p 00000000 00:00 0 
7f98088b8000-7f98089ef000 rw-p 00000000 00:00 0 
7f98089ef000-7f98089f0000 rw-p 00000000 00:00 0 
7f98089f0000-7f98089f7000 r-xp 00000000 08:06 205291                     /usr/lib/jvm/java-6-openjdk-amd64/jre/lib/amd64/libzip.so
7f98089f7000-7f9808bf6000 ---p 00007000 08:06 205291                     /usr/lib/jvm/java-6-openjdk-amd64/jre/lib/amd64/libzip.so
7f9808bf6000-7f9808bf7000 r--p 00006000 08:06 205291                     /usr/lib/jvm/java-6-openjdk-amd64/jre/lib/amd64/libzip.so
7f9808bf7000-7f9808bf8000 rw-p 00007000 08:06 205291                     /usr/lib/jvm/java-6-openjdk-amd64/jre/lib/amd64/libzip.so
7f9808bf8000-7f9808c04000 r-xp 00000000 08:06 266268                     /lib/x86_64-linux-gnu/libnss_files-2.15.so
7f9808c04000-7f9808e03000 ---p 0000c000 08:06 266268                     /lib/x86_64-linux-gnu/libnss_files-2.15.so
7f9808e03000-7f9808e04000 r--p 0000b000 08:06 266268                     /lib/x86_64-linux-gnu/libnss_files-2.15.so
7f9808e04000-7f9808e05000 rw-p 0000c000 08:06 266268                     /lib/x86_64-linux-gnu/libnss_files-2.15.so
7f9808e05000-7f9808e1c000 r-xp 00000000 08:06 266262                     /lib/x86_64-linux-gnu/libnsl-2.15.so
7f9808e1c000-7f980901b000 ---p 00017000 08:06 266262                     /lib/x86_64-linux-gnu/libnsl-2.15.so
7f980901b000-7f980901c000 r--p 00016000 08:06 266262                     /lib/x86_64-linux-gnu/libnsl-2.15.so
7f980901c000-7f980901d000 rw-p 00017000 08:06 266262                     /lib/x86_64-linux-gnu/libnsl-2.15.so
7f980901d000-7f980901f000 rw-p 00000000 00:00 0 
7f980901f000-7f9809029000 r-xp 00000000 08:06 266272                     /lib/x86_64-linux-gnu/libnss_nis-2.15.so
7f9809029000-7f9809229000 ---p 0000a000 08:06 266272                     /lib/x86_64-linux-gnu/libnss_nis-2.15.so
7f9809229000-7f980922a000 r--p 0000a000 08:06 266272                     /lib/x86_64-linux-gnu/libnss_nis-2.15.so
7f980922a000-7f980922b000 rw-p 0000b000 08:06 266272                     /lib/x86_64-linux-gnu/libnss_nis-2.15.so
7f980922b000-7f980990e000 r--p 00000000 08:06 23677                      /usr/lib/locale/locale-archive
7f980990e000-7f9809911000 r-xp 00000000 08:06 205283                     /usr/lib/jvm/java-6-openjdk-amd64/jre/lib/amd64/libnpt.so
7f9809911000-7f9809b10000 ---p 00003000 08:06 205283                     /usr/lib/jvm/java-6-openjdk-amd64/jre/lib/amd64/libnpt.so
7f9809b10000-7f9809b11000 r--p 00002000 08:06 205283                     /usr/lib/jvm/java-6-openjdk-amd64/jre/lib/amd64/libnpt.so
7f9809b11000-7f9809b12000 rw-p 00003000 08:06 205283                     /usr/lib/jvm/java-6-openjdk-amd64/jre/lib/amd64/libnpt.so
7f9809b12000-7f9809b4c000 r-xp 00000000 08:06 205277                     /usr/lib/jvm/java-6-openjdk-amd64/jre/lib/amd64/libjdwp.so
7f9809b4c000-7f9809d4b000 ---p 0003a000 08:06 205277                     /usr/lib/jvm/java-6-openjdk-amd64/jre/lib/amd64/libjdwp.so
7f9809d4b000-7f9809d4c000 r--p 00039000 08:06 205277                     /usr/lib/jvm/java-6-openjdk-amd64/jre/lib/amd64/libjdwp.so
7f9809d4c000-7f9809d4d000 rw-p 0003a000 08:06 205277                     /usr/lib/jvm/java-6-openjdk-amd64/jre/lib/amd64/libjdwp.so
7f9809d4d000-7f9809d79000 r-xp 00000000 08:06 205271                     /usr/lib/jvm/java-6-openjdk-amd64/jre/lib/amd64/libjava.so
7f9809d79000-7f9809f78000 ---p 0002c000 08:06 205271                     /usr/lib/jvm/java-6-openjdk-amd64/jre/lib/amd64/libjava.so
7f9809f78000-7f9809f79000 r--p 0002b000 08:06 205271                     /usr/lib/jvm/java-6-openjdk-amd64/jre/lib/amd64/libjava.so
7f9809f79000-7f9809f7c000 rw-p 0002c000 08:06 205271                     /usr/lib/jvm/java-6-openjdk-amd64/jre/lib/amd64/libjava.so
7f9809f7c000-7f9809f8a000 r-xp 00000000 08:06 205282                     /usr/lib/jvm/java-6-openjdk-amd64/jre/lib/amd64/libverify.so
7f9809f8a000-7f980a189000 ---p 0000e000 08:06 205282                     /usr/lib/jvm/java-6-openjdk-amd64/jre/lib/amd64/libverify.so
7f980a189000-7f980a18b000 r--p 0000d000 08:06 205282                     /usr/lib/jvm/java-6-openjdk-amd64/jre/lib/amd64/libverify.so
7f980a18b000-7f980a18c000 rw-p 0000f000 08:06 205282                     /usr/lib/jvm/java-6-openjdk-amd64/jre/lib/amd64/libverify.so
7f980a18c000-7f980a193000 r-xp 00000000 08:06 266303                     /lib/x86_64-linux-gnu/librt-2.15.so
7f980a193000-7f980a392000 ---p 00007000 08:06 266303                     /lib/x86_64-linux-gnu/librt-2.15.so
7f980a392000-7f980a393000 r--p 00006000 08:06 266303                     /lib/x86_64-linux-gnu/librt-2.15.so
7f980a393000-7f980a394000 rw-p 00007000 08:06 266303                     /lib/x86_64-linux-gnu/librt-2.15.so
7f980a394000-7f980a3a9000 r-xp 00000000 08:06 266238                     /lib/x86_64-linux-gnu/libgcc_s.so.1
7f980a3a9000-7f980a5a8000 ---p 00015000 08:06 266238                     /lib/x86_64-linux-gnu/libgcc_s.so.1
7f980a5a8000-7f980a5a9000 r--p 00014000 08:06 266238                     /lib/x86_64-linux-gnu/libgcc_s.so.1
7f980a5a9000-7f980a5aa000 rw-p 00015000 08:06 266238                     /lib/x86_64-linux-gnu/libgcc_s.so.1
7f980a5aa000-7f980a6a3000 r-xp 00000000 08:06 266249                     /lib/x86_64-linux-gnu/libm-2.15.so
7f980a6a3000-7f980a8a2000 ---p 000f9000 08:06 266249                     /lib/x86_64-linux-gnu/libm-2.15.so
7f980a8a2000-7f980a8a3000 r--p 000f8000 08:06 266249                     /lib/x86_64-linux-gnu/libm-2.15.so
7f980a8a3000-7f980a8a4000 rw-p 000f9000 08:06 266249                     /lib/x86_64-linux-gnu/libm-2.15.so
7f980a8a4000-7f980a986000 r-xp 00000000 08:06 24722                      /usr/lib/x86_64-linux-gnu/libstdc++.so.6.0.16
7f980a986000-7f980ab85000 ---p 000e2000 08:06 24722                      /usr/lib/x86_64-linux-gnu/libstdc++.so.6.0.16
7f980ab85000-7f980ab8d000 r--p 000e1000 08:06 24722                      /usr/lib/x86_64-linux-gnu/libstdc++.so.6.0.16
7f980ab8d000-7f980ab8f000 rw-p 000e9000 08:06 24722                      /usr/lib/x86_64-linux-gnu/libstdc++.so.6.0.16
7f980ab8f000-7f980aba4000 rw-p 00000000 00:00 0 
7f980aba4000-7f980b4a8000 r-xp 00000000 08:06 205267                     /usr/lib/jvm/java-6-openjdk-amd64/jre/lib/amd64/server/libjvm.so
7f980b4a8000-7f980b6a8000 ---p 00904000 08:06 205267                     /usr/lib/jvm/java-6-openjdk-amd64/jre/lib/amd64/server/libjvm.so
7f980b6a8000-7f980b728000 r--p 00904000 08:06 205267                     /usr/lib/jvm/java-6-openjdk-amd64/jre/lib/amd64/server/libjvm.so
7f980b728000-7f980b743000 rw-p 00984000 08:06 205267                     /usr/lib/jvm/java-6-openjdk-amd64/jre/lib/amd64/server/libjvm.so
7f980b743000-7f980b76c000 rw-p 00000000 00:00 0 
7f980b76c000-7f980b782000 r-xp 00000000 08:06 266328                     /lib/x86_64-linux-gnu/libz.so.1.2.3.4
7f980b782000-7f980b981000 ---p 00016000 08:06 266328                     /lib/x86_64-linux-gnu/libz.so.1.2.3.4
7f980b981000-7f980b982000 r--p 00015000 08:06 266328                     /lib/x86_64-linux-gnu/libz.so.1.2.3.4
7f980b982000-7f980b983000 rw-p 00016000 08:06 266328                     /lib/x86_64-linux-gnu/libz.so.1.2.3.4
7f980b983000-7f980bb36000 r-xp 00000000 08:06 266217                     /lib/x86_64-linux-gnu/libc-2.15.so
7f980bb36000-7f980bd35000 ---p 001b3000 08:06 266217                     /lib/x86_64-linux-gnu/libc-2.15.so
7f980bd35000-7f980bd39000 r--p 001b2000 08:06 266217                     /lib/x86_64-linux-gnu/libc-2.15.so
7f980bd39000-7f980bd3b000 rw-p 001b6000 08:06 266217                     /lib/x86_64-linux-gnu/libc-2.15.so
7f980bd3b000-7f980bd40000 rw-p 00000000 00:00 0 
7f980bd40000-7f980bd42000 r-xp 00000000 08:06 266230                     /lib/x86_64-linux-gnu/libdl-2.15.so
7f980bd42000-7f980bf42000 ---p 00002000 08:06 266230                     /lib/x86_64-linux-gnu/libdl-2.15.so
7f980bf42000-7f980bf43000 r--p 00002000 08:06 266230                     /lib/x86_64-linux-gnu/libdl-2.15.so
7f980bf43000-7f980bf44000 rw-p 00003000 08:06 266230                     /lib/x86_64-linux-gnu/libdl-2.15.so
7f980bf44000-7f980bf48000 r-xp 00000000 08:06 205273                     /usr/lib/jvm/java-6-openjdk-amd64/jre/lib/amd64/jli/libjli.so
7f980bf48000-7f980c147000 ---p 00004000 08:06 205273                     /usr/lib/jvm/java-6-openjdk-amd64/jre/lib/amd64/jli/libjli.so
7f980c147000-7f980c148000 r--p 00003000 08:06 205273                     /usr/lib/jvm/java-6-openjdk-amd64/jre/lib/amd64/jli/libjli.so
7f980c148000-7f980c149000 rw-p 00004000 08:06 205273                     /usr/lib/jvm/java-6-openjdk-amd64/jre/lib/amd64/jli/libjli.so
7f980c149000-7f980c161000 r-xp 00000000 08:06 266297                     /lib/x86_64-linux-gnu/libpthread-2.15.so
7f980c161000-7f980c360000 ---p 00018000 08:06 266297                     /lib/x86_64-linux-gnu/libpthread-2.15.so
7f980c360000-7f980c361000 r--p 00017000 08:06 266297                     /lib/x86_64-linux-gnu/libpthread-2.15.so
7f980c361000-7f980c362000 rw-p 00018000 08:06 266297                     /lib/x86_64-linux-gnu/libpthread-2.15.so
7f980c362000-7f980c366000 rw-p 00000000 00:00 0 
7f980c366000-7f980c388000 r-xp 00000000 08:06 266197                     /lib/x86_64-linux-gnu/ld-2.15.so
7f980c39c000-7f980c3a6000 rw-p 00000000 00:00 0 
7f980c3a6000-7f980c45c000 rw-p 00000000 00:00 0 
7f980c45c000-7f980c45f000 ---p 00000000 00:00 0 
7f980c45f000-7f980c562000 rw-p 00000000 00:00 0 
7f980c57c000-7f980c584000 rw-s 00000000 08:06 930398                     /tmp/hsperfdata_grolim/29634
7f980c584000-7f980c585000 rw-p 00000000 00:00 0 
7f980c585000-7f980c586000 r--p 00000000 00:00 0 
7f980c586000-7f980c588000 rw-p 00000000 00:00 0 
7f980c588000-7f980c589000 r--p 00022000 08:06 266197                     /lib/x86_64-linux-gnu/ld-2.15.so
7f980c589000-7f980c58b000 rw-p 00023000 08:06 266197                     /lib/x86_64-linux-gnu/ld-2.15.so
7fff5614d000-7fff5616e000 rw-p 00000000 00:00 0                          [stack]
7fff561ff000-7fff56200000 r-xp 00000000 00:00 0                          [vdso]
ffffffffff600000-ffffffffff601000 r-xp 00000000 00:00 0                  [vsyscall]

VM Arguments:
jvm_args: -agentlib:jdwp=transport=dt_socket,suspend=y,address=localhost:34593 -Dfile.encoding=UTF-8 -Xbootclasspath:/home/grolim/Desktop/adt-bundle-linux-x86_64-20130522/sdk/platforms/android-17/android.jar 
java_command: uff.br.infouffdtn.ListLinks
Launcher Type: SUN_STANDARD

Environment Variables:
PATH=/usr/lib/lightdm/lightdm:/usr/local/sbin:/usr/local/bin:/usr/sbin:/usr/bin:/sbin:/bin:/usr/games
LD_LIBRARY_PATH=/usr/lib/jvm/java-6-openjdk-amd64/jre/lib/amd64/server:/usr/lib/jvm/java-6-openjdk-amd64/jre/lib/amd64:/usr/lib/jvm/java-6-openjdk-amd64/jre/../lib/amd64
SHELL=/bin/bash
DISPLAY=:1.0

Signal Handlers:
SIGSEGV: [libjvm.so+0x784310], sa_mask[0]=0x7ffbfeff, sa_flags=0x10000004
SIGBUS: [libjvm.so+0x784310], sa_mask[0]=0x7ffbfeff, sa_flags=0x10000004
SIGFPE: [libjvm.so+0x648580], sa_mask[0]=0x7ffbfeff, sa_flags=0x10000004
SIGPIPE: [libjvm.so+0x648580], sa_mask[0]=0x7ffbfeff, sa_flags=0x10000004
SIGXFSZ: [libjvm.so+0x648580], sa_mask[0]=0x7ffbfeff, sa_flags=0x10000004
SIGILL: [libjvm.so+0x648580], sa_mask[0]=0x7ffbfeff, sa_flags=0x10000004
SIGUSR1: SIG_DFL, sa_mask[0]=0x00000000, sa_flags=0x00000000
SIGUSR2: [libjvm.so+0x648730], sa_mask[0]=0x00000004, sa_flags=0x10000004
SIGHUP: SIG_DFL, sa_mask[0]=0x00000000, sa_flags=0x00000000
SIGINT: SIG_DFL, sa_mask[0]=0x00000000, sa_flags=0x00000000
SIGTERM: SIG_DFL, sa_mask[0]=0x00000000, sa_flags=0x00000000
SIGQUIT: SIG_DFL, sa_mask[0]=0x00000000, sa_flags=0x00000000


---------------  S Y S T E M  ---------------

OS:Ubuntu 12.04 (precise)
uname:Linux 3.2.0-27-generic #43-Ubuntu SMP Fri Jul 6 14:25:57 UTC 2012 x86_64
libc:glibc 2.15 NPTL 2.15 
rlimit: STACK 8192k, CORE 0k, NPROC 63677, NOFILE 4096, AS infinity
load average:0.96 0.80 0.78

/proc/meminfo:
MemTotal:        8168344 kB
MemFree:         2394976 kB
Buffers:          138932 kB
Cached:          3021604 kB
SwapCached:           48 kB
Active:          4195356 kB
Inactive:        1172744 kB
Active(anon):    1966576 kB
Inactive(anon):   244180 kB
Active(file):    2228780 kB
Inactive(file):   928564 kB
Unevictable:          28 kB
Mlocked:              28 kB
SwapTotal:        899068 kB
SwapFree:         898800 kB
Dirty:                92 kB
Writeback:             0 kB
AnonPages:       2207920 kB
Mapped:           180052 kB
Shmem:              3188 kB
Slab:             212444 kB
SReclaimable:     163896 kB
SUnreclaim:        48548 kB
KernelStack:        4864 kB
PageTables:        46700 kB
NFS_Unstable:        164 kB
Bounce:                0 kB
WritebackTmp:          0 kB
CommitLimit:     4983240 kB
Committed_AS:    5506144 kB
VmallocTotal:   34359738367 kB
VmallocUsed:      323512 kB
VmallocChunk:   34359411196 kB
HardwareCorrupted:     0 kB
AnonHugePages:         0 kB
HugePages_Total:       0
HugePages_Free:        0
HugePages_Rsvd:        0
HugePages_Surp:        0
Hugepagesize:       2048 kB
DirectMap4k:      946176 kB
DirectMap2M:     7434240 kB


CPU:total 8 (4 cores per cpu, 2 threads per core) family 6 model 42 stepping 7, cmov, cx8, fxsr, mmx, sse, sse2, sse3, ssse3, sse4.1, sse4.2, popcnt, ht

Memory: 4k page, physical 8168344k(2394976k free), swap 899068k(898800k free)

vm_info: OpenJDK 64-Bit Server VM (20.0-b12) for linux-amd64 JRE (1.6.0_24-b24), built on Jun 27 2012 02:37:21 by "buildd" with gcc 4.6.3

time: Fri Aug  2 14:34:08 2013
elapsed time: 0 seconds

