#
# A fatal error has been detected by the Java Runtime Environment:
#
#  Internal Error (classFileParser.cpp:3494), pid=28914, tid=140432046204672
#  Error: ShouldNotReachHere()
#
# JRE version: 6.0_24-b24
# Java VM: OpenJDK 64-Bit Server VM (20.0-b12 mixed mode linux-amd64 compressed oops)
# Derivative: IcedTea6 1.11.3
# Distribution: Ubuntu 12.04 LTS, package 6b24-1.11.3-1ubuntu0.12.04.1
# If you would like to submit a bug report, please include
# instructions how to reproduce the bug and visit:
#   https://bugs.launchpad.net/ubuntu/+source/openjdk-6/
#

---------------  T H R E A D  ---------------

Current thread (0x00007fb8dc007800):  JavaThread "Unknown thread" [_thread_in_vm, id=28915, stack(0x00007fb8e22aa000,0x00007fb8e23ab000)]

Stack: [0x00007fb8e22aa000,0x00007fb8e23ab000],  sp=0x00007fb8e23a9080,  free space=1020k
Native frames: (J=compiled Java code, j=interpreted, Vv=VM code, C=native code)
V  [libjvm.so+0x7836d5]  VMError::report(outputStream*)+0x1255
V  [libjvm.so+0x783959]  VMError::report_and_die()+0x169
V  [libjvm.so+0x3bb18a]  report_vm_error(char const*, int, char const*, char const*)+0x4a
V  [libjvm.so+0x351555]  ClassFileParser::parseClassFile(symbolHandle, Handle, Handle, KlassHandle, GrowableArray<Handle>*, symbolHandle&, bool, Thread*)+0x1545
V  [libjvm.so+0x3557b3]  ClassLoader::load_classfile(symbolHandle, Thread*)+0x1f3
V  [libjvm.so+0x71b894]  SystemDictionary::load_instance_class(symbolHandle, Handle, Thread*)+0x354
V  [libjvm.so+0x719fa0]  SystemDictionary::resolve_instance_class_or_null(symbolHandle, Handle, Handle, Thread*)+0x7c0
V  [libjvm.so+0x71bf23]  SystemDictionary::resolve_or_fail(symbolHandle, Handle, Handle, bool, Thread*)+0x33
V  [libjvm.so+0x71c004]  SystemDictionary::resolve_or_fail(symbolHandle, bool, Thread*)+0x14
V  [libjvm.so+0x71c0b0]  SystemDictionary::initialize_wk_klass(SystemDictionary::WKID, int, Thread*)+0xa0
V  [libjvm.so+0x71c119]  SystemDictionary::initialize_wk_klasses_until(SystemDictionary::WKID, SystemDictionary::WKID&, Thread*)+0x59
V  [libjvm.so+0x71c211]  SystemDictionary::initialize_preloaded_classes(Thread*)+0x71
V  [libjvm.so+0x75fa8f]  Universe::genesis(Thread*)+0x11f
V  [libjvm.so+0x76043f]  universe2_init()+0x1f
V  [libjvm.so+0x473f25]  init_globals()+0x95
V  [libjvm.so+0x74a3ca]  Threads::create_vm(JavaVMInitArgs*, bool*)+0x1ea
V  [libjvm.so+0x4cdbf1]  JNI_CreateJavaVM+0x61
C  [java+0x317e]  JavaMain+0x7e


---------------  P R O C E S S  ---------------

Java Threads: ( => current thread )

Other Threads:

=>0x00007fb8dc007800 (exited) JavaThread "Unknown thread" [_thread_in_vm, id=28915, stack(0x00007fb8e22aa000,0x00007fb8e23ab000)]

VM state:not at safepoint (not fully initialized)

VM Mutex/Monitor currently owned by a thread: None

Dynamic libraries:
00400000-00409000 r-xp 00000000 08:06 205315                             /usr/lib/jvm/java-6-openjdk-amd64/jre/bin/java
00608000-00609000 r--p 00008000 08:06 205315                             /usr/lib/jvm/java-6-openjdk-amd64/jre/bin/java
00609000-0060a000 rw-p 00009000 08:06 205315                             /usr/lib/jvm/java-6-openjdk-amd64/jre/bin/java
00b8f000-00bb0000 rw-p 00000000 00:00 0                                  [heap]
778e00000-77a2c0000 rw-p 00000000 00:00 0 
77a2c0000-783400000 rw-p 00000000 00:00 0 
783400000-788720000 rw-p 00000000 00:00 0 
788720000-7d66b0000 rw-p 00000000 00:00 0 
7d66b0000-7d9040000 rw-p 00000000 00:00 0 
7d9040000-800000000 rw-p 00000000 00:00 0 
7fb898000000-7fb898021000 rw-p 00000000 00:00 0 
7fb898021000-7fb89c000000 ---p 00000000 00:00 0 
7fb8a0000000-7fb8a0021000 rw-p 00000000 00:00 0 
7fb8a0021000-7fb8a4000000 ---p 00000000 00:00 0 
7fb8a8000000-7fb8a8021000 rw-p 00000000 00:00 0 
7fb8a8021000-7fb8ac000000 ---p 00000000 00:00 0 
7fb8b0000000-7fb8b0021000 rw-p 00000000 00:00 0 
7fb8b0021000-7fb8b4000000 ---p 00000000 00:00 0 
7fb8b8000000-7fb8b8021000 rw-p 00000000 00:00 0 
7fb8b8021000-7fb8bc000000 ---p 00000000 00:00 0 
7fb8c0000000-7fb8c0021000 rw-p 00000000 00:00 0 
7fb8c0021000-7fb8c4000000 ---p 00000000 00:00 0 
7fb8c8000000-7fb8c8021000 rw-p 00000000 00:00 0 
7fb8c8021000-7fb8cc000000 ---p 00000000 00:00 0 
7fb8d0000000-7fb8d0021000 rw-p 00000000 00:00 0 
7fb8d0021000-7fb8d4000000 ---p 00000000 00:00 0 
7fb8d72dd000-7fb8d73a3000 r--s 0116f000 00:17 4635111                    /home/grolim/Desktop/adt-bundle-linux-x86_64-20130522/sdk/platforms/android-17/android.jar
7fb8d73a3000-7fb8d73a4000 ---p 00000000 00:00 0 
7fb8d73a4000-7fb8d74a4000 rw-p 00000000 00:00 0 
7fb8d74a4000-7fb8d74a5000 ---p 00000000 00:00 0 
7fb8d74a5000-7fb8d75a5000 rw-p 00000000 00:00 0 
7fb8d75a5000-7fb8d75a6000 ---p 00000000 00:00 0 
7fb8d75a6000-7fb8d76a6000 rw-p 00000000 00:00 0 
7fb8d76a6000-7fb8d76a7000 ---p 00000000 00:00 0 
7fb8d76a7000-7fb8d77a7000 rw-p 00000000 00:00 0 
7fb8d77a7000-7fb8d77a8000 ---p 00000000 00:00 0 
7fb8d77a8000-7fb8d78a8000 rw-p 00000000 00:00 0 
7fb8d78a8000-7fb8d78a9000 ---p 00000000 00:00 0 
7fb8d78a9000-7fb8d79a9000 rw-p 00000000 00:00 0 
7fb8d79a9000-7fb8d79aa000 ---p 00000000 00:00 0 
7fb8d79aa000-7fb8d7ad4000 rw-p 00000000 00:00 0 
7fb8d7ad4000-7fb8d7d44000 rw-p 00000000 00:00 0 
7fb8d7d44000-7fb8d7d4f000 rw-p 00000000 00:00 0 
7fb8d7d4f000-7fb8d7d97000 rw-p 00000000 00:00 0 
7fb8d7d97000-7fb8d7dc1000 rw-p 00000000 00:00 0 
7fb8d7dc1000-7fb8d8030000 rw-p 00000000 00:00 0 
7fb8d8030000-7fb8d8046000 rw-p 00000000 00:00 0 
7fb8d8046000-7fb8d817d000 rw-p 00000000 00:00 0 
7fb8d817d000-7fb8d817e000 rw-p 00000000 00:00 0 
7fb8d817e000-7fb8d83ee000 rwxp 00000000 00:00 0 
7fb8d83ee000-7fb8db17e000 rw-p 00000000 00:00 0 
7fb8db17e000-7fb8db185000 r-xp 00000000 08:06 205291                     /usr/lib/jvm/java-6-openjdk-amd64/jre/lib/amd64/libzip.so
7fb8db185000-7fb8db384000 ---p 00007000 08:06 205291                     /usr/lib/jvm/java-6-openjdk-amd64/jre/lib/amd64/libzip.so
7fb8db384000-7fb8db385000 r--p 00006000 08:06 205291                     /usr/lib/jvm/java-6-openjdk-amd64/jre/lib/amd64/libzip.so
7fb8db385000-7fb8db386000 rw-p 00007000 08:06 205291                     /usr/lib/jvm/java-6-openjdk-amd64/jre/lib/amd64/libzip.so
7fb8db386000-7fb8db392000 r-xp 00000000 08:06 266268                     /lib/x86_64-linux-gnu/libnss_files-2.15.so
7fb8db392000-7fb8db591000 ---p 0000c000 08:06 266268                     /lib/x86_64-linux-gnu/libnss_files-2.15.so
7fb8db591000-7fb8db592000 r--p 0000b000 08:06 266268                     /lib/x86_64-linux-gnu/libnss_files-2.15.so
7fb8db592000-7fb8db593000 rw-p 0000c000 08:06 266268                     /lib/x86_64-linux-gnu/libnss_files-2.15.so
7fb8db593000-7fb8db5aa000 r-xp 00000000 08:06 266262                     /lib/x86_64-linux-gnu/libnsl-2.15.so
7fb8db5aa000-7fb8db7a9000 ---p 00017000 08:06 266262                     /lib/x86_64-linux-gnu/libnsl-2.15.so
7fb8db7a9000-7fb8db7aa000 r--p 00016000 08:06 266262                     /lib/x86_64-linux-gnu/libnsl-2.15.so
7fb8db7aa000-7fb8db7ab000 rw-p 00017000 08:06 266262                     /lib/x86_64-linux-gnu/libnsl-2.15.so
7fb8db7ab000-7fb8db7ad000 rw-p 00000000 00:00 0 
7fb8db7ad000-7fb8db7b7000 r-xp 00000000 08:06 266272                     /lib/x86_64-linux-gnu/libnss_nis-2.15.so
7fb8db7b7000-7fb8db9b7000 ---p 0000a000 08:06 266272                     /lib/x86_64-linux-gnu/libnss_nis-2.15.so
7fb8db9b7000-7fb8db9b8000 r--p 0000a000 08:06 266272                     /lib/x86_64-linux-gnu/libnss_nis-2.15.so
7fb8db9b8000-7fb8db9b9000 rw-p 0000b000 08:06 266272                     /lib/x86_64-linux-gnu/libnss_nis-2.15.so
7fb8db9b9000-7fb8db9e5000 r-xp 00000000 08:06 205271                     /usr/lib/jvm/java-6-openjdk-amd64/jre/lib/amd64/libjava.so
7fb8db9e5000-7fb8dbbe4000 ---p 0002c000 08:06 205271                     /usr/lib/jvm/java-6-openjdk-amd64/jre/lib/amd64/libjava.so
7fb8dbbe4000-7fb8dbbe5000 r--p 0002b000 08:06 205271                     /usr/lib/jvm/java-6-openjdk-amd64/jre/lib/amd64/libjava.so
7fb8dbbe5000-7fb8dbbe8000 rw-p 0002c000 08:06 205271                     /usr/lib/jvm/java-6-openjdk-amd64/jre/lib/amd64/libjava.so
7fb8dbbe8000-7fb8dbbf6000 r-xp 00000000 08:06 205282                     /usr/lib/jvm/java-6-openjdk-amd64/jre/lib/amd64/libverify.so
7fb8dbbf6000-7fb8dbdf5000 ---p 0000e000 08:06 205282                     /usr/lib/jvm/java-6-openjdk-amd64/jre/lib/amd64/libverify.so
7fb8dbdf5000-7fb8dbdf7000 r--p 0000d000 08:06 205282                     /usr/lib/jvm/java-6-openjdk-amd64/jre/lib/amd64/libverify.so
7fb8dbdf7000-7fb8dbdf8000 rw-p 0000f000 08:06 205282                     /usr/lib/jvm/java-6-openjdk-amd64/jre/lib/amd64/libverify.so
7fb8dbdf8000-7fb8dbdff000 r-xp 00000000 08:06 266303                     /lib/x86_64-linux-gnu/librt-2.15.so
7fb8dbdff000-7fb8dbffe000 ---p 00007000 08:06 266303                     /lib/x86_64-linux-gnu/librt-2.15.so
7fb8dbffe000-7fb8dbfff000 r--p 00006000 08:06 266303                     /lib/x86_64-linux-gnu/librt-2.15.so
7fb8dbfff000-7fb8dc000000 rw-p 00007000 08:06 266303                     /lib/x86_64-linux-gnu/librt-2.15.so
7fb8dc000000-7fb8dc086000 rw-p 00000000 00:00 0 
7fb8dc086000-7fb8e0000000 ---p 00000000 00:00 0 
7fb8e0066000-7fb8e008e000 rw-p 00000000 00:00 0 
7fb8e008e000-7fb8e008f000 ---p 00000000 00:00 0 
7fb8e008f000-7fb8e019a000 rw-p 00000000 00:00 0 
7fb8e019a000-7fb8e01e2000 rw-p 00000000 00:00 0 
7fb8e01e2000-7fb8e01f7000 r-xp 00000000 08:06 266238                     /lib/x86_64-linux-gnu/libgcc_s.so.1
7fb8e01f7000-7fb8e03f6000 ---p 00015000 08:06 266238                     /lib/x86_64-linux-gnu/libgcc_s.so.1
7fb8e03f6000-7fb8e03f7000 r--p 00014000 08:06 266238                     /lib/x86_64-linux-gnu/libgcc_s.so.1
7fb8e03f7000-7fb8e03f8000 rw-p 00015000 08:06 266238                     /lib/x86_64-linux-gnu/libgcc_s.so.1
7fb8e03f8000-7fb8e04f1000 r-xp 00000000 08:06 266249                     /lib/x86_64-linux-gnu/libm-2.15.so
7fb8e04f1000-7fb8e06f0000 ---p 000f9000 08:06 266249                     /lib/x86_64-linux-gnu/libm-2.15.so
7fb8e06f0000-7fb8e06f1000 r--p 000f8000 08:06 266249                     /lib/x86_64-linux-gnu/libm-2.15.so
7fb8e06f1000-7fb8e06f2000 rw-p 000f9000 08:06 266249                     /lib/x86_64-linux-gnu/libm-2.15.so
7fb8e06f2000-7fb8e07d4000 r-xp 00000000 08:06 24722                      /usr/lib/x86_64-linux-gnu/libstdc++.so.6.0.16
7fb8e07d4000-7fb8e09d3000 ---p 000e2000 08:06 24722                      /usr/lib/x86_64-linux-gnu/libstdc++.so.6.0.16
7fb8e09d3000-7fb8e09db000 r--p 000e1000 08:06 24722                      /usr/lib/x86_64-linux-gnu/libstdc++.so.6.0.16
7fb8e09db000-7fb8e09dd000 rw-p 000e9000 08:06 24722                      /usr/lib/x86_64-linux-gnu/libstdc++.so.6.0.16
7fb8e09dd000-7fb8e09f2000 rw-p 00000000 00:00 0 
7fb8e09f2000-7fb8e12f6000 r-xp 00000000 08:06 205267                     /usr/lib/jvm/java-6-openjdk-amd64/jre/lib/amd64/server/libjvm.so
7fb8e12f6000-7fb8e14f6000 ---p 00904000 08:06 205267                     /usr/lib/jvm/java-6-openjdk-amd64/jre/lib/amd64/server/libjvm.so
7fb8e14f6000-7fb8e1576000 r--p 00904000 08:06 205267                     /usr/lib/jvm/java-6-openjdk-amd64/jre/lib/amd64/server/libjvm.so
7fb8e1576000-7fb8e1591000 rw-p 00984000 08:06 205267                     /usr/lib/jvm/java-6-openjdk-amd64/jre/lib/amd64/server/libjvm.so
7fb8e1591000-7fb8e15ba000 rw-p 00000000 00:00 0 
7fb8e15ba000-7fb8e15d0000 r-xp 00000000 08:06 266328                     /lib/x86_64-linux-gnu/libz.so.1.2.3.4
7fb8e15d0000-7fb8e17cf000 ---p 00016000 08:06 266328                     /lib/x86_64-linux-gnu/libz.so.1.2.3.4
7fb8e17cf000-7fb8e17d0000 r--p 00015000 08:06 266328                     /lib/x86_64-linux-gnu/libz.so.1.2.3.4
7fb8e17d0000-7fb8e17d1000 rw-p 00016000 08:06 266328                     /lib/x86_64-linux-gnu/libz.so.1.2.3.4
7fb8e17d1000-7fb8e1984000 r-xp 00000000 08:06 266217                     /lib/x86_64-linux-gnu/libc-2.15.so
7fb8e1984000-7fb8e1b83000 ---p 001b3000 08:06 266217                     /lib/x86_64-linux-gnu/libc-2.15.so
7fb8e1b83000-7fb8e1b87000 r--p 001b2000 08:06 266217                     /lib/x86_64-linux-gnu/libc-2.15.so
7fb8e1b87000-7fb8e1b89000 rw-p 001b6000 08:06 266217                     /lib/x86_64-linux-gnu/libc-2.15.so
7fb8e1b89000-7fb8e1b8e000 rw-p 00000000 00:00 0 
7fb8e1b8e000-7fb8e1b90000 r-xp 00000000 08:06 266230                     /lib/x86_64-linux-gnu/libdl-2.15.so
7fb8e1b90000-7fb8e1d90000 ---p 00002000 08:06 266230                     /lib/x86_64-linux-gnu/libdl-2.15.so
7fb8e1d90000-7fb8e1d91000 r--p 00002000 08:06 266230                     /lib/x86_64-linux-gnu/libdl-2.15.so
7fb8e1d91000-7fb8e1d92000 rw-p 00003000 08:06 266230                     /lib/x86_64-linux-gnu/libdl-2.15.so
7fb8e1d92000-7fb8e1d96000 r-xp 00000000 08:06 205273                     /usr/lib/jvm/java-6-openjdk-amd64/jre/lib/amd64/jli/libjli.so
7fb8e1d96000-7fb8e1f95000 ---p 00004000 08:06 205273                     /usr/lib/jvm/java-6-openjdk-amd64/jre/lib/amd64/jli/libjli.so
7fb8e1f95000-7fb8e1f96000 r--p 00003000 08:06 205273                     /usr/lib/jvm/java-6-openjdk-amd64/jre/lib/amd64/jli/libjli.so
7fb8e1f96000-7fb8e1f97000 rw-p 00004000 08:06 205273                     /usr/lib/jvm/java-6-openjdk-amd64/jre/lib/amd64/jli/libjli.so
7fb8e1f97000-7fb8e1faf000 r-xp 00000000 08:06 266297                     /lib/x86_64-linux-gnu/libpthread-2.15.so
7fb8e1faf000-7fb8e21ae000 ---p 00018000 08:06 266297                     /lib/x86_64-linux-gnu/libpthread-2.15.so
7fb8e21ae000-7fb8e21af000 r--p 00017000 08:06 266297                     /lib/x86_64-linux-gnu/libpthread-2.15.so
7fb8e21af000-7fb8e21b0000 rw-p 00018000 08:06 266297                     /lib/x86_64-linux-gnu/libpthread-2.15.so
7fb8e21b0000-7fb8e21b4000 rw-p 00000000 00:00 0 
7fb8e21b4000-7fb8e21d6000 r-xp 00000000 08:06 266197                     /lib/x86_64-linux-gnu/ld-2.15.so
7fb8e21ea000-7fb8e21f4000 rw-p 00000000 00:00 0 
7fb8e21f4000-7fb8e22aa000 rw-p 00000000 00:00 0 
7fb8e22aa000-7fb8e22ad000 ---p 00000000 00:00 0 
7fb8e22ad000-7fb8e23b0000 rw-p 00000000 00:00 0 
7fb8e23ca000-7fb8e23d2000 rw-s 00000000 08:06 930398                     /tmp/hsperfdata_grolim/28914
7fb8e23d2000-7fb8e23d3000 rw-p 00000000 00:00 0 
7fb8e23d3000-7fb8e23d4000 r--p 00000000 00:00 0 
7fb8e23d4000-7fb8e23d6000 rw-p 00000000 00:00 0 
7fb8e23d6000-7fb8e23d7000 r--p 00022000 08:06 266197                     /lib/x86_64-linux-gnu/ld-2.15.so
7fb8e23d7000-7fb8e23d9000 rw-p 00023000 08:06 266197                     /lib/x86_64-linux-gnu/ld-2.15.so
7fff2c511000-7fff2c532000 rw-p 00000000 00:00 0                          [stack]
7fff2c5ff000-7fff2c600000 r-xp 00000000 00:00 0                          [vdso]
ffffffffff600000-ffffffffff601000 r-xp 00000000 00:00 0                  [vsyscall]

VM Arguments:
jvm_args: -Dfile.encoding=UTF-8 -Xbootclasspath:/home/grolim/Desktop/adt-bundle-linux-x86_64-20130522/sdk/platforms/android-17/android.jar 
java_command: uff.br.infouffdtn.ListLinks
Launcher Type: SUN_STANDARD

Environment Variables:
PATH=/usr/lib/lightdm/lightdm:/usr/local/sbin:/usr/local/bin:/usr/sbin:/usr/bin:/sbin:/bin:/usr/games
LD_LIBRARY_PATH=/usr/lib/jvm/java-6-openjdk-amd64/jre/lib/amd64/server:/usr/lib/jvm/java-6-openjdk-amd64/jre/lib/amd64:/usr/lib/jvm/java-6-openjdk-amd64/jre/../lib/amd64
SHELL=/bin/bash
DISPLAY=:1.0

Signal Handlers:
SIGSEGV: [libjvm.so+0x784310], sa_mask[0]=0x7ffbfeff, sa_flags=0x10000004
SIGBUS: [libjvm.so+0x784310], sa_mask[0]=0x7ffbfeff, sa_flags=0x10000004
SIGFPE: [libjvm.so+0x648580], sa_mask[0]=0x7ffbfeff, sa_flags=0x10000004
SIGPIPE: [libjvm.so+0x648580], sa_mask[0]=0x7ffbfeff, sa_flags=0x10000004
SIGXFSZ: [libjvm.so+0x648580], sa_mask[0]=0x7ffbfeff, sa_flags=0x10000004
SIGILL: [libjvm.so+0x648580], sa_mask[0]=0x7ffbfeff, sa_flags=0x10000004
SIGUSR1: SIG_DFL, sa_mask[0]=0x00000000, sa_flags=0x00000000
SIGUSR2: [libjvm.so+0x648730], sa_mask[0]=0x00000004, sa_flags=0x10000004
SIGHUP: SIG_DFL, sa_mask[0]=0x00000000, sa_flags=0x00000000
SIGINT: SIG_DFL, sa_mask[0]=0x00000000, sa_flags=0x00000000
SIGTERM: SIG_DFL, sa_mask[0]=0x00000000, sa_flags=0x00000000
SIGQUIT: SIG_DFL, sa_mask[0]=0x00000000, sa_flags=0x00000000


---------------  S Y S T E M  ---------------

OS:Ubuntu 12.04 (precise)
uname:Linux 3.2.0-27-generic #43-Ubuntu SMP Fri Jul 6 14:25:57 UTC 2012 x86_64
libc:glibc 2.15 NPTL 2.15 
rlimit: STACK 8192k, CORE 0k, NPROC 63677, NOFILE 4096, AS infinity
load average:0.62 0.73 0.76

/proc/meminfo:
MemTotal:        8168344 kB
MemFree:         2491492 kB
Buffers:          132840 kB
Cached:          2959172 kB
SwapCached:           48 kB
Active:          4088400 kB
Inactive:        1187616 kB
Active(anon):    1943684 kB
Inactive(anon):   244180 kB
Active(file):    2144716 kB
Inactive(file):   943436 kB
Unevictable:          28 kB
Mlocked:              28 kB
SwapTotal:        899068 kB
SwapFree:         898800 kB
Dirty:               192 kB
Writeback:             0 kB
AnonPages:       2184676 kB
Mapped:           179596 kB
Shmem:              3188 kB
Slab:             208044 kB
SReclaimable:     159468 kB
SUnreclaim:        48576 kB
KernelStack:        4856 kB
PageTables:        46696 kB
NFS_Unstable:         64 kB
Bounce:                0 kB
WritebackTmp:          0 kB
CommitLimit:     4983240 kB
Committed_AS:    5503732 kB
VmallocTotal:   34359738367 kB
VmallocUsed:      323512 kB
VmallocChunk:   34359411196 kB
HardwareCorrupted:     0 kB
AnonHugePages:         0 kB
HugePages_Total:       0
HugePages_Free:        0
HugePages_Rsvd:        0
HugePages_Surp:        0
Hugepagesize:       2048 kB
DirectMap4k:      946176 kB
DirectMap2M:     7434240 kB


CPU:total 8 (4 cores per cpu, 2 threads per core) family 6 model 42 stepping 7, cmov, cx8, fxsr, mmx, sse, sse2, sse3, ssse3, sse4.1, sse4.2, popcnt, ht

Memory: 4k page, physical 8168344k(2491492k free), swap 899068k(898800k free)

vm_info: OpenJDK 64-Bit Server VM (20.0-b12) for linux-amd64 JRE (1.6.0_24-b24), built on Jun 27 2012 02:37:21 by "buildd" with gcc 4.6.3

time: Fri Aug  2 14:32:49 2013
elapsed time: 0 seconds

