#
# A fatal error has been detected by the Java Runtime Environment:
#
#  Internal Error (classFileParser.cpp:3494), pid=5892, tid=140596900284160
#  Error: ShouldNotReachHere()
#
# JRE version: 6.0_24-b24
# Java VM: OpenJDK 64-Bit Server VM (20.0-b12 mixed mode linux-amd64 compressed oops)
# Derivative: IcedTea6 1.11.3
# Distribution: Ubuntu 12.04 LTS, package 6b24-1.11.3-1ubuntu0.12.04.1
# If you would like to submit a bug report, please include
# instructions how to reproduce the bug and visit:
#   https://bugs.launchpad.net/ubuntu/+source/openjdk-6/
#

---------------  T H R E A D  ---------------

Current thread (0x00007fdf3c009800):  JavaThread "Unknown thread" [_thread_in_vm, id=5897, stack(0x00007fdf443c4000,0x00007fdf444c5000)]

Stack: [0x00007fdf443c4000,0x00007fdf444c5000],  sp=0x00007fdf444c3080,  free space=1020k
Native frames: (J=compiled Java code, j=interpreted, Vv=VM code, C=native code)
V  [libjvm.so+0x7836d5]  VMError::report(outputStream*)+0x1255
V  [libjvm.so+0x783959]  VMError::report_and_die()+0x169
V  [libjvm.so+0x3bb18a]  report_vm_error(char const*, int, char const*, char const*)+0x4a
V  [libjvm.so+0x351555]  ClassFileParser::parseClassFile(symbolHandle, Handle, Handle, KlassHandle, GrowableArray<Handle>*, symbolHandle&, bool, Thread*)+0x1545
V  [libjvm.so+0x3557b3]  ClassLoader::load_classfile(symbolHandle, Thread*)+0x1f3
V  [libjvm.so+0x71b894]  SystemDictionary::load_instance_class(symbolHandle, Handle, Thread*)+0x354
V  [libjvm.so+0x719fa0]  SystemDictionary::resolve_instance_class_or_null(symbolHandle, Handle, Handle, Thread*)+0x7c0
V  [libjvm.so+0x71bf23]  SystemDictionary::resolve_or_fail(symbolHandle, Handle, Handle, bool, Thread*)+0x33
V  [libjvm.so+0x71c004]  SystemDictionary::resolve_or_fail(symbolHandle, bool, Thread*)+0x14
V  [libjvm.so+0x71c0b0]  SystemDictionary::initialize_wk_klass(SystemDictionary::WKID, int, Thread*)+0xa0
V  [libjvm.so+0x71c119]  SystemDictionary::initialize_wk_klasses_until(SystemDictionary::WKID, SystemDictionary::WKID&, Thread*)+0x59
V  [libjvm.so+0x71c211]  SystemDictionary::initialize_preloaded_classes(Thread*)+0x71
V  [libjvm.so+0x75fa8f]  Universe::genesis(Thread*)+0x11f
V  [libjvm.so+0x76043f]  universe2_init()+0x1f
V  [libjvm.so+0x473f25]  init_globals()+0x95
V  [libjvm.so+0x74a3ca]  Threads::create_vm(JavaVMInitArgs*, bool*)+0x1ea
V  [libjvm.so+0x4cdbf1]  JNI_CreateJavaVM+0x61
C  [java+0x317e]  JavaMain+0x7e


---------------  P R O C E S S  ---------------

Java Threads: ( => current thread )

Other Threads:

=>0x00007fdf3c009800 (exited) JavaThread "Unknown thread" [_thread_in_vm, id=5897, stack(0x00007fdf443c4000,0x00007fdf444c5000)]

VM state:not at safepoint (not fully initialized)

VM Mutex/Monitor currently owned by a thread: None

Dynamic libraries:
00400000-00409000 r-xp 00000000 08:06 205315                             /usr/lib/jvm/java-6-openjdk-amd64/jre/bin/java
00608000-00609000 r--p 00008000 08:06 205315                             /usr/lib/jvm/java-6-openjdk-amd64/jre/bin/java
00609000-0060a000 rw-p 00009000 08:06 205315                             /usr/lib/jvm/java-6-openjdk-amd64/jre/bin/java
01aff000-01b20000 rw-p 00000000 00:00 0                                  [heap]
778e00000-77a2c0000 rw-p 00000000 00:00 0 
77a2c0000-783400000 rw-p 00000000 00:00 0 
783400000-788720000 rw-p 00000000 00:00 0 
788720000-7d66b0000 rw-p 00000000 00:00 0 
7d66b0000-7d9040000 rw-p 00000000 00:00 0 
7d9040000-800000000 rw-p 00000000 00:00 0 
7fdefc000000-7fdefc021000 rw-p 00000000 00:00 0 
7fdefc021000-7fdf00000000 ---p 00000000 00:00 0 
7fdf04000000-7fdf04021000 rw-p 00000000 00:00 0 
7fdf04021000-7fdf08000000 ---p 00000000 00:00 0 
7fdf0c000000-7fdf0c021000 rw-p 00000000 00:00 0 
7fdf0c021000-7fdf10000000 ---p 00000000 00:00 0 
7fdf14000000-7fdf14021000 rw-p 00000000 00:00 0 
7fdf14021000-7fdf18000000 ---p 00000000 00:00 0 
7fdf1c000000-7fdf1c021000 rw-p 00000000 00:00 0 
7fdf1c021000-7fdf20000000 ---p 00000000 00:00 0 
7fdf24000000-7fdf24021000 rw-p 00000000 00:00 0 
7fdf24021000-7fdf28000000 ---p 00000000 00:00 0 
7fdf2c000000-7fdf2c021000 rw-p 00000000 00:00 0 
7fdf2c021000-7fdf30000000 ---p 00000000 00:00 0 
7fdf34000000-7fdf34021000 rw-p 00000000 00:00 0 
7fdf34021000-7fdf38000000 ---p 00000000 00:00 0 
7fdf38934000-7fdf389fa000 r--s 0116f000 00:17 4635111                    /home/grolim/Desktop/adt-bundle-linux-x86_64-20130522/sdk/platforms/android-17/android.jar
7fdf389fa000-7fdf389fb000 ---p 00000000 00:00 0 
7fdf389fb000-7fdf38afb000 rw-p 00000000 00:00 0 
7fdf38afb000-7fdf38afc000 ---p 00000000 00:00 0 
7fdf38afc000-7fdf38bfc000 rw-p 00000000 00:00 0 
7fdf38bfc000-7fdf38bfd000 ---p 00000000 00:00 0 
7fdf38bfd000-7fdf38cfd000 rw-p 00000000 00:00 0 
7fdf38cfd000-7fdf38cfe000 ---p 00000000 00:00 0 
7fdf38cfe000-7fdf38dfe000 rw-p 00000000 00:00 0 
7fdf38dfe000-7fdf38dff000 ---p 00000000 00:00 0 
7fdf38dff000-7fdf38eff000 rw-p 00000000 00:00 0 
7fdf38eff000-7fdf38f00000 ---p 00000000 00:00 0 
7fdf38f00000-7fdf39000000 rw-p 00000000 00:00 0 
7fdf39000000-7fdf39270000 rwxp 00000000 00:00 0 
7fdf39270000-7fdf3c089000 rw-p 00000000 00:00 0 
7fdf3c089000-7fdf40000000 ---p 00000000 00:00 0 
7fdf40007000-7fdf4002f000 rw-p 00000000 00:00 0 
7fdf4002f000-7fdf40030000 ---p 00000000 00:00 0 
7fdf40030000-7fdf40130000 rw-p 00000000 00:00 0 
7fdf40130000-7fdf40131000 ---p 00000000 00:00 0 
7fdf40131000-7fdf4023c000 rw-p 00000000 00:00 0 
7fdf4023c000-7fdf40284000 rw-p 00000000 00:00 0 
7fdf40284000-7fdf402ae000 rw-p 00000000 00:00 0 
7fdf402ae000-7fdf4051e000 rw-p 00000000 00:00 0 
7fdf4051e000-7fdf40529000 rw-p 00000000 00:00 0 
7fdf40529000-7fdf40571000 rw-p 00000000 00:00 0 
7fdf40571000-7fdf4059b000 rw-p 00000000 00:00 0 
7fdf4059b000-7fdf4080a000 rw-p 00000000 00:00 0 
7fdf4080a000-7fdf40820000 rw-p 00000000 00:00 0 
7fdf40820000-7fdf40957000 rw-p 00000000 00:00 0 
7fdf40957000-7fdf40958000 rw-p 00000000 00:00 0 
7fdf40958000-7fdf4095f000 r-xp 00000000 08:06 205291                     /usr/lib/jvm/java-6-openjdk-amd64/jre/lib/amd64/libzip.so
7fdf4095f000-7fdf40b5e000 ---p 00007000 08:06 205291                     /usr/lib/jvm/java-6-openjdk-amd64/jre/lib/amd64/libzip.so
7fdf40b5e000-7fdf40b5f000 r--p 00006000 08:06 205291                     /usr/lib/jvm/java-6-openjdk-amd64/jre/lib/amd64/libzip.so
7fdf40b5f000-7fdf40b60000 rw-p 00007000 08:06 205291                     /usr/lib/jvm/java-6-openjdk-amd64/jre/lib/amd64/libzip.so
7fdf40b60000-7fdf40b6c000 r-xp 00000000 08:06 266268                     /lib/x86_64-linux-gnu/libnss_files-2.15.so
7fdf40b6c000-7fdf40d6b000 ---p 0000c000 08:06 266268                     /lib/x86_64-linux-gnu/libnss_files-2.15.so
7fdf40d6b000-7fdf40d6c000 r--p 0000b000 08:06 266268                     /lib/x86_64-linux-gnu/libnss_files-2.15.so
7fdf40d6c000-7fdf40d6d000 rw-p 0000c000 08:06 266268                     /lib/x86_64-linux-gnu/libnss_files-2.15.so
7fdf40d6d000-7fdf40d84000 r-xp 00000000 08:06 266262                     /lib/x86_64-linux-gnu/libnsl-2.15.so
7fdf40d84000-7fdf40f83000 ---p 00017000 08:06 266262                     /lib/x86_64-linux-gnu/libnsl-2.15.so
7fdf40f83000-7fdf40f84000 r--p 00016000 08:06 266262                     /lib/x86_64-linux-gnu/libnsl-2.15.so
7fdf40f84000-7fdf40f85000 rw-p 00017000 08:06 266262                     /lib/x86_64-linux-gnu/libnsl-2.15.so
7fdf40f85000-7fdf40f87000 rw-p 00000000 00:00 0 
7fdf40f87000-7fdf40f91000 r-xp 00000000 08:06 266272                     /lib/x86_64-linux-gnu/libnss_nis-2.15.so
7fdf40f91000-7fdf41191000 ---p 0000a000 08:06 266272                     /lib/x86_64-linux-gnu/libnss_nis-2.15.so
7fdf41191000-7fdf41192000 r--p 0000a000 08:06 266272                     /lib/x86_64-linux-gnu/libnss_nis-2.15.so
7fdf41192000-7fdf41193000 rw-p 0000b000 08:06 266272                     /lib/x86_64-linux-gnu/libnss_nis-2.15.so
7fdf41193000-7fdf41876000 r--p 00000000 08:06 23677                      /usr/lib/locale/locale-archive
7fdf41876000-7fdf41879000 r-xp 00000000 08:06 205283                     /usr/lib/jvm/java-6-openjdk-amd64/jre/lib/amd64/libnpt.so
7fdf41879000-7fdf41a78000 ---p 00003000 08:06 205283                     /usr/lib/jvm/java-6-openjdk-amd64/jre/lib/amd64/libnpt.so
7fdf41a78000-7fdf41a79000 r--p 00002000 08:06 205283                     /usr/lib/jvm/java-6-openjdk-amd64/jre/lib/amd64/libnpt.so
7fdf41a79000-7fdf41a7a000 rw-p 00003000 08:06 205283                     /usr/lib/jvm/java-6-openjdk-amd64/jre/lib/amd64/libnpt.so
7fdf41a7a000-7fdf41ab4000 r-xp 00000000 08:06 205277                     /usr/lib/jvm/java-6-openjdk-amd64/jre/lib/amd64/libjdwp.so
7fdf41ab4000-7fdf41cb3000 ---p 0003a000 08:06 205277                     /usr/lib/jvm/java-6-openjdk-amd64/jre/lib/amd64/libjdwp.so
7fdf41cb3000-7fdf41cb4000 r--p 00039000 08:06 205277                     /usr/lib/jvm/java-6-openjdk-amd64/jre/lib/amd64/libjdwp.so
7fdf41cb4000-7fdf41cb5000 rw-p 0003a000 08:06 205277                     /usr/lib/jvm/java-6-openjdk-amd64/jre/lib/amd64/libjdwp.so
7fdf41cb5000-7fdf41ce1000 r-xp 00000000 08:06 205271                     /usr/lib/jvm/java-6-openjdk-amd64/jre/lib/amd64/libjava.so
7fdf41ce1000-7fdf41ee0000 ---p 0002c000 08:06 205271                     /usr/lib/jvm/java-6-openjdk-amd64/jre/lib/amd64/libjava.so
7fdf41ee0000-7fdf41ee1000 r--p 0002b000 08:06 205271                     /usr/lib/jvm/java-6-openjdk-amd64/jre/lib/amd64/libjava.so
7fdf41ee1000-7fdf41ee4000 rw-p 0002c000 08:06 205271                     /usr/lib/jvm/java-6-openjdk-amd64/jre/lib/amd64/libjava.so
7fdf41ee4000-7fdf41ef2000 r-xp 00000000 08:06 205282                     /usr/lib/jvm/java-6-openjdk-amd64/jre/lib/amd64/libverify.so
7fdf41ef2000-7fdf420f1000 ---p 0000e000 08:06 205282                     /usr/lib/jvm/java-6-openjdk-amd64/jre/lib/amd64/libverify.so
7fdf420f1000-7fdf420f3000 r--p 0000d000 08:06 205282                     /usr/lib/jvm/java-6-openjdk-amd64/jre/lib/amd64/libverify.so
7fdf420f3000-7fdf420f4000 rw-p 0000f000 08:06 205282                     /usr/lib/jvm/java-6-openjdk-amd64/jre/lib/amd64/libverify.so
7fdf420f4000-7fdf420fb000 r-xp 00000000 08:06 266303                     /lib/x86_64-linux-gnu/librt-2.15.so
7fdf420fb000-7fdf422fa000 ---p 00007000 08:06 266303                     /lib/x86_64-linux-gnu/librt-2.15.so
7fdf422fa000-7fdf422fb000 r--p 00006000 08:06 266303                     /lib/x86_64-linux-gnu/librt-2.15.so
7fdf422fb000-7fdf422fc000 rw-p 00007000 08:06 266303                     /lib/x86_64-linux-gnu/librt-2.15.so
7fdf422fc000-7fdf42311000 r-xp 00000000 08:06 266238                     /lib/x86_64-linux-gnu/libgcc_s.so.1
7fdf42311000-7fdf42510000 ---p 00015000 08:06 266238                     /lib/x86_64-linux-gnu/libgcc_s.so.1
7fdf42510000-7fdf42511000 r--p 00014000 08:06 266238                     /lib/x86_64-linux-gnu/libgcc_s.so.1
7fdf42511000-7fdf42512000 rw-p 00015000 08:06 266238                     /lib/x86_64-linux-gnu/libgcc_s.so.1
7fdf42512000-7fdf4260b000 r-xp 00000000 08:06 266249                     /lib/x86_64-linux-gnu/libm-2.15.so
7fdf4260b000-7fdf4280a000 ---p 000f9000 08:06 266249                     /lib/x86_64-linux-gnu/libm-2.15.so
7fdf4280a000-7fdf4280b000 r--p 000f8000 08:06 266249                     /lib/x86_64-linux-gnu/libm-2.15.so
7fdf4280b000-7fdf4280c000 rw-p 000f9000 08:06 266249                     /lib/x86_64-linux-gnu/libm-2.15.so
7fdf4280c000-7fdf428ee000 r-xp 00000000 08:06 24722                      /usr/lib/x86_64-linux-gnu/libstdc++.so.6.0.16
7fdf428ee000-7fdf42aed000 ---p 000e2000 08:06 24722                      /usr/lib/x86_64-linux-gnu/libstdc++.so.6.0.16
7fdf42aed000-7fdf42af5000 r--p 000e1000 08:06 24722                      /usr/lib/x86_64-linux-gnu/libstdc++.so.6.0.16
7fdf42af5000-7fdf42af7000 rw-p 000e9000 08:06 24722                      /usr/lib/x86_64-linux-gnu/libstdc++.so.6.0.16
7fdf42af7000-7fdf42b0c000 rw-p 00000000 00:00 0 
7fdf42b0c000-7fdf43410000 r-xp 00000000 08:06 205267                     /usr/lib/jvm/java-6-openjdk-amd64/jre/lib/amd64/server/libjvm.so
7fdf43410000-7fdf43610000 ---p 00904000 08:06 205267                     /usr/lib/jvm/java-6-openjdk-amd64/jre/lib/amd64/server/libjvm.so
7fdf43610000-7fdf43690000 r--p 00904000 08:06 205267                     /usr/lib/jvm/java-6-openjdk-amd64/jre/lib/amd64/server/libjvm.so
7fdf43690000-7fdf436ab000 rw-p 00984000 08:06 205267                     /usr/lib/jvm/java-6-openjdk-amd64/jre/lib/amd64/server/libjvm.so
7fdf436ab000-7fdf436d4000 rw-p 00000000 00:00 0 
7fdf436d4000-7fdf436ea000 r-xp 00000000 08:06 266328                     /lib/x86_64-linux-gnu/libz.so.1.2.3.4
7fdf436ea000-7fdf438e9000 ---p 00016000 08:06 266328                     /lib/x86_64-linux-gnu/libz.so.1.2.3.4
7fdf438e9000-7fdf438ea000 r--p 00015000 08:06 266328                     /lib/x86_64-linux-gnu/libz.so.1.2.3.4
7fdf438ea000-7fdf438eb000 rw-p 00016000 08:06 266328                     /lib/x86_64-linux-gnu/libz.so.1.2.3.4
7fdf438eb000-7fdf43a9e000 r-xp 00000000 08:06 266217                     /lib/x86_64-linux-gnu/libc-2.15.so
7fdf43a9e000-7fdf43c9d000 ---p 001b3000 08:06 266217                     /lib/x86_64-linux-gnu/libc-2.15.so
7fdf43c9d000-7fdf43ca1000 r--p 001b2000 08:06 266217                     /lib/x86_64-linux-gnu/libc-2.15.so
7fdf43ca1000-7fdf43ca3000 rw-p 001b6000 08:06 266217                     /lib/x86_64-linux-gnu/libc-2.15.so
7fdf43ca3000-7fdf43ca8000 rw-p 00000000 00:00 0 
7fdf43ca8000-7fdf43caa000 r-xp 00000000 08:06 266230                     /lib/x86_64-linux-gnu/libdl-2.15.so
7fdf43caa000-7fdf43eaa000 ---p 00002000 08:06 266230                     /lib/x86_64-linux-gnu/libdl-2.15.so
7fdf43eaa000-7fdf43eab000 r--p 00002000 08:06 266230                     /lib/x86_64-linux-gnu/libdl-2.15.so
7fdf43eab000-7fdf43eac000 rw-p 00003000 08:06 266230                     /lib/x86_64-linux-gnu/libdl-2.15.so
7fdf43eac000-7fdf43eb0000 r-xp 00000000 08:06 205273                     /usr/lib/jvm/java-6-openjdk-amd64/jre/lib/amd64/jli/libjli.so
7fdf43eb0000-7fdf440af000 ---p 00004000 08:06 205273                     /usr/lib/jvm/java-6-openjdk-amd64/jre/lib/amd64/jli/libjli.so
7fdf440af000-7fdf440b0000 r--p 00003000 08:06 205273                     /usr/lib/jvm/java-6-openjdk-amd64/jre/lib/amd64/jli/libjli.so
7fdf440b0000-7fdf440b1000 rw-p 00004000 08:06 205273                     /usr/lib/jvm/java-6-openjdk-amd64/jre/lib/amd64/jli/libjli.so
7fdf440b1000-7fdf440c9000 r-xp 00000000 08:06 266297                     /lib/x86_64-linux-gnu/libpthread-2.15.so
7fdf440c9000-7fdf442c8000 ---p 00018000 08:06 266297                     /lib/x86_64-linux-gnu/libpthread-2.15.so
7fdf442c8000-7fdf442c9000 r--p 00017000 08:06 266297                     /lib/x86_64-linux-gnu/libpthread-2.15.so
7fdf442c9000-7fdf442ca000 rw-p 00018000 08:06 266297                     /lib/x86_64-linux-gnu/libpthread-2.15.so
7fdf442ca000-7fdf442ce000 rw-p 00000000 00:00 0 
7fdf442ce000-7fdf442f0000 r-xp 00000000 08:06 266197                     /lib/x86_64-linux-gnu/ld-2.15.so
7fdf44304000-7fdf4430e000 rw-p 00000000 00:00 0 
7fdf4430e000-7fdf443c4000 rw-p 00000000 00:00 0 
7fdf443c4000-7fdf443c7000 ---p 00000000 00:00 0 
7fdf443c7000-7fdf444ca000 rw-p 00000000 00:00 0 
7fdf444e4000-7fdf444ec000 rw-s 00000000 08:06 1448767                    /tmp/hsperfdata_grolim/5892
7fdf444ec000-7fdf444ed000 rw-p 00000000 00:00 0 
7fdf444ed000-7fdf444ee000 r--p 00000000 00:00 0 
7fdf444ee000-7fdf444f0000 rw-p 00000000 00:00 0 
7fdf444f0000-7fdf444f1000 r--p 00022000 08:06 266197                     /lib/x86_64-linux-gnu/ld-2.15.so
7fdf444f1000-7fdf444f3000 rw-p 00023000 08:06 266197                     /lib/x86_64-linux-gnu/ld-2.15.so
7fff1093f000-7fff10960000 rw-p 00000000 00:00 0                          [stack]
7fff109ea000-7fff109eb000 r-xp 00000000 00:00 0                          [vdso]
ffffffffff600000-ffffffffff601000 r-xp 00000000 00:00 0                  [vsyscall]

VM Arguments:
jvm_args: -agentlib:jdwp=transport=dt_socket,suspend=y,address=localhost:43440 -Dfile.encoding=UTF-8 -Xbootclasspath:/home/grolim/Desktop/adt-bundle-linux-x86_64-20130522/sdk/platforms/android-17/android.jar 
java_command: uff.br.infouffdtn.http.Fetcher
Launcher Type: SUN_STANDARD

Environment Variables:
PATH=/usr/lib/lightdm/lightdm:/usr/local/sbin:/usr/local/bin:/usr/sbin:/usr/bin:/sbin:/bin:/usr/games
LD_LIBRARY_PATH=/usr/lib/jvm/java-6-openjdk-amd64/jre/lib/amd64/server:/usr/lib/jvm/java-6-openjdk-amd64/jre/lib/amd64:/usr/lib/jvm/java-6-openjdk-amd64/jre/../lib/amd64
SHELL=/bin/bash
DISPLAY=:0.0

Signal Handlers:
SIGSEGV: [libjvm.so+0x784310], sa_mask[0]=0x7ffbfeff, sa_flags=0x10000004
SIGBUS: [libjvm.so+0x784310], sa_mask[0]=0x7ffbfeff, sa_flags=0x10000004
SIGFPE: [libjvm.so+0x648580], sa_mask[0]=0x7ffbfeff, sa_flags=0x10000004
SIGPIPE: [libjvm.so+0x648580], sa_mask[0]=0x7ffbfeff, sa_flags=0x10000004
SIGXFSZ: [libjvm.so+0x648580], sa_mask[0]=0x7ffbfeff, sa_flags=0x10000004
SIGILL: [libjvm.so+0x648580], sa_mask[0]=0x7ffbfeff, sa_flags=0x10000004
SIGUSR1: SIG_DFL, sa_mask[0]=0x00000000, sa_flags=0x00000000
SIGUSR2: [libjvm.so+0x648730], sa_mask[0]=0x00000004, sa_flags=0x10000004
SIGHUP: SIG_DFL, sa_mask[0]=0x00000000, sa_flags=0x00000000
SIGINT: SIG_DFL, sa_mask[0]=0x00000000, sa_flags=0x00000000
SIGTERM: SIG_DFL, sa_mask[0]=0x00000000, sa_flags=0x00000000
SIGQUIT: SIG_DFL, sa_mask[0]=0x00000000, sa_flags=0x00000000


---------------  S Y S T E M  ---------------

OS:Ubuntu 12.04 (precise)
uname:Linux 3.2.0-27-generic #43-Ubuntu SMP Fri Jul 6 14:25:57 UTC 2012 x86_64
libc:glibc 2.15 NPTL 2.15 
rlimit: STACK 8192k, CORE 0k, NPROC 63677, NOFILE 4096, AS infinity
load average:0.87 0.90 0.80

/proc/meminfo:
MemTotal:        8168344 kB
MemFree:         5622964 kB
Buffers:          183232 kB
Cached:           976088 kB
SwapCached:            0 kB
Active:          1599460 kB
Inactive:         652032 kB
Active(anon):    1092964 kB
Inactive(anon):     1280 kB
Active(file):     506496 kB
Inactive(file):   650752 kB
Unevictable:           0 kB
Mlocked:               0 kB
SwapTotal:        899068 kB
SwapFree:         899068 kB
Dirty:                84 kB
Writeback:             0 kB
AnonPages:       1092104 kB
Mapped:           197268 kB
Shmem:              2072 kB
Slab:             134360 kB
SReclaimable:      99124 kB
SUnreclaim:        35236 kB
KernelStack:        3640 kB
PageTables:        26972 kB
NFS_Unstable:        224 kB
Bounce:                0 kB
WritebackTmp:          0 kB
CommitLimit:     4983240 kB
Committed_AS:    3155280 kB
VmallocTotal:   34359738367 kB
VmallocUsed:      328888 kB
VmallocChunk:   34359406076 kB
HardwareCorrupted:     0 kB
AnonHugePages:         0 kB
HugePages_Total:       0
HugePages_Free:        0
HugePages_Rsvd:        0
HugePages_Surp:        0
Hugepagesize:       2048 kB
DirectMap4k:      116736 kB
DirectMap2M:     8263680 kB


CPU:total 8 (4 cores per cpu, 2 threads per core) family 6 model 42 stepping 7, cmov, cx8, fxsr, mmx, sse, sse2, sse3, ssse3, sse4.1, sse4.2, popcnt, ht

Memory: 4k page, physical 8168344k(5622964k free), swap 899068k(899068k free)

vm_info: OpenJDK 64-Bit Server VM (20.0-b12) for linux-amd64 JRE (1.6.0_24-b24), built on Jun 27 2012 02:37:21 by "buildd" with gcc 4.6.3

time: Wed Jul 31 14:42:49 2013
elapsed time: 0 seconds

