#
# A fatal error has been detected by the Java Runtime Environment:
#
#  Internal Error (classFileParser.cpp:3494), pid=5935, tid=140251078285056
#  Error: ShouldNotReachHere()
#
# JRE version: 6.0_24-b24
# Java VM: OpenJDK 64-Bit Server VM (20.0-b12 mixed mode linux-amd64 compressed oops)
# Derivative: IcedTea6 1.11.3
# Distribution: Ubuntu 12.04 LTS, package 6b24-1.11.3-1ubuntu0.12.04.1
# If you would like to submit a bug report, please include
# instructions how to reproduce the bug and visit:
#   https://bugs.launchpad.net/ubuntu/+source/openjdk-6/
#

---------------  T H R E A D  ---------------

Current thread (0x00007f8eb8007800):  JavaThread "Unknown thread" [_thread_in_vm, id=5940, stack(0x00007f8ebfa35000,0x00007f8ebfb36000)]

Stack: [0x00007f8ebfa35000,0x00007f8ebfb36000],  sp=0x00007f8ebfb34080,  free space=1020k
Native frames: (J=compiled Java code, j=interpreted, Vv=VM code, C=native code)
V  [libjvm.so+0x7836d5]  VMError::report(outputStream*)+0x1255
V  [libjvm.so+0x783959]  VMError::report_and_die()+0x169
V  [libjvm.so+0x3bb18a]  report_vm_error(char const*, int, char const*, char const*)+0x4a
V  [libjvm.so+0x351555]  ClassFileParser::parseClassFile(symbolHandle, Handle, Handle, KlassHandle, GrowableArray<Handle>*, symbolHandle&, bool, Thread*)+0x1545
V  [libjvm.so+0x3557b3]  ClassLoader::load_classfile(symbolHandle, Thread*)+0x1f3
V  [libjvm.so+0x71b894]  SystemDictionary::load_instance_class(symbolHandle, Handle, Thread*)+0x354
V  [libjvm.so+0x719fa0]  SystemDictionary::resolve_instance_class_or_null(symbolHandle, Handle, Handle, Thread*)+0x7c0
V  [libjvm.so+0x71bf23]  SystemDictionary::resolve_or_fail(symbolHandle, Handle, Handle, bool, Thread*)+0x33
V  [libjvm.so+0x71c004]  SystemDictionary::resolve_or_fail(symbolHandle, bool, Thread*)+0x14
V  [libjvm.so+0x71c0b0]  SystemDictionary::initialize_wk_klass(SystemDictionary::WKID, int, Thread*)+0xa0
V  [libjvm.so+0x71c119]  SystemDictionary::initialize_wk_klasses_until(SystemDictionary::WKID, SystemDictionary::WKID&, Thread*)+0x59
V  [libjvm.so+0x71c211]  SystemDictionary::initialize_preloaded_classes(Thread*)+0x71
V  [libjvm.so+0x75fa8f]  Universe::genesis(Thread*)+0x11f
V  [libjvm.so+0x76043f]  universe2_init()+0x1f
V  [libjvm.so+0x473f25]  init_globals()+0x95
V  [libjvm.so+0x74a3ca]  Threads::create_vm(JavaVMInitArgs*, bool*)+0x1ea
V  [libjvm.so+0x4cdbf1]  JNI_CreateJavaVM+0x61
C  [java+0x317e]  JavaMain+0x7e


---------------  P R O C E S S  ---------------

Java Threads: ( => current thread )

Other Threads:

=>0x00007f8eb8007800 (exited) JavaThread "Unknown thread" [_thread_in_vm, id=5940, stack(0x00007f8ebfa35000,0x00007f8ebfb36000)]

VM state:not at safepoint (not fully initialized)

VM Mutex/Monitor currently owned by a thread: None

Dynamic libraries:
00400000-00409000 r-xp 00000000 08:06 205315                             /usr/lib/jvm/java-6-openjdk-amd64/jre/bin/java
00608000-00609000 r--p 00008000 08:06 205315                             /usr/lib/jvm/java-6-openjdk-amd64/jre/bin/java
00609000-0060a000 rw-p 00009000 08:06 205315                             /usr/lib/jvm/java-6-openjdk-amd64/jre/bin/java
00628000-00649000 rw-p 00000000 00:00 0                                  [heap]
778e00000-77a2c0000 rw-p 00000000 00:00 0 
77a2c0000-783400000 rw-p 00000000 00:00 0 
783400000-788720000 rw-p 00000000 00:00 0 
788720000-7d66b0000 rw-p 00000000 00:00 0 
7d66b0000-7d9040000 rw-p 00000000 00:00 0 
7d9040000-800000000 rw-p 00000000 00:00 0 
7f8e78000000-7f8e78021000 rw-p 00000000 00:00 0 
7f8e78021000-7f8e7c000000 ---p 00000000 00:00 0 
7f8e80000000-7f8e80021000 rw-p 00000000 00:00 0 
7f8e80021000-7f8e84000000 ---p 00000000 00:00 0 
7f8e88000000-7f8e88021000 rw-p 00000000 00:00 0 
7f8e88021000-7f8e8c000000 ---p 00000000 00:00 0 
7f8e90000000-7f8e90021000 rw-p 00000000 00:00 0 
7f8e90021000-7f8e94000000 ---p 00000000 00:00 0 
7f8e98000000-7f8e98021000 rw-p 00000000 00:00 0 
7f8e98021000-7f8e9c000000 ---p 00000000 00:00 0 
7f8ea0000000-7f8ea0021000 rw-p 00000000 00:00 0 
7f8ea0021000-7f8ea4000000 ---p 00000000 00:00 0 
7f8ea8000000-7f8ea8021000 rw-p 00000000 00:00 0 
7f8ea8021000-7f8eac000000 ---p 00000000 00:00 0 
7f8eb0000000-7f8eb0021000 rw-p 00000000 00:00 0 
7f8eb0021000-7f8eb4000000 ---p 00000000 00:00 0 
7f8eb4a35000-7f8eb4afb000 r--s 0116f000 00:17 4635111                    /home/grolim/Desktop/adt-bundle-linux-x86_64-20130522/sdk/platforms/android-17/android.jar
7f8eb4afb000-7f8eb4afc000 ---p 00000000 00:00 0 
7f8eb4afc000-7f8eb4bfc000 rw-p 00000000 00:00 0 
7f8eb4bfc000-7f8eb4bfd000 ---p 00000000 00:00 0 
7f8eb4bfd000-7f8eb4cfd000 rw-p 00000000 00:00 0 
7f8eb4cfd000-7f8eb4cfe000 ---p 00000000 00:00 0 
7f8eb4cfe000-7f8eb4dfe000 rw-p 00000000 00:00 0 
7f8eb4dfe000-7f8eb4dff000 ---p 00000000 00:00 0 
7f8eb4dff000-7f8eb4eff000 rw-p 00000000 00:00 0 
7f8eb4eff000-7f8eb4f00000 ---p 00000000 00:00 0 
7f8eb4f00000-7f8eb5000000 rw-p 00000000 00:00 0 
7f8eb5000000-7f8eb5270000 rwxp 00000000 00:00 0 
7f8eb5270000-7f8eb8086000 rw-p 00000000 00:00 0 
7f8eb8086000-7f8ebc000000 ---p 00000000 00:00 0 
7f8ebc099000-7f8ebc0c1000 rw-p 00000000 00:00 0 
7f8ebc0c1000-7f8ebc0c2000 ---p 00000000 00:00 0 
7f8ebc0c2000-7f8ebc1c2000 rw-p 00000000 00:00 0 
7f8ebc1c2000-7f8ebc1c3000 ---p 00000000 00:00 0 
7f8ebc1c3000-7f8ebc2c3000 rw-p 00000000 00:00 0 
7f8ebc2c3000-7f8ebc2c4000 ---p 00000000 00:00 0 
7f8ebc2c4000-7f8ebc3cf000 rw-p 00000000 00:00 0 
7f8ebc3cf000-7f8ebc417000 rw-p 00000000 00:00 0 
7f8ebc417000-7f8ebc441000 rw-p 00000000 00:00 0 
7f8ebc441000-7f8ebc6b1000 rw-p 00000000 00:00 0 
7f8ebc6b1000-7f8ebc6bc000 rw-p 00000000 00:00 0 
7f8ebc6bc000-7f8ebc704000 rw-p 00000000 00:00 0 
7f8ebc704000-7f8ebc72e000 rw-p 00000000 00:00 0 
7f8ebc72e000-7f8ebc99d000 rw-p 00000000 00:00 0 
7f8ebc99d000-7f8ebc9b3000 rw-p 00000000 00:00 0 
7f8ebc9b3000-7f8ebcaea000 rw-p 00000000 00:00 0 
7f8ebcaea000-7f8ebcaeb000 rw-p 00000000 00:00 0 
7f8ebcaeb000-7f8ebcaf2000 r-xp 00000000 08:06 205291                     /usr/lib/jvm/java-6-openjdk-amd64/jre/lib/amd64/libzip.so
7f8ebcaf2000-7f8ebccf1000 ---p 00007000 08:06 205291                     /usr/lib/jvm/java-6-openjdk-amd64/jre/lib/amd64/libzip.so
7f8ebccf1000-7f8ebccf2000 r--p 00006000 08:06 205291                     /usr/lib/jvm/java-6-openjdk-amd64/jre/lib/amd64/libzip.so
7f8ebccf2000-7f8ebccf3000 rw-p 00007000 08:06 205291                     /usr/lib/jvm/java-6-openjdk-amd64/jre/lib/amd64/libzip.so
7f8ebccf3000-7f8ebccff000 r-xp 00000000 08:06 266268                     /lib/x86_64-linux-gnu/libnss_files-2.15.so
7f8ebccff000-7f8ebcefe000 ---p 0000c000 08:06 266268                     /lib/x86_64-linux-gnu/libnss_files-2.15.so
7f8ebcefe000-7f8ebceff000 r--p 0000b000 08:06 266268                     /lib/x86_64-linux-gnu/libnss_files-2.15.so
7f8ebceff000-7f8ebcf00000 rw-p 0000c000 08:06 266268                     /lib/x86_64-linux-gnu/libnss_files-2.15.so
7f8ebcf00000-7f8ebcf17000 r-xp 00000000 08:06 266262                     /lib/x86_64-linux-gnu/libnsl-2.15.so
7f8ebcf17000-7f8ebd116000 ---p 00017000 08:06 266262                     /lib/x86_64-linux-gnu/libnsl-2.15.so
7f8ebd116000-7f8ebd117000 r--p 00016000 08:06 266262                     /lib/x86_64-linux-gnu/libnsl-2.15.so
7f8ebd117000-7f8ebd118000 rw-p 00017000 08:06 266262                     /lib/x86_64-linux-gnu/libnsl-2.15.so
7f8ebd118000-7f8ebd11a000 rw-p 00000000 00:00 0 
7f8ebd11a000-7f8ebd124000 r-xp 00000000 08:06 266272                     /lib/x86_64-linux-gnu/libnss_nis-2.15.so
7f8ebd124000-7f8ebd324000 ---p 0000a000 08:06 266272                     /lib/x86_64-linux-gnu/libnss_nis-2.15.so
7f8ebd324000-7f8ebd325000 r--p 0000a000 08:06 266272                     /lib/x86_64-linux-gnu/libnss_nis-2.15.so
7f8ebd325000-7f8ebd326000 rw-p 0000b000 08:06 266272                     /lib/x86_64-linux-gnu/libnss_nis-2.15.so
7f8ebd326000-7f8ebd352000 r-xp 00000000 08:06 205271                     /usr/lib/jvm/java-6-openjdk-amd64/jre/lib/amd64/libjava.so
7f8ebd352000-7f8ebd551000 ---p 0002c000 08:06 205271                     /usr/lib/jvm/java-6-openjdk-amd64/jre/lib/amd64/libjava.so
7f8ebd551000-7f8ebd552000 r--p 0002b000 08:06 205271                     /usr/lib/jvm/java-6-openjdk-amd64/jre/lib/amd64/libjava.so
7f8ebd552000-7f8ebd555000 rw-p 0002c000 08:06 205271                     /usr/lib/jvm/java-6-openjdk-amd64/jre/lib/amd64/libjava.so
7f8ebd555000-7f8ebd563000 r-xp 00000000 08:06 205282                     /usr/lib/jvm/java-6-openjdk-amd64/jre/lib/amd64/libverify.so
7f8ebd563000-7f8ebd762000 ---p 0000e000 08:06 205282                     /usr/lib/jvm/java-6-openjdk-amd64/jre/lib/amd64/libverify.so
7f8ebd762000-7f8ebd764000 r--p 0000d000 08:06 205282                     /usr/lib/jvm/java-6-openjdk-amd64/jre/lib/amd64/libverify.so
7f8ebd764000-7f8ebd765000 rw-p 0000f000 08:06 205282                     /usr/lib/jvm/java-6-openjdk-amd64/jre/lib/amd64/libverify.so
7f8ebd765000-7f8ebd76c000 r-xp 00000000 08:06 266303                     /lib/x86_64-linux-gnu/librt-2.15.so
7f8ebd76c000-7f8ebd96b000 ---p 00007000 08:06 266303                     /lib/x86_64-linux-gnu/librt-2.15.so
7f8ebd96b000-7f8ebd96c000 r--p 00006000 08:06 266303                     /lib/x86_64-linux-gnu/librt-2.15.so
7f8ebd96c000-7f8ebd96d000 rw-p 00007000 08:06 266303                     /lib/x86_64-linux-gnu/librt-2.15.so
7f8ebd96d000-7f8ebd982000 r-xp 00000000 08:06 266238                     /lib/x86_64-linux-gnu/libgcc_s.so.1
7f8ebd982000-7f8ebdb81000 ---p 00015000 08:06 266238                     /lib/x86_64-linux-gnu/libgcc_s.so.1
7f8ebdb81000-7f8ebdb82000 r--p 00014000 08:06 266238                     /lib/x86_64-linux-gnu/libgcc_s.so.1
7f8ebdb82000-7f8ebdb83000 rw-p 00015000 08:06 266238                     /lib/x86_64-linux-gnu/libgcc_s.so.1
7f8ebdb83000-7f8ebdc7c000 r-xp 00000000 08:06 266249                     /lib/x86_64-linux-gnu/libm-2.15.so
7f8ebdc7c000-7f8ebde7b000 ---p 000f9000 08:06 266249                     /lib/x86_64-linux-gnu/libm-2.15.so
7f8ebde7b000-7f8ebde7c000 r--p 000f8000 08:06 266249                     /lib/x86_64-linux-gnu/libm-2.15.so
7f8ebde7c000-7f8ebde7d000 rw-p 000f9000 08:06 266249                     /lib/x86_64-linux-gnu/libm-2.15.so
7f8ebde7d000-7f8ebdf5f000 r-xp 00000000 08:06 24722                      /usr/lib/x86_64-linux-gnu/libstdc++.so.6.0.16
7f8ebdf5f000-7f8ebe15e000 ---p 000e2000 08:06 24722                      /usr/lib/x86_64-linux-gnu/libstdc++.so.6.0.16
7f8ebe15e000-7f8ebe166000 r--p 000e1000 08:06 24722                      /usr/lib/x86_64-linux-gnu/libstdc++.so.6.0.16
7f8ebe166000-7f8ebe168000 rw-p 000e9000 08:06 24722                      /usr/lib/x86_64-linux-gnu/libstdc++.so.6.0.16
7f8ebe168000-7f8ebe17d000 rw-p 00000000 00:00 0 
7f8ebe17d000-7f8ebea81000 r-xp 00000000 08:06 205267                     /usr/lib/jvm/java-6-openjdk-amd64/jre/lib/amd64/server/libjvm.so
7f8ebea81000-7f8ebec81000 ---p 00904000 08:06 205267                     /usr/lib/jvm/java-6-openjdk-amd64/jre/lib/amd64/server/libjvm.so
7f8ebec81000-7f8ebed01000 r--p 00904000 08:06 205267                     /usr/lib/jvm/java-6-openjdk-amd64/jre/lib/amd64/server/libjvm.so
7f8ebed01000-7f8ebed1c000 rw-p 00984000 08:06 205267                     /usr/lib/jvm/java-6-openjdk-amd64/jre/lib/amd64/server/libjvm.so
7f8ebed1c000-7f8ebed45000 rw-p 00000000 00:00 0 
7f8ebed45000-7f8ebed5b000 r-xp 00000000 08:06 266328                     /lib/x86_64-linux-gnu/libz.so.1.2.3.4
7f8ebed5b000-7f8ebef5a000 ---p 00016000 08:06 266328                     /lib/x86_64-linux-gnu/libz.so.1.2.3.4
7f8ebef5a000-7f8ebef5b000 r--p 00015000 08:06 266328                     /lib/x86_64-linux-gnu/libz.so.1.2.3.4
7f8ebef5b000-7f8ebef5c000 rw-p 00016000 08:06 266328                     /lib/x86_64-linux-gnu/libz.so.1.2.3.4
7f8ebef5c000-7f8ebf10f000 r-xp 00000000 08:06 266217                     /lib/x86_64-linux-gnu/libc-2.15.so
7f8ebf10f000-7f8ebf30e000 ---p 001b3000 08:06 266217                     /lib/x86_64-linux-gnu/libc-2.15.so
7f8ebf30e000-7f8ebf312000 r--p 001b2000 08:06 266217                     /lib/x86_64-linux-gnu/libc-2.15.so
7f8ebf312000-7f8ebf314000 rw-p 001b6000 08:06 266217                     /lib/x86_64-linux-gnu/libc-2.15.so
7f8ebf314000-7f8ebf319000 rw-p 00000000 00:00 0 
7f8ebf319000-7f8ebf31b000 r-xp 00000000 08:06 266230                     /lib/x86_64-linux-gnu/libdl-2.15.so
7f8ebf31b000-7f8ebf51b000 ---p 00002000 08:06 266230                     /lib/x86_64-linux-gnu/libdl-2.15.so
7f8ebf51b000-7f8ebf51c000 r--p 00002000 08:06 266230                     /lib/x86_64-linux-gnu/libdl-2.15.so
7f8ebf51c000-7f8ebf51d000 rw-p 00003000 08:06 266230                     /lib/x86_64-linux-gnu/libdl-2.15.so
7f8ebf51d000-7f8ebf521000 r-xp 00000000 08:06 205273                     /usr/lib/jvm/java-6-openjdk-amd64/jre/lib/amd64/jli/libjli.so
7f8ebf521000-7f8ebf720000 ---p 00004000 08:06 205273                     /usr/lib/jvm/java-6-openjdk-amd64/jre/lib/amd64/jli/libjli.so
7f8ebf720000-7f8ebf721000 r--p 00003000 08:06 205273                     /usr/lib/jvm/java-6-openjdk-amd64/jre/lib/amd64/jli/libjli.so
7f8ebf721000-7f8ebf722000 rw-p 00004000 08:06 205273                     /usr/lib/jvm/java-6-openjdk-amd64/jre/lib/amd64/jli/libjli.so
7f8ebf722000-7f8ebf73a000 r-xp 00000000 08:06 266297                     /lib/x86_64-linux-gnu/libpthread-2.15.so
7f8ebf73a000-7f8ebf939000 ---p 00018000 08:06 266297                     /lib/x86_64-linux-gnu/libpthread-2.15.so
7f8ebf939000-7f8ebf93a000 r--p 00017000 08:06 266297                     /lib/x86_64-linux-gnu/libpthread-2.15.so
7f8ebf93a000-7f8ebf93b000 rw-p 00018000 08:06 266297                     /lib/x86_64-linux-gnu/libpthread-2.15.so
7f8ebf93b000-7f8ebf93f000 rw-p 00000000 00:00 0 
7f8ebf93f000-7f8ebf961000 r-xp 00000000 08:06 266197                     /lib/x86_64-linux-gnu/ld-2.15.so
7f8ebf96d000-7f8ebf977000 rw-p 00000000 00:00 0 
7f8ebf977000-7f8ebfa2d000 rw-p 00000000 00:00 0 
7f8ebfa2d000-7f8ebfa35000 rw-s 00000000 08:06 1448767                    /tmp/hsperfdata_grolim/5935
7f8ebfa35000-7f8ebfa38000 ---p 00000000 00:00 0 
7f8ebfa38000-7f8ebfb3b000 rw-p 00000000 00:00 0 
7f8ebfb5d000-7f8ebfb5e000 rw-p 00000000 00:00 0 
7f8ebfb5e000-7f8ebfb5f000 r--p 00000000 00:00 0 
7f8ebfb5f000-7f8ebfb61000 rw-p 00000000 00:00 0 
7f8ebfb61000-7f8ebfb62000 r--p 00022000 08:06 266197                     /lib/x86_64-linux-gnu/ld-2.15.so
7f8ebfb62000-7f8ebfb64000 rw-p 00023000 08:06 266197                     /lib/x86_64-linux-gnu/ld-2.15.so
7fff81433000-7fff81454000 rw-p 00000000 00:00 0                          [stack]
7fff815e7000-7fff815e8000 r-xp 00000000 00:00 0                          [vdso]
ffffffffff600000-ffffffffff601000 r-xp 00000000 00:00 0                  [vsyscall]

VM Arguments:
jvm_args: -Dfile.encoding=UTF-8 -Xbootclasspath:/home/grolim/Desktop/adt-bundle-linux-x86_64-20130522/sdk/platforms/android-17/android.jar 
java_command: uff.br.infouffdtn.http.Fetcher
Launcher Type: SUN_STANDARD

Environment Variables:
PATH=/usr/lib/lightdm/lightdm:/usr/local/sbin:/usr/local/bin:/usr/sbin:/usr/bin:/sbin:/bin:/usr/games
LD_LIBRARY_PATH=/usr/lib/jvm/java-6-openjdk-amd64/jre/lib/amd64/server:/usr/lib/jvm/java-6-openjdk-amd64/jre/lib/amd64:/usr/lib/jvm/java-6-openjdk-amd64/jre/../lib/amd64
SHELL=/bin/bash
DISPLAY=:0.0

Signal Handlers:
SIGSEGV: [libjvm.so+0x784310], sa_mask[0]=0x7ffbfeff, sa_flags=0x10000004
SIGBUS: [libjvm.so+0x784310], sa_mask[0]=0x7ffbfeff, sa_flags=0x10000004
SIGFPE: [libjvm.so+0x648580], sa_mask[0]=0x7ffbfeff, sa_flags=0x10000004
SIGPIPE: [libjvm.so+0x648580], sa_mask[0]=0x7ffbfeff, sa_flags=0x10000004
SIGXFSZ: [libjvm.so+0x648580], sa_mask[0]=0x7ffbfeff, sa_flags=0x10000004
SIGILL: [libjvm.so+0x648580], sa_mask[0]=0x7ffbfeff, sa_flags=0x10000004
SIGUSR1: SIG_DFL, sa_mask[0]=0x00000000, sa_flags=0x00000000
SIGUSR2: [libjvm.so+0x648730], sa_mask[0]=0x00000004, sa_flags=0x10000004
SIGHUP: SIG_DFL, sa_mask[0]=0x00000000, sa_flags=0x00000000
SIGINT: SIG_DFL, sa_mask[0]=0x00000000, sa_flags=0x00000000
SIGTERM: SIG_DFL, sa_mask[0]=0x00000000, sa_flags=0x00000000
SIGQUIT: SIG_DFL, sa_mask[0]=0x00000000, sa_flags=0x00000000


---------------  S Y S T E M  ---------------

OS:Ubuntu 12.04 (precise)
uname:Linux 3.2.0-27-generic #43-Ubuntu SMP Fri Jul 6 14:25:57 UTC 2012 x86_64
libc:glibc 2.15 NPTL 2.15 
rlimit: STACK 8192k, CORE 0k, NPROC 63677, NOFILE 4096, AS infinity
load average:0.86 0.89 0.81

/proc/meminfo:
MemTotal:        8168344 kB
MemFree:         5618588 kB
Buffers:          183280 kB
Cached:           976056 kB
SwapCached:            0 kB
Active:          1604768 kB
Inactive:         651716 kB
Active(anon):    1097936 kB
Inactive(anon):     1280 kB
Active(file):     506832 kB
Inactive(file):   650436 kB
Unevictable:           0 kB
Mlocked:               0 kB
SwapTotal:        899068 kB
SwapFree:         899068 kB
Dirty:                64 kB
Writeback:             0 kB
AnonPages:       1097644 kB
Mapped:           197344 kB
Shmem:              2072 kB
Slab:             134396 kB
SReclaimable:      99276 kB
SUnreclaim:        35120 kB
KernelStack:        3640 kB
PageTables:        26996 kB
NFS_Unstable:         96 kB
Bounce:                0 kB
WritebackTmp:          0 kB
CommitLimit:     4983240 kB
Committed_AS:    3159168 kB
VmallocTotal:   34359738367 kB
VmallocUsed:      328888 kB
VmallocChunk:   34359406076 kB
HardwareCorrupted:     0 kB
AnonHugePages:         0 kB
HugePages_Total:       0
HugePages_Free:        0
HugePages_Rsvd:        0
HugePages_Surp:        0
Hugepagesize:       2048 kB
DirectMap4k:      116736 kB
DirectMap2M:     8263680 kB


CPU:total 8 (4 cores per cpu, 2 threads per core) family 6 model 42 stepping 7, cmov, cx8, fxsr, mmx, sse, sse2, sse3, ssse3, sse4.1, sse4.2, popcnt, ht

Memory: 4k page, physical 8168344k(5618588k free), swap 899068k(899068k free)

vm_info: OpenJDK 64-Bit Server VM (20.0-b12) for linux-amd64 JRE (1.6.0_24-b24), built on Jun 27 2012 02:37:21 by "buildd" with gcc 4.6.3

time: Wed Jul 31 14:44:01 2013
elapsed time: 0 seconds

