#
# A fatal error has been detected by the Java Runtime Environment:
#
#  Internal Error (classFileParser.cpp:3494), pid=5872, tid=139876500920064
#  Error: ShouldNotReachHere()
#
# JRE version: 6.0_24-b24
# Java VM: OpenJDK 64-Bit Server VM (20.0-b12 mixed mode linux-amd64 compressed oops)
# Derivative: IcedTea6 1.11.3
# Distribution: Ubuntu 12.04 LTS, package 6b24-1.11.3-1ubuntu0.12.04.1
# If you would like to submit a bug report, please include
# instructions how to reproduce the bug and visit:
#   https://bugs.launchpad.net/ubuntu/+source/openjdk-6/
#

---------------  T H R E A D  ---------------

Current thread (0x00007f3780009800):  JavaThread "Unknown thread" [_thread_in_vm, id=5877, stack(0x00007f3789165000,0x00007f3789266000)]

Stack: [0x00007f3789165000,0x00007f3789266000],  sp=0x00007f3789264080,  free space=1020k
Native frames: (J=compiled Java code, j=interpreted, Vv=VM code, C=native code)
V  [libjvm.so+0x7836d5]  VMError::report(outputStream*)+0x1255
V  [libjvm.so+0x783959]  VMError::report_and_die()+0x169
V  [libjvm.so+0x3bb18a]  report_vm_error(char const*, int, char const*, char const*)+0x4a
V  [libjvm.so+0x351555]  ClassFileParser::parseClassFile(symbolHandle, Handle, Handle, KlassHandle, GrowableArray<Handle>*, symbolHandle&, bool, Thread*)+0x1545
V  [libjvm.so+0x3557b3]  ClassLoader::load_classfile(symbolHandle, Thread*)+0x1f3
V  [libjvm.so+0x71b894]  SystemDictionary::load_instance_class(symbolHandle, Handle, Thread*)+0x354
V  [libjvm.so+0x719fa0]  SystemDictionary::resolve_instance_class_or_null(symbolHandle, Handle, Handle, Thread*)+0x7c0
V  [libjvm.so+0x71bf23]  SystemDictionary::resolve_or_fail(symbolHandle, Handle, Handle, bool, Thread*)+0x33
V  [libjvm.so+0x71c004]  SystemDictionary::resolve_or_fail(symbolHandle, bool, Thread*)+0x14
V  [libjvm.so+0x71c0b0]  SystemDictionary::initialize_wk_klass(SystemDictionary::WKID, int, Thread*)+0xa0
V  [libjvm.so+0x71c119]  SystemDictionary::initialize_wk_klasses_until(SystemDictionary::WKID, SystemDictionary::WKID&, Thread*)+0x59
V  [libjvm.so+0x71c211]  SystemDictionary::initialize_preloaded_classes(Thread*)+0x71
V  [libjvm.so+0x75fa8f]  Universe::genesis(Thread*)+0x11f
V  [libjvm.so+0x76043f]  universe2_init()+0x1f
V  [libjvm.so+0x473f25]  init_globals()+0x95
V  [libjvm.so+0x74a3ca]  Threads::create_vm(JavaVMInitArgs*, bool*)+0x1ea
V  [libjvm.so+0x4cdbf1]  JNI_CreateJavaVM+0x61
C  [java+0x317e]  JavaMain+0x7e


---------------  P R O C E S S  ---------------

Java Threads: ( => current thread )

Other Threads:

=>0x00007f3780009800 (exited) JavaThread "Unknown thread" [_thread_in_vm, id=5877, stack(0x00007f3789165000,0x00007f3789266000)]

VM state:not at safepoint (not fully initialized)

VM Mutex/Monitor currently owned by a thread: None

Dynamic libraries:
00400000-00409000 r-xp 00000000 08:06 205315                             /usr/lib/jvm/java-6-openjdk-amd64/jre/bin/java
00608000-00609000 r--p 00008000 08:06 205315                             /usr/lib/jvm/java-6-openjdk-amd64/jre/bin/java
00609000-0060a000 rw-p 00009000 08:06 205315                             /usr/lib/jvm/java-6-openjdk-amd64/jre/bin/java
019b8000-019d9000 rw-p 00000000 00:00 0                                  [heap]
778e00000-77a2c0000 rw-p 00000000 00:00 0 
77a2c0000-783400000 rw-p 00000000 00:00 0 
783400000-788720000 rw-p 00000000 00:00 0 
788720000-7d66b0000 rw-p 00000000 00:00 0 
7d66b0000-7d9040000 rw-p 00000000 00:00 0 
7d9040000-800000000 rw-p 00000000 00:00 0 
7f3740000000-7f3740021000 rw-p 00000000 00:00 0 
7f3740021000-7f3744000000 ---p 00000000 00:00 0 
7f3748000000-7f3748021000 rw-p 00000000 00:00 0 
7f3748021000-7f374c000000 ---p 00000000 00:00 0 
7f3750000000-7f3750021000 rw-p 00000000 00:00 0 
7f3750021000-7f3754000000 ---p 00000000 00:00 0 
7f3758000000-7f3758021000 rw-p 00000000 00:00 0 
7f3758021000-7f375c000000 ---p 00000000 00:00 0 
7f3760000000-7f3760021000 rw-p 00000000 00:00 0 
7f3760021000-7f3764000000 ---p 00000000 00:00 0 
7f3768000000-7f3768021000 rw-p 00000000 00:00 0 
7f3768021000-7f376c000000 ---p 00000000 00:00 0 
7f3770000000-7f3770021000 rw-p 00000000 00:00 0 
7f3770021000-7f3774000000 ---p 00000000 00:00 0 
7f3778000000-7f3778021000 rw-p 00000000 00:00 0 
7f3778021000-7f377c000000 ---p 00000000 00:00 0 
7f377d000000-7f377d270000 rwxp 00000000 00:00 0 
7f377d270000-7f3780089000 rw-p 00000000 00:00 0 
7f3780089000-7f3784000000 ---p 00000000 00:00 0 
7f37846dc000-7f37847a2000 r--s 0116f000 00:17 4635111                    /home/grolim/Desktop/adt-bundle-linux-x86_64-20130522/sdk/platforms/android-17/android.jar
7f37847a2000-7f37847ca000 rw-p 00000000 00:00 0 
7f37847ca000-7f37847cb000 ---p 00000000 00:00 0 
7f37847cb000-7f37848cb000 rw-p 00000000 00:00 0 
7f37848cb000-7f37848cc000 ---p 00000000 00:00 0 
7f37848cc000-7f37849cc000 rw-p 00000000 00:00 0 
7f37849cc000-7f37849cd000 ---p 00000000 00:00 0 
7f37849cd000-7f3784acd000 rw-p 00000000 00:00 0 
7f3784acd000-7f3784ace000 ---p 00000000 00:00 0 
7f3784ace000-7f3784bce000 rw-p 00000000 00:00 0 
7f3784bce000-7f3784bcf000 ---p 00000000 00:00 0 
7f3784bcf000-7f3784ccf000 rw-p 00000000 00:00 0 
7f3784ccf000-7f3784cd0000 ---p 00000000 00:00 0 
7f3784cd0000-7f3784dd0000 rw-p 00000000 00:00 0 
7f3784dd0000-7f3784dd1000 ---p 00000000 00:00 0 
7f3784dd1000-7f3784ed1000 rw-p 00000000 00:00 0 
7f3784ed1000-7f3784ed2000 ---p 00000000 00:00 0 
7f3784ed2000-7f3784fdd000 rw-p 00000000 00:00 0 
7f3784fdd000-7f3785025000 rw-p 00000000 00:00 0 
7f3785025000-7f378504f000 rw-p 00000000 00:00 0 
7f378504f000-7f37852bf000 rw-p 00000000 00:00 0 
7f37852bf000-7f37852ca000 rw-p 00000000 00:00 0 
7f37852ca000-7f3785312000 rw-p 00000000 00:00 0 
7f3785312000-7f378533c000 rw-p 00000000 00:00 0 
7f378533c000-7f37855ab000 rw-p 00000000 00:00 0 
7f37855ab000-7f37855c1000 rw-p 00000000 00:00 0 
7f37855c1000-7f37856f8000 rw-p 00000000 00:00 0 
7f37856f8000-7f37856f9000 rw-p 00000000 00:00 0 
7f37856f9000-7f3785700000 r-xp 00000000 08:06 205291                     /usr/lib/jvm/java-6-openjdk-amd64/jre/lib/amd64/libzip.so
7f3785700000-7f37858ff000 ---p 00007000 08:06 205291                     /usr/lib/jvm/java-6-openjdk-amd64/jre/lib/amd64/libzip.so
7f37858ff000-7f3785900000 r--p 00006000 08:06 205291                     /usr/lib/jvm/java-6-openjdk-amd64/jre/lib/amd64/libzip.so
7f3785900000-7f3785901000 rw-p 00007000 08:06 205291                     /usr/lib/jvm/java-6-openjdk-amd64/jre/lib/amd64/libzip.so
7f3785901000-7f378590d000 r-xp 00000000 08:06 266268                     /lib/x86_64-linux-gnu/libnss_files-2.15.so
7f378590d000-7f3785b0c000 ---p 0000c000 08:06 266268                     /lib/x86_64-linux-gnu/libnss_files-2.15.so
7f3785b0c000-7f3785b0d000 r--p 0000b000 08:06 266268                     /lib/x86_64-linux-gnu/libnss_files-2.15.so
7f3785b0d000-7f3785b0e000 rw-p 0000c000 08:06 266268                     /lib/x86_64-linux-gnu/libnss_files-2.15.so
7f3785b0e000-7f3785b25000 r-xp 00000000 08:06 266262                     /lib/x86_64-linux-gnu/libnsl-2.15.so
7f3785b25000-7f3785d24000 ---p 00017000 08:06 266262                     /lib/x86_64-linux-gnu/libnsl-2.15.so
7f3785d24000-7f3785d25000 r--p 00016000 08:06 266262                     /lib/x86_64-linux-gnu/libnsl-2.15.so
7f3785d25000-7f3785d26000 rw-p 00017000 08:06 266262                     /lib/x86_64-linux-gnu/libnsl-2.15.so
7f3785d26000-7f3785d28000 rw-p 00000000 00:00 0 
7f3785d28000-7f3785d32000 r-xp 00000000 08:06 266272                     /lib/x86_64-linux-gnu/libnss_nis-2.15.so
7f3785d32000-7f3785f32000 ---p 0000a000 08:06 266272                     /lib/x86_64-linux-gnu/libnss_nis-2.15.so
7f3785f32000-7f3785f33000 r--p 0000a000 08:06 266272                     /lib/x86_64-linux-gnu/libnss_nis-2.15.so
7f3785f33000-7f3785f34000 rw-p 0000b000 08:06 266272                     /lib/x86_64-linux-gnu/libnss_nis-2.15.so
7f3785f34000-7f3786617000 r--p 00000000 08:06 23677                      /usr/lib/locale/locale-archive
7f3786617000-7f378661a000 r-xp 00000000 08:06 205283                     /usr/lib/jvm/java-6-openjdk-amd64/jre/lib/amd64/libnpt.so
7f378661a000-7f3786819000 ---p 00003000 08:06 205283                     /usr/lib/jvm/java-6-openjdk-amd64/jre/lib/amd64/libnpt.so
7f3786819000-7f378681a000 r--p 00002000 08:06 205283                     /usr/lib/jvm/java-6-openjdk-amd64/jre/lib/amd64/libnpt.so
7f378681a000-7f378681b000 rw-p 00003000 08:06 205283                     /usr/lib/jvm/java-6-openjdk-amd64/jre/lib/amd64/libnpt.so
7f378681b000-7f3786855000 r-xp 00000000 08:06 205277                     /usr/lib/jvm/java-6-openjdk-amd64/jre/lib/amd64/libjdwp.so
7f3786855000-7f3786a54000 ---p 0003a000 08:06 205277                     /usr/lib/jvm/java-6-openjdk-amd64/jre/lib/amd64/libjdwp.so
7f3786a54000-7f3786a55000 r--p 00039000 08:06 205277                     /usr/lib/jvm/java-6-openjdk-amd64/jre/lib/amd64/libjdwp.so
7f3786a55000-7f3786a56000 rw-p 0003a000 08:06 205277                     /usr/lib/jvm/java-6-openjdk-amd64/jre/lib/amd64/libjdwp.so
7f3786a56000-7f3786a82000 r-xp 00000000 08:06 205271                     /usr/lib/jvm/java-6-openjdk-amd64/jre/lib/amd64/libjava.so
7f3786a82000-7f3786c81000 ---p 0002c000 08:06 205271                     /usr/lib/jvm/java-6-openjdk-amd64/jre/lib/amd64/libjava.so
7f3786c81000-7f3786c82000 r--p 0002b000 08:06 205271                     /usr/lib/jvm/java-6-openjdk-amd64/jre/lib/amd64/libjava.so
7f3786c82000-7f3786c85000 rw-p 0002c000 08:06 205271                     /usr/lib/jvm/java-6-openjdk-amd64/jre/lib/amd64/libjava.so
7f3786c85000-7f3786c93000 r-xp 00000000 08:06 205282                     /usr/lib/jvm/java-6-openjdk-amd64/jre/lib/amd64/libverify.so
7f3786c93000-7f3786e92000 ---p 0000e000 08:06 205282                     /usr/lib/jvm/java-6-openjdk-amd64/jre/lib/amd64/libverify.so
7f3786e92000-7f3786e94000 r--p 0000d000 08:06 205282                     /usr/lib/jvm/java-6-openjdk-amd64/jre/lib/amd64/libverify.so
7f3786e94000-7f3786e95000 rw-p 0000f000 08:06 205282                     /usr/lib/jvm/java-6-openjdk-amd64/jre/lib/amd64/libverify.so
7f3786e95000-7f3786e9c000 r-xp 00000000 08:06 266303                     /lib/x86_64-linux-gnu/librt-2.15.so
7f3786e9c000-7f378709b000 ---p 00007000 08:06 266303                     /lib/x86_64-linux-gnu/librt-2.15.so
7f378709b000-7f378709c000 r--p 00006000 08:06 266303                     /lib/x86_64-linux-gnu/librt-2.15.so
7f378709c000-7f378709d000 rw-p 00007000 08:06 266303                     /lib/x86_64-linux-gnu/librt-2.15.so
7f378709d000-7f37870b2000 r-xp 00000000 08:06 266238                     /lib/x86_64-linux-gnu/libgcc_s.so.1
7f37870b2000-7f37872b1000 ---p 00015000 08:06 266238                     /lib/x86_64-linux-gnu/libgcc_s.so.1
7f37872b1000-7f37872b2000 r--p 00014000 08:06 266238                     /lib/x86_64-linux-gnu/libgcc_s.so.1
7f37872b2000-7f37872b3000 rw-p 00015000 08:06 266238                     /lib/x86_64-linux-gnu/libgcc_s.so.1
7f37872b3000-7f37873ac000 r-xp 00000000 08:06 266249                     /lib/x86_64-linux-gnu/libm-2.15.so
7f37873ac000-7f37875ab000 ---p 000f9000 08:06 266249                     /lib/x86_64-linux-gnu/libm-2.15.so
7f37875ab000-7f37875ac000 r--p 000f8000 08:06 266249                     /lib/x86_64-linux-gnu/libm-2.15.so
7f37875ac000-7f37875ad000 rw-p 000f9000 08:06 266249                     /lib/x86_64-linux-gnu/libm-2.15.so
7f37875ad000-7f378768f000 r-xp 00000000 08:06 24722                      /usr/lib/x86_64-linux-gnu/libstdc++.so.6.0.16
7f378768f000-7f378788e000 ---p 000e2000 08:06 24722                      /usr/lib/x86_64-linux-gnu/libstdc++.so.6.0.16
7f378788e000-7f3787896000 r--p 000e1000 08:06 24722                      /usr/lib/x86_64-linux-gnu/libstdc++.so.6.0.16
7f3787896000-7f3787898000 rw-p 000e9000 08:06 24722                      /usr/lib/x86_64-linux-gnu/libstdc++.so.6.0.16
7f3787898000-7f37878ad000 rw-p 00000000 00:00 0 
7f37878ad000-7f37881b1000 r-xp 00000000 08:06 205267                     /usr/lib/jvm/java-6-openjdk-amd64/jre/lib/amd64/server/libjvm.so
7f37881b1000-7f37883b1000 ---p 00904000 08:06 205267                     /usr/lib/jvm/java-6-openjdk-amd64/jre/lib/amd64/server/libjvm.so
7f37883b1000-7f3788431000 r--p 00904000 08:06 205267                     /usr/lib/jvm/java-6-openjdk-amd64/jre/lib/amd64/server/libjvm.so
7f3788431000-7f378844c000 rw-p 00984000 08:06 205267                     /usr/lib/jvm/java-6-openjdk-amd64/jre/lib/amd64/server/libjvm.so
7f378844c000-7f3788475000 rw-p 00000000 00:00 0 
7f3788475000-7f378848b000 r-xp 00000000 08:06 266328                     /lib/x86_64-linux-gnu/libz.so.1.2.3.4
7f378848b000-7f378868a000 ---p 00016000 08:06 266328                     /lib/x86_64-linux-gnu/libz.so.1.2.3.4
7f378868a000-7f378868b000 r--p 00015000 08:06 266328                     /lib/x86_64-linux-gnu/libz.so.1.2.3.4
7f378868b000-7f378868c000 rw-p 00016000 08:06 266328                     /lib/x86_64-linux-gnu/libz.so.1.2.3.4
7f378868c000-7f378883f000 r-xp 00000000 08:06 266217                     /lib/x86_64-linux-gnu/libc-2.15.so
7f378883f000-7f3788a3e000 ---p 001b3000 08:06 266217                     /lib/x86_64-linux-gnu/libc-2.15.so
7f3788a3e000-7f3788a42000 r--p 001b2000 08:06 266217                     /lib/x86_64-linux-gnu/libc-2.15.so
7f3788a42000-7f3788a44000 rw-p 001b6000 08:06 266217                     /lib/x86_64-linux-gnu/libc-2.15.so
7f3788a44000-7f3788a49000 rw-p 00000000 00:00 0 
7f3788a49000-7f3788a4b000 r-xp 00000000 08:06 266230                     /lib/x86_64-linux-gnu/libdl-2.15.so
7f3788a4b000-7f3788c4b000 ---p 00002000 08:06 266230                     /lib/x86_64-linux-gnu/libdl-2.15.so
7f3788c4b000-7f3788c4c000 r--p 00002000 08:06 266230                     /lib/x86_64-linux-gnu/libdl-2.15.so
7f3788c4c000-7f3788c4d000 rw-p 00003000 08:06 266230                     /lib/x86_64-linux-gnu/libdl-2.15.so
7f3788c4d000-7f3788c51000 r-xp 00000000 08:06 205273                     /usr/lib/jvm/java-6-openjdk-amd64/jre/lib/amd64/jli/libjli.so
7f3788c51000-7f3788e50000 ---p 00004000 08:06 205273                     /usr/lib/jvm/java-6-openjdk-amd64/jre/lib/amd64/jli/libjli.so
7f3788e50000-7f3788e51000 r--p 00003000 08:06 205273                     /usr/lib/jvm/java-6-openjdk-amd64/jre/lib/amd64/jli/libjli.so
7f3788e51000-7f3788e52000 rw-p 00004000 08:06 205273                     /usr/lib/jvm/java-6-openjdk-amd64/jre/lib/amd64/jli/libjli.so
7f3788e52000-7f3788e6a000 r-xp 00000000 08:06 266297                     /lib/x86_64-linux-gnu/libpthread-2.15.so
7f3788e6a000-7f3789069000 ---p 00018000 08:06 266297                     /lib/x86_64-linux-gnu/libpthread-2.15.so
7f3789069000-7f378906a000 r--p 00017000 08:06 266297                     /lib/x86_64-linux-gnu/libpthread-2.15.so
7f378906a000-7f378906b000 rw-p 00018000 08:06 266297                     /lib/x86_64-linux-gnu/libpthread-2.15.so
7f378906b000-7f378906f000 rw-p 00000000 00:00 0 
7f378906f000-7f3789091000 r-xp 00000000 08:06 266197                     /lib/x86_64-linux-gnu/ld-2.15.so
7f37890a5000-7f37890af000 rw-p 00000000 00:00 0 
7f37890af000-7f3789165000 rw-p 00000000 00:00 0 
7f3789165000-7f3789168000 ---p 00000000 00:00 0 
7f3789168000-7f378926b000 rw-p 00000000 00:00 0 
7f3789285000-7f378928d000 rw-s 00000000 08:06 1448767                    /tmp/hsperfdata_grolim/5872
7f378928d000-7f378928e000 rw-p 00000000 00:00 0 
7f378928e000-7f378928f000 r--p 00000000 00:00 0 
7f378928f000-7f3789291000 rw-p 00000000 00:00 0 
7f3789291000-7f3789292000 r--p 00022000 08:06 266197                     /lib/x86_64-linux-gnu/ld-2.15.so
7f3789292000-7f3789294000 rw-p 00023000 08:06 266197                     /lib/x86_64-linux-gnu/ld-2.15.so
7fff61c39000-7fff61c5a000 rw-p 00000000 00:00 0                          [stack]
7fff61d73000-7fff61d74000 r-xp 00000000 00:00 0                          [vdso]
ffffffffff600000-ffffffffff601000 r-xp 00000000 00:00 0                  [vsyscall]

VM Arguments:
jvm_args: -agentlib:jdwp=transport=dt_socket,suspend=y,address=localhost:50372 -Dfile.encoding=UTF-8 -Xbootclasspath:/home/grolim/Desktop/adt-bundle-linux-x86_64-20130522/sdk/platforms/android-17/android.jar 
java_command: uff.br.infouffdtn.http.Fetcher
Launcher Type: SUN_STANDARD

Environment Variables:
PATH=/usr/lib/lightdm/lightdm:/usr/local/sbin:/usr/local/bin:/usr/sbin:/usr/bin:/sbin:/bin:/usr/games
LD_LIBRARY_PATH=/usr/lib/jvm/java-6-openjdk-amd64/jre/lib/amd64/server:/usr/lib/jvm/java-6-openjdk-amd64/jre/lib/amd64:/usr/lib/jvm/java-6-openjdk-amd64/jre/../lib/amd64
SHELL=/bin/bash
DISPLAY=:0.0

Signal Handlers:
SIGSEGV: [libjvm.so+0x784310], sa_mask[0]=0x7ffbfeff, sa_flags=0x10000004
SIGBUS: [libjvm.so+0x784310], sa_mask[0]=0x7ffbfeff, sa_flags=0x10000004
SIGFPE: [libjvm.so+0x648580], sa_mask[0]=0x7ffbfeff, sa_flags=0x10000004
SIGPIPE: [libjvm.so+0x648580], sa_mask[0]=0x7ffbfeff, sa_flags=0x10000004
SIGXFSZ: [libjvm.so+0x648580], sa_mask[0]=0x7ffbfeff, sa_flags=0x10000004
SIGILL: [libjvm.so+0x648580], sa_mask[0]=0x7ffbfeff, sa_flags=0x10000004
SIGUSR1: SIG_DFL, sa_mask[0]=0x00000000, sa_flags=0x00000000
SIGUSR2: [libjvm.so+0x648730], sa_mask[0]=0x00000004, sa_flags=0x10000004
SIGHUP: SIG_DFL, sa_mask[0]=0x00000000, sa_flags=0x00000000
SIGINT: SIG_DFL, sa_mask[0]=0x00000000, sa_flags=0x00000000
SIGTERM: SIG_DFL, sa_mask[0]=0x00000000, sa_flags=0x00000000
SIGQUIT: SIG_DFL, sa_mask[0]=0x00000000, sa_flags=0x00000000


---------------  S Y S T E M  ---------------

OS:Ubuntu 12.04 (precise)
uname:Linux 3.2.0-27-generic #43-Ubuntu SMP Fri Jul 6 14:25:57 UTC 2012 x86_64
libc:glibc 2.15 NPTL 2.15 
rlimit: STACK 8192k, CORE 0k, NPROC 63677, NOFILE 4096, AS infinity
load average:0.86 0.90 0.80

/proc/meminfo:
MemTotal:        8168344 kB
MemFree:         5623476 kB
Buffers:          183224 kB
Cached:           976068 kB
SwapCached:            0 kB
Active:          1599884 kB
Inactive:         652016 kB
Active(anon):    1093400 kB
Inactive(anon):     1280 kB
Active(file):     506484 kB
Inactive(file):   650736 kB
Unevictable:           0 kB
Mlocked:               0 kB
SwapTotal:        899068 kB
SwapFree:         899068 kB
Dirty:                56 kB
Writeback:             0 kB
AnonPages:       1092752 kB
Mapped:           197360 kB
Shmem:              2072 kB
Slab:             134372 kB
SReclaimable:      99116 kB
SUnreclaim:        35256 kB
KernelStack:        3648 kB
PageTables:        26980 kB
NFS_Unstable:        228 kB
Bounce:                0 kB
WritebackTmp:          0 kB
CommitLimit:     4983240 kB
Committed_AS:    3163172 kB
VmallocTotal:   34359738367 kB
VmallocUsed:      328888 kB
VmallocChunk:   34359406076 kB
HardwareCorrupted:     0 kB
AnonHugePages:         0 kB
HugePages_Total:       0
HugePages_Free:        0
HugePages_Rsvd:        0
HugePages_Surp:        0
Hugepagesize:       2048 kB
DirectMap4k:      116736 kB
DirectMap2M:     8263680 kB


CPU:total 8 (4 cores per cpu, 2 threads per core) family 6 model 42 stepping 7, cmov, cx8, fxsr, mmx, sse, sse2, sse3, ssse3, sse4.1, sse4.2, popcnt, ht

Memory: 4k page, physical 8168344k(5623476k free), swap 899068k(899068k free)

vm_info: OpenJDK 64-Bit Server VM (20.0-b12) for linux-amd64 JRE (1.6.0_24-b24), built on Jun 27 2012 02:37:21 by "buildd" with gcc 4.6.3

time: Wed Jul 31 14:42:41 2013
elapsed time: 0 seconds

