#
# A fatal error has been detected by the Java Runtime Environment:
#
#  Internal Error (classFileParser.cpp:3494), pid=4821, tid=140383061493504
#  Error: ShouldNotReachHere()
#
# JRE version: 6.0_24-b24
# Java VM: OpenJDK 64-Bit Server VM (20.0-b12 mixed mode linux-amd64 compressed oops)
# Derivative: IcedTea6 1.11.3
# Distribution: Ubuntu 12.04 LTS, package 6b24-1.11.3-1ubuntu0.12.04.1
# If you would like to submit a bug report, please include
# instructions how to reproduce the bug and visit:
#   https://bugs.launchpad.net/ubuntu/+source/openjdk-6/
#

---------------  T H R E A D  ---------------

Current thread (0x00007fad74007800):  JavaThread "Unknown thread" [_thread_in_vm, id=4822, stack(0x00007fad7a734000,0x00007fad7a835000)]

Stack: [0x00007fad7a734000,0x00007fad7a835000],  sp=0x00007fad7a833080,  free space=1020k
Native frames: (J=compiled Java code, j=interpreted, Vv=VM code, C=native code)
V  [libjvm.so+0x7836d5]  VMError::report(outputStream*)+0x1255
V  [libjvm.so+0x783959]  VMError::report_and_die()+0x169
V  [libjvm.so+0x3bb18a]  report_vm_error(char const*, int, char const*, char const*)+0x4a
V  [libjvm.so+0x351555]  ClassFileParser::parseClassFile(symbolHandle, Handle, Handle, KlassHandle, GrowableArray<Handle>*, symbolHandle&, bool, Thread*)+0x1545
V  [libjvm.so+0x3557b3]  ClassLoader::load_classfile(symbolHandle, Thread*)+0x1f3
V  [libjvm.so+0x71b894]  SystemDictionary::load_instance_class(symbolHandle, Handle, Thread*)+0x354
V  [libjvm.so+0x719fa0]  SystemDictionary::resolve_instance_class_or_null(symbolHandle, Handle, Handle, Thread*)+0x7c0
V  [libjvm.so+0x71bf23]  SystemDictionary::resolve_or_fail(symbolHandle, Handle, Handle, bool, Thread*)+0x33
V  [libjvm.so+0x71c004]  SystemDictionary::resolve_or_fail(symbolHandle, bool, Thread*)+0x14
V  [libjvm.so+0x71c0b0]  SystemDictionary::initialize_wk_klass(SystemDictionary::WKID, int, Thread*)+0xa0
V  [libjvm.so+0x71c119]  SystemDictionary::initialize_wk_klasses_until(SystemDictionary::WKID, SystemDictionary::WKID&, Thread*)+0x59
V  [libjvm.so+0x71c211]  SystemDictionary::initialize_preloaded_classes(Thread*)+0x71
V  [libjvm.so+0x75fa8f]  Universe::genesis(Thread*)+0x11f
V  [libjvm.so+0x76043f]  universe2_init()+0x1f
V  [libjvm.so+0x473f25]  init_globals()+0x95
V  [libjvm.so+0x74a3ca]  Threads::create_vm(JavaVMInitArgs*, bool*)+0x1ea
V  [libjvm.so+0x4cdbf1]  JNI_CreateJavaVM+0x61
C  [java+0x317e]  JavaMain+0x7e


---------------  P R O C E S S  ---------------

Java Threads: ( => current thread )

Other Threads:

=>0x00007fad74007800 (exited) JavaThread "Unknown thread" [_thread_in_vm, id=4822, stack(0x00007fad7a734000,0x00007fad7a835000)]

VM state:not at safepoint (not fully initialized)

VM Mutex/Monitor currently owned by a thread: None

Dynamic libraries:
00400000-00409000 r-xp 00000000 08:06 205315                             /usr/lib/jvm/java-6-openjdk-amd64/jre/bin/java
00608000-00609000 r--p 00008000 08:06 205315                             /usr/lib/jvm/java-6-openjdk-amd64/jre/bin/java
00609000-0060a000 rw-p 00009000 08:06 205315                             /usr/lib/jvm/java-6-openjdk-amd64/jre/bin/java
020e4000-02105000 rw-p 00000000 00:00 0                                  [heap]
778e00000-77a2c0000 rw-p 00000000 00:00 0 
77a2c0000-783400000 rw-p 00000000 00:00 0 
783400000-788720000 rw-p 00000000 00:00 0 
788720000-7d66b0000 rw-p 00000000 00:00 0 
7d66b0000-7d9040000 rw-p 00000000 00:00 0 
7d9040000-800000000 rw-p 00000000 00:00 0 
7fad30000000-7fad30021000 rw-p 00000000 00:00 0 
7fad30021000-7fad34000000 ---p 00000000 00:00 0 
7fad38000000-7fad38021000 rw-p 00000000 00:00 0 
7fad38021000-7fad3c000000 ---p 00000000 00:00 0 
7fad40000000-7fad40021000 rw-p 00000000 00:00 0 
7fad40021000-7fad44000000 ---p 00000000 00:00 0 
7fad48000000-7fad48021000 rw-p 00000000 00:00 0 
7fad48021000-7fad4c000000 ---p 00000000 00:00 0 
7fad50000000-7fad50021000 rw-p 00000000 00:00 0 
7fad50021000-7fad54000000 ---p 00000000 00:00 0 
7fad58000000-7fad58021000 rw-p 00000000 00:00 0 
7fad58021000-7fad5c000000 ---p 00000000 00:00 0 
7fad60000000-7fad60021000 rw-p 00000000 00:00 0 
7fad60021000-7fad64000000 ---p 00000000 00:00 0 
7fad68000000-7fad68021000 rw-p 00000000 00:00 0 
7fad68021000-7fad6c000000 ---p 00000000 00:00 0 
7fad6f7a8000-7fad6f86e000 r--s 0116f000 00:17 4635111                    /home/grolim/Desktop/adt-bundle-linux-x86_64-20130522/sdk/platforms/android-17/android.jar
7fad6f86e000-7fad6f896000 rw-p 00000000 00:00 0 
7fad6f896000-7fad6f897000 ---p 00000000 00:00 0 
7fad6f897000-7fad6f997000 rw-p 00000000 00:00 0 
7fad6f997000-7fad6f998000 ---p 00000000 00:00 0 
7fad6f998000-7fad6fa98000 rw-p 00000000 00:00 0 
7fad6fa98000-7fad6fa99000 ---p 00000000 00:00 0 
7fad6fa99000-7fad6fb99000 rw-p 00000000 00:00 0 
7fad6fb99000-7fad6fb9a000 ---p 00000000 00:00 0 
7fad6fb9a000-7fad6fc9a000 rw-p 00000000 00:00 0 
7fad6fc9a000-7fad6fc9b000 ---p 00000000 00:00 0 
7fad6fc9b000-7fad6fd9b000 rw-p 00000000 00:00 0 
7fad6fd9b000-7fad6fd9c000 ---p 00000000 00:00 0 
7fad6fd9c000-7fad6fe9c000 rw-p 00000000 00:00 0 
7fad6fe9c000-7fad6fe9d000 ---p 00000000 00:00 0 
7fad6fe9d000-7fad6ff9d000 rw-p 00000000 00:00 0 
7fad6ff9d000-7fad6ff9e000 ---p 00000000 00:00 0 
7fad6ff9e000-7fad700a9000 rw-p 00000000 00:00 0 
7fad700a9000-7fad700f1000 rw-p 00000000 00:00 0 
7fad700f1000-7fad7011b000 rw-p 00000000 00:00 0 
7fad7011b000-7fad7038b000 rw-p 00000000 00:00 0 
7fad7038b000-7fad70396000 rw-p 00000000 00:00 0 
7fad70396000-7fad703de000 rw-p 00000000 00:00 0 
7fad703de000-7fad70408000 rw-p 00000000 00:00 0 
7fad70408000-7fad70677000 rw-p 00000000 00:00 0 
7fad70677000-7fad7068d000 rw-p 00000000 00:00 0 
7fad7068d000-7fad707c4000 rw-p 00000000 00:00 0 
7fad707c4000-7fad707c5000 rw-p 00000000 00:00 0 
7fad707c5000-7fad70a35000 rwxp 00000000 00:00 0 
7fad70a35000-7fad737c5000 rw-p 00000000 00:00 0 
7fad737c5000-7fad737cc000 r-xp 00000000 08:06 205291                     /usr/lib/jvm/java-6-openjdk-amd64/jre/lib/amd64/libzip.so
7fad737cc000-7fad739cb000 ---p 00007000 08:06 205291                     /usr/lib/jvm/java-6-openjdk-amd64/jre/lib/amd64/libzip.so
7fad739cb000-7fad739cc000 r--p 00006000 08:06 205291                     /usr/lib/jvm/java-6-openjdk-amd64/jre/lib/amd64/libzip.so
7fad739cc000-7fad739cd000 rw-p 00007000 08:06 205291                     /usr/lib/jvm/java-6-openjdk-amd64/jre/lib/amd64/libzip.so
7fad739cd000-7fad739d9000 r-xp 00000000 08:06 266268                     /lib/x86_64-linux-gnu/libnss_files-2.15.so
7fad739d9000-7fad73bd8000 ---p 0000c000 08:06 266268                     /lib/x86_64-linux-gnu/libnss_files-2.15.so
7fad73bd8000-7fad73bd9000 r--p 0000b000 08:06 266268                     /lib/x86_64-linux-gnu/libnss_files-2.15.so
7fad73bd9000-7fad73bda000 rw-p 0000c000 08:06 266268                     /lib/x86_64-linux-gnu/libnss_files-2.15.so
7fad73bda000-7fad73bf1000 r-xp 00000000 08:06 266262                     /lib/x86_64-linux-gnu/libnsl-2.15.so
7fad73bf1000-7fad73df0000 ---p 00017000 08:06 266262                     /lib/x86_64-linux-gnu/libnsl-2.15.so
7fad73df0000-7fad73df1000 r--p 00016000 08:06 266262                     /lib/x86_64-linux-gnu/libnsl-2.15.so
7fad73df1000-7fad73df2000 rw-p 00017000 08:06 266262                     /lib/x86_64-linux-gnu/libnsl-2.15.so
7fad73df2000-7fad73df4000 rw-p 00000000 00:00 0 
7fad73df4000-7fad73dfe000 r-xp 00000000 08:06 266272                     /lib/x86_64-linux-gnu/libnss_nis-2.15.so
7fad73dfe000-7fad73ffe000 ---p 0000a000 08:06 266272                     /lib/x86_64-linux-gnu/libnss_nis-2.15.so
7fad73ffe000-7fad73fff000 r--p 0000a000 08:06 266272                     /lib/x86_64-linux-gnu/libnss_nis-2.15.so
7fad73fff000-7fad74000000 rw-p 0000b000 08:06 266272                     /lib/x86_64-linux-gnu/libnss_nis-2.15.so
7fad74000000-7fad74086000 rw-p 00000000 00:00 0 
7fad74086000-7fad78000000 ---p 00000000 00:00 0 
7fad78025000-7fad78051000 r-xp 00000000 08:06 205271                     /usr/lib/jvm/java-6-openjdk-amd64/jre/lib/amd64/libjava.so
7fad78051000-7fad78250000 ---p 0002c000 08:06 205271                     /usr/lib/jvm/java-6-openjdk-amd64/jre/lib/amd64/libjava.so
7fad78250000-7fad78251000 r--p 0002b000 08:06 205271                     /usr/lib/jvm/java-6-openjdk-amd64/jre/lib/amd64/libjava.so
7fad78251000-7fad78254000 rw-p 0002c000 08:06 205271                     /usr/lib/jvm/java-6-openjdk-amd64/jre/lib/amd64/libjava.so
7fad78254000-7fad78262000 r-xp 00000000 08:06 205282                     /usr/lib/jvm/java-6-openjdk-amd64/jre/lib/amd64/libverify.so
7fad78262000-7fad78461000 ---p 0000e000 08:06 205282                     /usr/lib/jvm/java-6-openjdk-amd64/jre/lib/amd64/libverify.so
7fad78461000-7fad78463000 r--p 0000d000 08:06 205282                     /usr/lib/jvm/java-6-openjdk-amd64/jre/lib/amd64/libverify.so
7fad78463000-7fad78464000 rw-p 0000f000 08:06 205282                     /usr/lib/jvm/java-6-openjdk-amd64/jre/lib/amd64/libverify.so
7fad78464000-7fad7846b000 r-xp 00000000 08:06 266303                     /lib/x86_64-linux-gnu/librt-2.15.so
7fad7846b000-7fad7866a000 ---p 00007000 08:06 266303                     /lib/x86_64-linux-gnu/librt-2.15.so
7fad7866a000-7fad7866b000 r--p 00006000 08:06 266303                     /lib/x86_64-linux-gnu/librt-2.15.so
7fad7866b000-7fad7866c000 rw-p 00007000 08:06 266303                     /lib/x86_64-linux-gnu/librt-2.15.so
7fad7866c000-7fad78681000 r-xp 00000000 08:06 266238                     /lib/x86_64-linux-gnu/libgcc_s.so.1
7fad78681000-7fad78880000 ---p 00015000 08:06 266238                     /lib/x86_64-linux-gnu/libgcc_s.so.1
7fad78880000-7fad78881000 r--p 00014000 08:06 266238                     /lib/x86_64-linux-gnu/libgcc_s.so.1
7fad78881000-7fad78882000 rw-p 00015000 08:06 266238                     /lib/x86_64-linux-gnu/libgcc_s.so.1
7fad78882000-7fad7897b000 r-xp 00000000 08:06 266249                     /lib/x86_64-linux-gnu/libm-2.15.so
7fad7897b000-7fad78b7a000 ---p 000f9000 08:06 266249                     /lib/x86_64-linux-gnu/libm-2.15.so
7fad78b7a000-7fad78b7b000 r--p 000f8000 08:06 266249                     /lib/x86_64-linux-gnu/libm-2.15.so
7fad78b7b000-7fad78b7c000 rw-p 000f9000 08:06 266249                     /lib/x86_64-linux-gnu/libm-2.15.so
7fad78b7c000-7fad78c5e000 r-xp 00000000 08:06 24722                      /usr/lib/x86_64-linux-gnu/libstdc++.so.6.0.16
7fad78c5e000-7fad78e5d000 ---p 000e2000 08:06 24722                      /usr/lib/x86_64-linux-gnu/libstdc++.so.6.0.16
7fad78e5d000-7fad78e65000 r--p 000e1000 08:06 24722                      /usr/lib/x86_64-linux-gnu/libstdc++.so.6.0.16
7fad78e65000-7fad78e67000 rw-p 000e9000 08:06 24722                      /usr/lib/x86_64-linux-gnu/libstdc++.so.6.0.16
7fad78e67000-7fad78e7c000 rw-p 00000000 00:00 0 
7fad78e7c000-7fad79780000 r-xp 00000000 08:06 205267                     /usr/lib/jvm/java-6-openjdk-amd64/jre/lib/amd64/server/libjvm.so
7fad79780000-7fad79980000 ---p 00904000 08:06 205267                     /usr/lib/jvm/java-6-openjdk-amd64/jre/lib/amd64/server/libjvm.so
7fad79980000-7fad79a00000 r--p 00904000 08:06 205267                     /usr/lib/jvm/java-6-openjdk-amd64/jre/lib/amd64/server/libjvm.so
7fad79a00000-7fad79a1b000 rw-p 00984000 08:06 205267                     /usr/lib/jvm/java-6-openjdk-amd64/jre/lib/amd64/server/libjvm.so
7fad79a1b000-7fad79a44000 rw-p 00000000 00:00 0 
7fad79a44000-7fad79a5a000 r-xp 00000000 08:06 266328                     /lib/x86_64-linux-gnu/libz.so.1.2.3.4
7fad79a5a000-7fad79c59000 ---p 00016000 08:06 266328                     /lib/x86_64-linux-gnu/libz.so.1.2.3.4
7fad79c59000-7fad79c5a000 r--p 00015000 08:06 266328                     /lib/x86_64-linux-gnu/libz.so.1.2.3.4
7fad79c5a000-7fad79c5b000 rw-p 00016000 08:06 266328                     /lib/x86_64-linux-gnu/libz.so.1.2.3.4
7fad79c5b000-7fad79e0e000 r-xp 00000000 08:06 266217                     /lib/x86_64-linux-gnu/libc-2.15.so
7fad79e0e000-7fad7a00d000 ---p 001b3000 08:06 266217                     /lib/x86_64-linux-gnu/libc-2.15.so
7fad7a00d000-7fad7a011000 r--p 001b2000 08:06 266217                     /lib/x86_64-linux-gnu/libc-2.15.so
7fad7a011000-7fad7a013000 rw-p 001b6000 08:06 266217                     /lib/x86_64-linux-gnu/libc-2.15.so
7fad7a013000-7fad7a018000 rw-p 00000000 00:00 0 
7fad7a018000-7fad7a01a000 r-xp 00000000 08:06 266230                     /lib/x86_64-linux-gnu/libdl-2.15.so
7fad7a01a000-7fad7a21a000 ---p 00002000 08:06 266230                     /lib/x86_64-linux-gnu/libdl-2.15.so
7fad7a21a000-7fad7a21b000 r--p 00002000 08:06 266230                     /lib/x86_64-linux-gnu/libdl-2.15.so
7fad7a21b000-7fad7a21c000 rw-p 00003000 08:06 266230                     /lib/x86_64-linux-gnu/libdl-2.15.so
7fad7a21c000-7fad7a220000 r-xp 00000000 08:06 205273                     /usr/lib/jvm/java-6-openjdk-amd64/jre/lib/amd64/jli/libjli.so
7fad7a220000-7fad7a41f000 ---p 00004000 08:06 205273                     /usr/lib/jvm/java-6-openjdk-amd64/jre/lib/amd64/jli/libjli.so
7fad7a41f000-7fad7a420000 r--p 00003000 08:06 205273                     /usr/lib/jvm/java-6-openjdk-amd64/jre/lib/amd64/jli/libjli.so
7fad7a420000-7fad7a421000 rw-p 00004000 08:06 205273                     /usr/lib/jvm/java-6-openjdk-amd64/jre/lib/amd64/jli/libjli.so
7fad7a421000-7fad7a439000 r-xp 00000000 08:06 266297                     /lib/x86_64-linux-gnu/libpthread-2.15.so
7fad7a439000-7fad7a638000 ---p 00018000 08:06 266297                     /lib/x86_64-linux-gnu/libpthread-2.15.so
7fad7a638000-7fad7a639000 r--p 00017000 08:06 266297                     /lib/x86_64-linux-gnu/libpthread-2.15.so
7fad7a639000-7fad7a63a000 rw-p 00018000 08:06 266297                     /lib/x86_64-linux-gnu/libpthread-2.15.so
7fad7a63a000-7fad7a63e000 rw-p 00000000 00:00 0 
7fad7a63e000-7fad7a660000 r-xp 00000000 08:06 266197                     /lib/x86_64-linux-gnu/ld-2.15.so
7fad7a674000-7fad7a67e000 rw-p 00000000 00:00 0 
7fad7a67e000-7fad7a734000 rw-p 00000000 00:00 0 
7fad7a734000-7fad7a737000 ---p 00000000 00:00 0 
7fad7a737000-7fad7a83a000 rw-p 00000000 00:00 0 
7fad7a854000-7fad7a85c000 rw-s 00000000 08:06 1448767                    /tmp/hsperfdata_grolim/4821
7fad7a85c000-7fad7a85d000 rw-p 00000000 00:00 0 
7fad7a85d000-7fad7a85e000 r--p 00000000 00:00 0 
7fad7a85e000-7fad7a860000 rw-p 00000000 00:00 0 
7fad7a860000-7fad7a861000 r--p 00022000 08:06 266197                     /lib/x86_64-linux-gnu/ld-2.15.so
7fad7a861000-7fad7a863000 rw-p 00023000 08:06 266197                     /lib/x86_64-linux-gnu/ld-2.15.so
7fff8364d000-7fff8366e000 rw-p 00000000 00:00 0                          [stack]
7fff83719000-7fff8371a000 r-xp 00000000 00:00 0                          [vdso]
ffffffffff600000-ffffffffff601000 r-xp 00000000 00:00 0                  [vsyscall]

VM Arguments:
jvm_args: -Dfile.encoding=UTF-8 -Xbootclasspath:/home/grolim/Desktop/adt-bundle-linux-x86_64-20130522/sdk/platforms/android-17/android.jar 
java_command: uff.br.infouffdtn.http.Fetcher
Launcher Type: SUN_STANDARD

Environment Variables:
PATH=/usr/lib/lightdm/lightdm:/usr/local/sbin:/usr/local/bin:/usr/sbin:/usr/bin:/sbin:/bin:/usr/games
LD_LIBRARY_PATH=/usr/lib/jvm/java-6-openjdk-amd64/jre/lib/amd64/server:/usr/lib/jvm/java-6-openjdk-amd64/jre/lib/amd64:/usr/lib/jvm/java-6-openjdk-amd64/jre/../lib/amd64
SHELL=/bin/bash
DISPLAY=:0.0

Signal Handlers:
SIGSEGV: [libjvm.so+0x784310], sa_mask[0]=0x7ffbfeff, sa_flags=0x10000004
SIGBUS: [libjvm.so+0x784310], sa_mask[0]=0x7ffbfeff, sa_flags=0x10000004
SIGFPE: [libjvm.so+0x648580], sa_mask[0]=0x7ffbfeff, sa_flags=0x10000004
SIGPIPE: [libjvm.so+0x648580], sa_mask[0]=0x7ffbfeff, sa_flags=0x10000004
SIGXFSZ: [libjvm.so+0x648580], sa_mask[0]=0x7ffbfeff, sa_flags=0x10000004
SIGILL: [libjvm.so+0x648580], sa_mask[0]=0x7ffbfeff, sa_flags=0x10000004
SIGUSR1: SIG_DFL, sa_mask[0]=0x00000000, sa_flags=0x00000000
SIGUSR2: [libjvm.so+0x648730], sa_mask[0]=0x00000004, sa_flags=0x10000004
SIGHUP: SIG_DFL, sa_mask[0]=0x00000000, sa_flags=0x00000000
SIGINT: SIG_DFL, sa_mask[0]=0x00000000, sa_flags=0x00000000
SIGTERM: SIG_DFL, sa_mask[0]=0x00000000, sa_flags=0x00000000
SIGQUIT: SIG_DFL, sa_mask[0]=0x00000000, sa_flags=0x00000000


---------------  S Y S T E M  ---------------

OS:Ubuntu 12.04 (precise)
uname:Linux 3.2.0-27-generic #43-Ubuntu SMP Fri Jul 6 14:25:57 UTC 2012 x86_64
libc:glibc 2.15 NPTL 2.15 
rlimit: STACK 8192k, CORE 0k, NPROC 63677, NOFILE 4096, AS infinity
load average:0.76 0.94 0.70

/proc/meminfo:
MemTotal:        8168344 kB
MemFree:         6166428 kB
Buffers:           79360 kB
Cached:           669004 kB
SwapCached:            0 kB
Active:          1231080 kB
Inactive:         538784 kB
Active(anon):    1022624 kB
Inactive(anon):     1284 kB
Active(file):     208456 kB
Inactive(file):   537500 kB
Unevictable:           0 kB
Mlocked:               0 kB
SwapTotal:        899068 kB
SwapFree:         899068 kB
Dirty:                24 kB
Writeback:             4 kB
AnonPages:       1022208 kB
Mapped:           161092 kB
Shmem:              2072 kB
Slab:              73148 kB
SReclaimable:      39388 kB
SUnreclaim:        33760 kB
KernelStack:        3600 kB
PageTables:        26552 kB
NFS_Unstable:        456 kB
Bounce:                0 kB
WritebackTmp:          0 kB
CommitLimit:     4983240 kB
Committed_AS:    3037824 kB
VmallocTotal:   34359738367 kB
VmallocUsed:      328888 kB
VmallocChunk:   34359406076 kB
HardwareCorrupted:     0 kB
AnonHugePages:         0 kB
HugePages_Total:       0
HugePages_Free:        0
HugePages_Rsvd:        0
HugePages_Surp:        0
Hugepagesize:       2048 kB
DirectMap4k:      116736 kB
DirectMap2M:     8263680 kB


CPU:total 8 (4 cores per cpu, 2 threads per core) family 6 model 42 stepping 7, cmov, cx8, fxsr, mmx, sse, sse2, sse3, ssse3, sse4.1, sse4.2, popcnt, ht

Memory: 4k page, physical 8168344k(6166428k free), swap 899068k(899068k free)

vm_info: OpenJDK 64-Bit Server VM (20.0-b12) for linux-amd64 JRE (1.6.0_24-b24), built on Jun 27 2012 02:37:21 by "buildd" with gcc 4.6.3

time: Wed Jul 31 14:35:16 2013
elapsed time: 0 seconds

