#
# A fatal error has been detected by the Java Runtime Environment:
#
#  Internal Error (classFileParser.cpp:3494), pid=5846, tid=140552293521152
#  Error: ShouldNotReachHere()
#
# JRE version: 6.0_24-b24
# Java VM: OpenJDK 64-Bit Server VM (20.0-b12 mixed mode linux-amd64 compressed oops)
# Derivative: IcedTea6 1.11.3
# Distribution: Ubuntu 12.04 LTS, package 6b24-1.11.3-1ubuntu0.12.04.1
# If you would like to submit a bug report, please include
# instructions how to reproduce the bug and visit:
#   https://bugs.launchpad.net/ubuntu/+source/openjdk-6/
#

---------------  T H R E A D  ---------------

Current thread (0x00007fd4d8007800):  JavaThread "Unknown thread" [_thread_in_vm, id=5851, stack(0x00007fd4e1771000,0x00007fd4e1872000)]

Stack: [0x00007fd4e1771000,0x00007fd4e1872000],  sp=0x00007fd4e1870080,  free space=1020k
Native frames: (J=compiled Java code, j=interpreted, Vv=VM code, C=native code)
V  [libjvm.so+0x7836d5]  VMError::report(outputStream*)+0x1255
V  [libjvm.so+0x783959]  VMError::report_and_die()+0x169
V  [libjvm.so+0x3bb18a]  report_vm_error(char const*, int, char const*, char const*)+0x4a
V  [libjvm.so+0x351555]  ClassFileParser::parseClassFile(symbolHandle, Handle, Handle, KlassHandle, GrowableArray<Handle>*, symbolHandle&, bool, Thread*)+0x1545
V  [libjvm.so+0x3557b3]  ClassLoader::load_classfile(symbolHandle, Thread*)+0x1f3
V  [libjvm.so+0x71b894]  SystemDictionary::load_instance_class(symbolHandle, Handle, Thread*)+0x354
V  [libjvm.so+0x719fa0]  SystemDictionary::resolve_instance_class_or_null(symbolHandle, Handle, Handle, Thread*)+0x7c0
V  [libjvm.so+0x71bf23]  SystemDictionary::resolve_or_fail(symbolHandle, Handle, Handle, bool, Thread*)+0x33
V  [libjvm.so+0x71c004]  SystemDictionary::resolve_or_fail(symbolHandle, bool, Thread*)+0x14
V  [libjvm.so+0x71c0b0]  SystemDictionary::initialize_wk_klass(SystemDictionary::WKID, int, Thread*)+0xa0
V  [libjvm.so+0x71c119]  SystemDictionary::initialize_wk_klasses_until(SystemDictionary::WKID, SystemDictionary::WKID&, Thread*)+0x59
V  [libjvm.so+0x71c211]  SystemDictionary::initialize_preloaded_classes(Thread*)+0x71
V  [libjvm.so+0x75fa8f]  Universe::genesis(Thread*)+0x11f
V  [libjvm.so+0x76043f]  universe2_init()+0x1f
V  [libjvm.so+0x473f25]  init_globals()+0x95
V  [libjvm.so+0x74a3ca]  Threads::create_vm(JavaVMInitArgs*, bool*)+0x1ea
V  [libjvm.so+0x4cdbf1]  JNI_CreateJavaVM+0x61
C  [java+0x317e]  JavaMain+0x7e


---------------  P R O C E S S  ---------------

Java Threads: ( => current thread )

Other Threads:

=>0x00007fd4d8007800 (exited) JavaThread "Unknown thread" [_thread_in_vm, id=5851, stack(0x00007fd4e1771000,0x00007fd4e1872000)]

VM state:not at safepoint (not fully initialized)

VM Mutex/Monitor currently owned by a thread: None

Dynamic libraries:
00400000-00409000 r-xp 00000000 08:06 205315                             /usr/lib/jvm/java-6-openjdk-amd64/jre/bin/java
00608000-00609000 r--p 00008000 08:06 205315                             /usr/lib/jvm/java-6-openjdk-amd64/jre/bin/java
00609000-0060a000 rw-p 00009000 08:06 205315                             /usr/lib/jvm/java-6-openjdk-amd64/jre/bin/java
0103d000-0105e000 rw-p 00000000 00:00 0                                  [heap]
778e00000-77a2c0000 rw-p 00000000 00:00 0 
77a2c0000-783400000 rw-p 00000000 00:00 0 
783400000-788720000 rw-p 00000000 00:00 0 
788720000-7d66b0000 rw-p 00000000 00:00 0 
7d66b0000-7d9040000 rw-p 00000000 00:00 0 
7d9040000-800000000 rw-p 00000000 00:00 0 
7fd4b0000000-7fd4b0021000 rw-p 00000000 00:00 0 
7fd4b0021000-7fd4b4000000 ---p 00000000 00:00 0 
7fd4b4000000-7fd4b4021000 rw-p 00000000 00:00 0 
7fd4b4021000-7fd4b8000000 ---p 00000000 00:00 0 
7fd4b8000000-7fd4b8021000 rw-p 00000000 00:00 0 
7fd4b8021000-7fd4bc000000 ---p 00000000 00:00 0 
7fd4c0000000-7fd4c0021000 rw-p 00000000 00:00 0 
7fd4c0021000-7fd4c4000000 ---p 00000000 00:00 0 
7fd4c4000000-7fd4c4021000 rw-p 00000000 00:00 0 
7fd4c4021000-7fd4c8000000 ---p 00000000 00:00 0 
7fd4c8000000-7fd4c8021000 rw-p 00000000 00:00 0 
7fd4c8021000-7fd4cc000000 ---p 00000000 00:00 0 
7fd4cc000000-7fd4cc021000 rw-p 00000000 00:00 0 
7fd4cc021000-7fd4d0000000 ---p 00000000 00:00 0 
7fd4d0000000-7fd4d0021000 rw-p 00000000 00:00 0 
7fd4d0021000-7fd4d4000000 ---p 00000000 00:00 0 
7fd4d5000000-7fd4d5270000 rwxp 00000000 00:00 0 
7fd4d5270000-7fd4d8086000 rw-p 00000000 00:00 0 
7fd4d8086000-7fd4dc000000 ---p 00000000 00:00 0 
7fd4dd80a000-7fd4dd8d0000 r--s 0116f000 00:17 4635111                    /home/grolim/Desktop/adt-bundle-linux-x86_64-20130522/sdk/platforms/android-17/android.jar
7fd4dd8d0000-7fd4dd8f8000 rw-p 00000000 00:00 0 
7fd4dd8f8000-7fd4dd8f9000 ---p 00000000 00:00 0 
7fd4dd8f9000-7fd4dd9f9000 rw-p 00000000 00:00 0 
7fd4dd9f9000-7fd4dd9fa000 ---p 00000000 00:00 0 
7fd4dd9fa000-7fd4ddafa000 rw-p 00000000 00:00 0 
7fd4ddafa000-7fd4ddafb000 ---p 00000000 00:00 0 
7fd4ddafb000-7fd4ddbfb000 rw-p 00000000 00:00 0 
7fd4ddbfb000-7fd4ddbfc000 ---p 00000000 00:00 0 
7fd4ddbfc000-7fd4ddcfc000 rw-p 00000000 00:00 0 
7fd4ddcfc000-7fd4ddcfd000 ---p 00000000 00:00 0 
7fd4ddcfd000-7fd4dddfd000 rw-p 00000000 00:00 0 
7fd4dddfd000-7fd4dddfe000 ---p 00000000 00:00 0 
7fd4dddfe000-7fd4ddefe000 rw-p 00000000 00:00 0 
7fd4ddefe000-7fd4ddeff000 ---p 00000000 00:00 0 
7fd4ddeff000-7fd4ddfff000 rw-p 00000000 00:00 0 
7fd4ddfff000-7fd4de000000 ---p 00000000 00:00 0 
7fd4de000000-7fd4de10b000 rw-p 00000000 00:00 0 
7fd4de10b000-7fd4de153000 rw-p 00000000 00:00 0 
7fd4de153000-7fd4de17d000 rw-p 00000000 00:00 0 
7fd4de17d000-7fd4de3ed000 rw-p 00000000 00:00 0 
7fd4de3ed000-7fd4de3f8000 rw-p 00000000 00:00 0 
7fd4de3f8000-7fd4de440000 rw-p 00000000 00:00 0 
7fd4de440000-7fd4de46a000 rw-p 00000000 00:00 0 
7fd4de46a000-7fd4de6d9000 rw-p 00000000 00:00 0 
7fd4de6d9000-7fd4de6ef000 rw-p 00000000 00:00 0 
7fd4de6ef000-7fd4de826000 rw-p 00000000 00:00 0 
7fd4de826000-7fd4de827000 rw-p 00000000 00:00 0 
7fd4de827000-7fd4de82e000 r-xp 00000000 08:06 205291                     /usr/lib/jvm/java-6-openjdk-amd64/jre/lib/amd64/libzip.so
7fd4de82e000-7fd4dea2d000 ---p 00007000 08:06 205291                     /usr/lib/jvm/java-6-openjdk-amd64/jre/lib/amd64/libzip.so
7fd4dea2d000-7fd4dea2e000 r--p 00006000 08:06 205291                     /usr/lib/jvm/java-6-openjdk-amd64/jre/lib/amd64/libzip.so
7fd4dea2e000-7fd4dea2f000 rw-p 00007000 08:06 205291                     /usr/lib/jvm/java-6-openjdk-amd64/jre/lib/amd64/libzip.so
7fd4dea2f000-7fd4dea3b000 r-xp 00000000 08:06 266268                     /lib/x86_64-linux-gnu/libnss_files-2.15.so
7fd4dea3b000-7fd4dec3a000 ---p 0000c000 08:06 266268                     /lib/x86_64-linux-gnu/libnss_files-2.15.so
7fd4dec3a000-7fd4dec3b000 r--p 0000b000 08:06 266268                     /lib/x86_64-linux-gnu/libnss_files-2.15.so
7fd4dec3b000-7fd4dec3c000 rw-p 0000c000 08:06 266268                     /lib/x86_64-linux-gnu/libnss_files-2.15.so
7fd4dec3c000-7fd4dec53000 r-xp 00000000 08:06 266262                     /lib/x86_64-linux-gnu/libnsl-2.15.so
7fd4dec53000-7fd4dee52000 ---p 00017000 08:06 266262                     /lib/x86_64-linux-gnu/libnsl-2.15.so
7fd4dee52000-7fd4dee53000 r--p 00016000 08:06 266262                     /lib/x86_64-linux-gnu/libnsl-2.15.so
7fd4dee53000-7fd4dee54000 rw-p 00017000 08:06 266262                     /lib/x86_64-linux-gnu/libnsl-2.15.so
7fd4dee54000-7fd4dee56000 rw-p 00000000 00:00 0 
7fd4dee56000-7fd4dee60000 r-xp 00000000 08:06 266272                     /lib/x86_64-linux-gnu/libnss_nis-2.15.so
7fd4dee60000-7fd4df060000 ---p 0000a000 08:06 266272                     /lib/x86_64-linux-gnu/libnss_nis-2.15.so
7fd4df060000-7fd4df061000 r--p 0000a000 08:06 266272                     /lib/x86_64-linux-gnu/libnss_nis-2.15.so
7fd4df061000-7fd4df062000 rw-p 0000b000 08:06 266272                     /lib/x86_64-linux-gnu/libnss_nis-2.15.so
7fd4df062000-7fd4df08e000 r-xp 00000000 08:06 205271                     /usr/lib/jvm/java-6-openjdk-amd64/jre/lib/amd64/libjava.so
7fd4df08e000-7fd4df28d000 ---p 0002c000 08:06 205271                     /usr/lib/jvm/java-6-openjdk-amd64/jre/lib/amd64/libjava.so
7fd4df28d000-7fd4df28e000 r--p 0002b000 08:06 205271                     /usr/lib/jvm/java-6-openjdk-amd64/jre/lib/amd64/libjava.so
7fd4df28e000-7fd4df291000 rw-p 0002c000 08:06 205271                     /usr/lib/jvm/java-6-openjdk-amd64/jre/lib/amd64/libjava.so
7fd4df291000-7fd4df29f000 r-xp 00000000 08:06 205282                     /usr/lib/jvm/java-6-openjdk-amd64/jre/lib/amd64/libverify.so
7fd4df29f000-7fd4df49e000 ---p 0000e000 08:06 205282                     /usr/lib/jvm/java-6-openjdk-amd64/jre/lib/amd64/libverify.so
7fd4df49e000-7fd4df4a0000 r--p 0000d000 08:06 205282                     /usr/lib/jvm/java-6-openjdk-amd64/jre/lib/amd64/libverify.so
7fd4df4a0000-7fd4df4a1000 rw-p 0000f000 08:06 205282                     /usr/lib/jvm/java-6-openjdk-amd64/jre/lib/amd64/libverify.so
7fd4df4a1000-7fd4df4a8000 r-xp 00000000 08:06 266303                     /lib/x86_64-linux-gnu/librt-2.15.so
7fd4df4a8000-7fd4df6a7000 ---p 00007000 08:06 266303                     /lib/x86_64-linux-gnu/librt-2.15.so
7fd4df6a7000-7fd4df6a8000 r--p 00006000 08:06 266303                     /lib/x86_64-linux-gnu/librt-2.15.so
7fd4df6a8000-7fd4df6a9000 rw-p 00007000 08:06 266303                     /lib/x86_64-linux-gnu/librt-2.15.so
7fd4df6a9000-7fd4df6be000 r-xp 00000000 08:06 266238                     /lib/x86_64-linux-gnu/libgcc_s.so.1
7fd4df6be000-7fd4df8bd000 ---p 00015000 08:06 266238                     /lib/x86_64-linux-gnu/libgcc_s.so.1
7fd4df8bd000-7fd4df8be000 r--p 00014000 08:06 266238                     /lib/x86_64-linux-gnu/libgcc_s.so.1
7fd4df8be000-7fd4df8bf000 rw-p 00015000 08:06 266238                     /lib/x86_64-linux-gnu/libgcc_s.so.1
7fd4df8bf000-7fd4df9b8000 r-xp 00000000 08:06 266249                     /lib/x86_64-linux-gnu/libm-2.15.so
7fd4df9b8000-7fd4dfbb7000 ---p 000f9000 08:06 266249                     /lib/x86_64-linux-gnu/libm-2.15.so
7fd4dfbb7000-7fd4dfbb8000 r--p 000f8000 08:06 266249                     /lib/x86_64-linux-gnu/libm-2.15.so
7fd4dfbb8000-7fd4dfbb9000 rw-p 000f9000 08:06 266249                     /lib/x86_64-linux-gnu/libm-2.15.so
7fd4dfbb9000-7fd4dfc9b000 r-xp 00000000 08:06 24722                      /usr/lib/x86_64-linux-gnu/libstdc++.so.6.0.16
7fd4dfc9b000-7fd4dfe9a000 ---p 000e2000 08:06 24722                      /usr/lib/x86_64-linux-gnu/libstdc++.so.6.0.16
7fd4dfe9a000-7fd4dfea2000 r--p 000e1000 08:06 24722                      /usr/lib/x86_64-linux-gnu/libstdc++.so.6.0.16
7fd4dfea2000-7fd4dfea4000 rw-p 000e9000 08:06 24722                      /usr/lib/x86_64-linux-gnu/libstdc++.so.6.0.16
7fd4dfea4000-7fd4dfeb9000 rw-p 00000000 00:00 0 
7fd4dfeb9000-7fd4e07bd000 r-xp 00000000 08:06 205267                     /usr/lib/jvm/java-6-openjdk-amd64/jre/lib/amd64/server/libjvm.so
7fd4e07bd000-7fd4e09bd000 ---p 00904000 08:06 205267                     /usr/lib/jvm/java-6-openjdk-amd64/jre/lib/amd64/server/libjvm.so
7fd4e09bd000-7fd4e0a3d000 r--p 00904000 08:06 205267                     /usr/lib/jvm/java-6-openjdk-amd64/jre/lib/amd64/server/libjvm.so
7fd4e0a3d000-7fd4e0a58000 rw-p 00984000 08:06 205267                     /usr/lib/jvm/java-6-openjdk-amd64/jre/lib/amd64/server/libjvm.so
7fd4e0a58000-7fd4e0a81000 rw-p 00000000 00:00 0 
7fd4e0a81000-7fd4e0a97000 r-xp 00000000 08:06 266328                     /lib/x86_64-linux-gnu/libz.so.1.2.3.4
7fd4e0a97000-7fd4e0c96000 ---p 00016000 08:06 266328                     /lib/x86_64-linux-gnu/libz.so.1.2.3.4
7fd4e0c96000-7fd4e0c97000 r--p 00015000 08:06 266328                     /lib/x86_64-linux-gnu/libz.so.1.2.3.4
7fd4e0c97000-7fd4e0c98000 rw-p 00016000 08:06 266328                     /lib/x86_64-linux-gnu/libz.so.1.2.3.4
7fd4e0c98000-7fd4e0e4b000 r-xp 00000000 08:06 266217                     /lib/x86_64-linux-gnu/libc-2.15.so
7fd4e0e4b000-7fd4e104a000 ---p 001b3000 08:06 266217                     /lib/x86_64-linux-gnu/libc-2.15.so
7fd4e104a000-7fd4e104e000 r--p 001b2000 08:06 266217                     /lib/x86_64-linux-gnu/libc-2.15.so
7fd4e104e000-7fd4e1050000 rw-p 001b6000 08:06 266217                     /lib/x86_64-linux-gnu/libc-2.15.so
7fd4e1050000-7fd4e1055000 rw-p 00000000 00:00 0 
7fd4e1055000-7fd4e1057000 r-xp 00000000 08:06 266230                     /lib/x86_64-linux-gnu/libdl-2.15.so
7fd4e1057000-7fd4e1257000 ---p 00002000 08:06 266230                     /lib/x86_64-linux-gnu/libdl-2.15.so
7fd4e1257000-7fd4e1258000 r--p 00002000 08:06 266230                     /lib/x86_64-linux-gnu/libdl-2.15.so
7fd4e1258000-7fd4e1259000 rw-p 00003000 08:06 266230                     /lib/x86_64-linux-gnu/libdl-2.15.so
7fd4e1259000-7fd4e125d000 r-xp 00000000 08:06 205273                     /usr/lib/jvm/java-6-openjdk-amd64/jre/lib/amd64/jli/libjli.so
7fd4e125d000-7fd4e145c000 ---p 00004000 08:06 205273                     /usr/lib/jvm/java-6-openjdk-amd64/jre/lib/amd64/jli/libjli.so
7fd4e145c000-7fd4e145d000 r--p 00003000 08:06 205273                     /usr/lib/jvm/java-6-openjdk-amd64/jre/lib/amd64/jli/libjli.so
7fd4e145d000-7fd4e145e000 rw-p 00004000 08:06 205273                     /usr/lib/jvm/java-6-openjdk-amd64/jre/lib/amd64/jli/libjli.so
7fd4e145e000-7fd4e1476000 r-xp 00000000 08:06 266297                     /lib/x86_64-linux-gnu/libpthread-2.15.so
7fd4e1476000-7fd4e1675000 ---p 00018000 08:06 266297                     /lib/x86_64-linux-gnu/libpthread-2.15.so
7fd4e1675000-7fd4e1676000 r--p 00017000 08:06 266297                     /lib/x86_64-linux-gnu/libpthread-2.15.so
7fd4e1676000-7fd4e1677000 rw-p 00018000 08:06 266297                     /lib/x86_64-linux-gnu/libpthread-2.15.so
7fd4e1677000-7fd4e167b000 rw-p 00000000 00:00 0 
7fd4e167b000-7fd4e169d000 r-xp 00000000 08:06 266197                     /lib/x86_64-linux-gnu/ld-2.15.so
7fd4e16a9000-7fd4e16b3000 rw-p 00000000 00:00 0 
7fd4e16b3000-7fd4e1769000 rw-p 00000000 00:00 0 
7fd4e1769000-7fd4e1771000 rw-s 00000000 08:06 1448767                    /tmp/hsperfdata_grolim/5846
7fd4e1771000-7fd4e1774000 ---p 00000000 00:00 0 
7fd4e1774000-7fd4e1877000 rw-p 00000000 00:00 0 
7fd4e1899000-7fd4e189a000 rw-p 00000000 00:00 0 
7fd4e189a000-7fd4e189b000 r--p 00000000 00:00 0 
7fd4e189b000-7fd4e189d000 rw-p 00000000 00:00 0 
7fd4e189d000-7fd4e189e000 r--p 00022000 08:06 266197                     /lib/x86_64-linux-gnu/ld-2.15.so
7fd4e189e000-7fd4e18a0000 rw-p 00023000 08:06 266197                     /lib/x86_64-linux-gnu/ld-2.15.so
7fff9aad2000-7fff9aaf3000 rw-p 00000000 00:00 0                          [stack]
7fff9abb3000-7fff9abb4000 r-xp 00000000 00:00 0                          [vdso]
ffffffffff600000-ffffffffff601000 r-xp 00000000 00:00 0                  [vsyscall]

VM Arguments:
jvm_args: -Dfile.encoding=UTF-8 -Xbootclasspath:/home/grolim/Desktop/adt-bundle-linux-x86_64-20130522/sdk/platforms/android-17/android.jar 
java_command: uff.br.infouffdtn.http.Fetcher
Launcher Type: SUN_STANDARD

Environment Variables:
PATH=/usr/lib/lightdm/lightdm:/usr/local/sbin:/usr/local/bin:/usr/sbin:/usr/bin:/sbin:/bin:/usr/games
LD_LIBRARY_PATH=/usr/lib/jvm/java-6-openjdk-amd64/jre/lib/amd64/server:/usr/lib/jvm/java-6-openjdk-amd64/jre/lib/amd64:/usr/lib/jvm/java-6-openjdk-amd64/jre/../lib/amd64
SHELL=/bin/bash
DISPLAY=:0.0

Signal Handlers:
SIGSEGV: [libjvm.so+0x784310], sa_mask[0]=0x7ffbfeff, sa_flags=0x10000004
SIGBUS: [libjvm.so+0x784310], sa_mask[0]=0x7ffbfeff, sa_flags=0x10000004
SIGFPE: [libjvm.so+0x648580], sa_mask[0]=0x7ffbfeff, sa_flags=0x10000004
SIGPIPE: [libjvm.so+0x648580], sa_mask[0]=0x7ffbfeff, sa_flags=0x10000004
SIGXFSZ: [libjvm.so+0x648580], sa_mask[0]=0x7ffbfeff, sa_flags=0x10000004
SIGILL: [libjvm.so+0x648580], sa_mask[0]=0x7ffbfeff, sa_flags=0x10000004
SIGUSR1: SIG_DFL, sa_mask[0]=0x00000000, sa_flags=0x00000000
SIGUSR2: [libjvm.so+0x648730], sa_mask[0]=0x00000004, sa_flags=0x10000004
SIGHUP: SIG_DFL, sa_mask[0]=0x00000000, sa_flags=0x00000000
SIGINT: SIG_DFL, sa_mask[0]=0x00000000, sa_flags=0x00000000
SIGTERM: SIG_DFL, sa_mask[0]=0x00000000, sa_flags=0x00000000
SIGQUIT: SIG_DFL, sa_mask[0]=0x00000000, sa_flags=0x00000000


---------------  S Y S T E M  ---------------

OS:Ubuntu 12.04 (precise)
uname:Linux 3.2.0-27-generic #43-Ubuntu SMP Fri Jul 6 14:25:57 UTC 2012 x86_64
libc:glibc 2.15 NPTL 2.15 
rlimit: STACK 8192k, CORE 0k, NPROC 63677, NOFILE 4096, AS infinity
load average:0.81 0.89 0.80

/proc/meminfo:
MemTotal:        8168344 kB
MemFree:         5625872 kB
Buffers:          183208 kB
Cached:           976040 kB
SwapCached:            0 kB
Active:          1596648 kB
Inactive:         652056 kB
Active(anon):    1090244 kB
Inactive(anon):     1280 kB
Active(file):     506404 kB
Inactive(file):   650776 kB
Unevictable:           0 kB
Mlocked:               0 kB
SwapTotal:        899068 kB
SwapFree:         899068 kB
Dirty:               228 kB
Writeback:             4 kB
AnonPages:       1090400 kB
Mapped:           198812 kB
Shmem:              2072 kB
Slab:             134260 kB
SReclaimable:      99096 kB
SUnreclaim:        35164 kB
KernelStack:        3640 kB
PageTables:        26952 kB
NFS_Unstable:        164 kB
Bounce:                0 kB
WritebackTmp:          0 kB
CommitLimit:     4983240 kB
Committed_AS:    3165224 kB
VmallocTotal:   34359738367 kB
VmallocUsed:      328888 kB
VmallocChunk:   34359406076 kB
HardwareCorrupted:     0 kB
AnonHugePages:         0 kB
HugePages_Total:       0
HugePages_Free:        0
HugePages_Rsvd:        0
HugePages_Surp:        0
Hugepagesize:       2048 kB
DirectMap4k:      116736 kB
DirectMap2M:     8263680 kB


CPU:total 8 (4 cores per cpu, 2 threads per core) family 6 model 42 stepping 7, cmov, cx8, fxsr, mmx, sse, sse2, sse3, ssse3, sse4.1, sse4.2, popcnt, ht

Memory: 4k page, physical 8168344k(5625872k free), swap 899068k(899068k free)

vm_info: OpenJDK 64-Bit Server VM (20.0-b12) for linux-amd64 JRE (1.6.0_24-b24), built on Jun 27 2012 02:37:21 by "buildd" with gcc 4.6.3

time: Wed Jul 31 14:42:25 2013
elapsed time: 0 seconds

