#
# A fatal error has been detected by the Java Runtime Environment:
#
#  Internal Error (classFileParser.cpp:3494), pid=5913, tid=140488257857280
#  Error: ShouldNotReachHere()
#
# JRE version: 6.0_24-b24
# Java VM: OpenJDK 64-Bit Server VM (20.0-b12 mixed mode linux-amd64 compressed oops)
# Derivative: IcedTea6 1.11.3
# Distribution: Ubuntu 12.04 LTS, package 6b24-1.11.3-1ubuntu0.12.04.1
# If you would like to submit a bug report, please include
# instructions how to reproduce the bug and visit:
#   https://bugs.launchpad.net/ubuntu/+source/openjdk-6/
#

---------------  T H R E A D  ---------------

Current thread (0x00007fc5f0009800):  JavaThread "Unknown thread" [_thread_in_vm, id=5918, stack(0x00007fc5f8a46000,0x00007fc5f8b47000)]

Stack: [0x00007fc5f8a46000,0x00007fc5f8b47000],  sp=0x00007fc5f8b45080,  free space=1020k
Native frames: (J=compiled Java code, j=interpreted, Vv=VM code, C=native code)
V  [libjvm.so+0x7836d5]  VMError::report(outputStream*)+0x1255
V  [libjvm.so+0x783959]  VMError::report_and_die()+0x169
V  [libjvm.so+0x3bb18a]  report_vm_error(char const*, int, char const*, char const*)+0x4a
V  [libjvm.so+0x351555]  ClassFileParser::parseClassFile(symbolHandle, Handle, Handle, KlassHandle, GrowableArray<Handle>*, symbolHandle&, bool, Thread*)+0x1545
V  [libjvm.so+0x3557b3]  ClassLoader::load_classfile(symbolHandle, Thread*)+0x1f3
V  [libjvm.so+0x71b894]  SystemDictionary::load_instance_class(symbolHandle, Handle, Thread*)+0x354
V  [libjvm.so+0x719fa0]  SystemDictionary::resolve_instance_class_or_null(symbolHandle, Handle, Handle, Thread*)+0x7c0
V  [libjvm.so+0x71bf23]  SystemDictionary::resolve_or_fail(symbolHandle, Handle, Handle, bool, Thread*)+0x33
V  [libjvm.so+0x71c004]  SystemDictionary::resolve_or_fail(symbolHandle, bool, Thread*)+0x14
V  [libjvm.so+0x71c0b0]  SystemDictionary::initialize_wk_klass(SystemDictionary::WKID, int, Thread*)+0xa0
V  [libjvm.so+0x71c119]  SystemDictionary::initialize_wk_klasses_until(SystemDictionary::WKID, SystemDictionary::WKID&, Thread*)+0x59
V  [libjvm.so+0x71c211]  SystemDictionary::initialize_preloaded_classes(Thread*)+0x71
V  [libjvm.so+0x75fa8f]  Universe::genesis(Thread*)+0x11f
V  [libjvm.so+0x76043f]  universe2_init()+0x1f
V  [libjvm.so+0x473f25]  init_globals()+0x95
V  [libjvm.so+0x74a3ca]  Threads::create_vm(JavaVMInitArgs*, bool*)+0x1ea
V  [libjvm.so+0x4cdbf1]  JNI_CreateJavaVM+0x61
C  [java+0x317e]  JavaMain+0x7e


---------------  P R O C E S S  ---------------

Java Threads: ( => current thread )

Other Threads:

=>0x00007fc5f0009800 (exited) JavaThread "Unknown thread" [_thread_in_vm, id=5918, stack(0x00007fc5f8a46000,0x00007fc5f8b47000)]

VM state:not at safepoint (not fully initialized)

VM Mutex/Monitor currently owned by a thread: None

Dynamic libraries:
00400000-00409000 r-xp 00000000 08:06 205315                             /usr/lib/jvm/java-6-openjdk-amd64/jre/bin/java
00608000-00609000 r--p 00008000 08:06 205315                             /usr/lib/jvm/java-6-openjdk-amd64/jre/bin/java
00609000-0060a000 rw-p 00009000 08:06 205315                             /usr/lib/jvm/java-6-openjdk-amd64/jre/bin/java
00bd7000-00bf8000 rw-p 00000000 00:00 0                                  [heap]
778e00000-77a2c0000 rw-p 00000000 00:00 0 
77a2c0000-783400000 rw-p 00000000 00:00 0 
783400000-788720000 rw-p 00000000 00:00 0 
788720000-7d66b0000 rw-p 00000000 00:00 0 
7d66b0000-7d9040000 rw-p 00000000 00:00 0 
7d9040000-800000000 rw-p 00000000 00:00 0 
7fc5b8000000-7fc5b8021000 rw-p 00000000 00:00 0 
7fc5b8021000-7fc5bc000000 ---p 00000000 00:00 0 
7fc5c0000000-7fc5c0021000 rw-p 00000000 00:00 0 
7fc5c0021000-7fc5c4000000 ---p 00000000 00:00 0 
7fc5c8000000-7fc5c8021000 rw-p 00000000 00:00 0 
7fc5c8021000-7fc5cc000000 ---p 00000000 00:00 0 
7fc5d0000000-7fc5d0021000 rw-p 00000000 00:00 0 
7fc5d0021000-7fc5d4000000 ---p 00000000 00:00 0 
7fc5d8000000-7fc5d8021000 rw-p 00000000 00:00 0 
7fc5d8021000-7fc5dc000000 ---p 00000000 00:00 0 
7fc5e0000000-7fc5e0021000 rw-p 00000000 00:00 0 
7fc5e0021000-7fc5e4000000 ---p 00000000 00:00 0 
7fc5e4000000-7fc5e4021000 rw-p 00000000 00:00 0 
7fc5e4021000-7fc5e8000000 ---p 00000000 00:00 0 
7fc5e8000000-7fc5e8021000 rw-p 00000000 00:00 0 
7fc5e8021000-7fc5ec000000 ---p 00000000 00:00 0 
7fc5ecf3a000-7fc5ed000000 r--s 0116f000 00:17 4635111                    /home/grolim/Desktop/adt-bundle-linux-x86_64-20130522/sdk/platforms/android-17/android.jar
7fc5ed000000-7fc5ed270000 rwxp 00000000 00:00 0 
7fc5ed270000-7fc5f0089000 rw-p 00000000 00:00 0 
7fc5f0089000-7fc5f4000000 ---p 00000000 00:00 0 
7fc5f4083000-7fc5f40ab000 rw-p 00000000 00:00 0 
7fc5f40ab000-7fc5f40ac000 ---p 00000000 00:00 0 
7fc5f40ac000-7fc5f41ac000 rw-p 00000000 00:00 0 
7fc5f41ac000-7fc5f41ad000 ---p 00000000 00:00 0 
7fc5f41ad000-7fc5f42ad000 rw-p 00000000 00:00 0 
7fc5f42ad000-7fc5f42ae000 ---p 00000000 00:00 0 
7fc5f42ae000-7fc5f43ae000 rw-p 00000000 00:00 0 
7fc5f43ae000-7fc5f43af000 ---p 00000000 00:00 0 
7fc5f43af000-7fc5f44af000 rw-p 00000000 00:00 0 
7fc5f44af000-7fc5f44b0000 ---p 00000000 00:00 0 
7fc5f44b0000-7fc5f45b0000 rw-p 00000000 00:00 0 
7fc5f45b0000-7fc5f45b1000 ---p 00000000 00:00 0 
7fc5f45b1000-7fc5f46b1000 rw-p 00000000 00:00 0 
7fc5f46b1000-7fc5f46b2000 ---p 00000000 00:00 0 
7fc5f46b2000-7fc5f47b2000 rw-p 00000000 00:00 0 
7fc5f47b2000-7fc5f47b3000 ---p 00000000 00:00 0 
7fc5f47b3000-7fc5f48be000 rw-p 00000000 00:00 0 
7fc5f48be000-7fc5f4906000 rw-p 00000000 00:00 0 
7fc5f4906000-7fc5f4930000 rw-p 00000000 00:00 0 
7fc5f4930000-7fc5f4ba0000 rw-p 00000000 00:00 0 
7fc5f4ba0000-7fc5f4bab000 rw-p 00000000 00:00 0 
7fc5f4bab000-7fc5f4bf3000 rw-p 00000000 00:00 0 
7fc5f4bf3000-7fc5f4c1d000 rw-p 00000000 00:00 0 
7fc5f4c1d000-7fc5f4e8c000 rw-p 00000000 00:00 0 
7fc5f4e8c000-7fc5f4ea2000 rw-p 00000000 00:00 0 
7fc5f4ea2000-7fc5f4fd9000 rw-p 00000000 00:00 0 
7fc5f4fd9000-7fc5f4fda000 rw-p 00000000 00:00 0 
7fc5f4fda000-7fc5f4fe1000 r-xp 00000000 08:06 205291                     /usr/lib/jvm/java-6-openjdk-amd64/jre/lib/amd64/libzip.so
7fc5f4fe1000-7fc5f51e0000 ---p 00007000 08:06 205291                     /usr/lib/jvm/java-6-openjdk-amd64/jre/lib/amd64/libzip.so
7fc5f51e0000-7fc5f51e1000 r--p 00006000 08:06 205291                     /usr/lib/jvm/java-6-openjdk-amd64/jre/lib/amd64/libzip.so
7fc5f51e1000-7fc5f51e2000 rw-p 00007000 08:06 205291                     /usr/lib/jvm/java-6-openjdk-amd64/jre/lib/amd64/libzip.so
7fc5f51e2000-7fc5f51ee000 r-xp 00000000 08:06 266268                     /lib/x86_64-linux-gnu/libnss_files-2.15.so
7fc5f51ee000-7fc5f53ed000 ---p 0000c000 08:06 266268                     /lib/x86_64-linux-gnu/libnss_files-2.15.so
7fc5f53ed000-7fc5f53ee000 r--p 0000b000 08:06 266268                     /lib/x86_64-linux-gnu/libnss_files-2.15.so
7fc5f53ee000-7fc5f53ef000 rw-p 0000c000 08:06 266268                     /lib/x86_64-linux-gnu/libnss_files-2.15.so
7fc5f53ef000-7fc5f5406000 r-xp 00000000 08:06 266262                     /lib/x86_64-linux-gnu/libnsl-2.15.so
7fc5f5406000-7fc5f5605000 ---p 00017000 08:06 266262                     /lib/x86_64-linux-gnu/libnsl-2.15.so
7fc5f5605000-7fc5f5606000 r--p 00016000 08:06 266262                     /lib/x86_64-linux-gnu/libnsl-2.15.so
7fc5f5606000-7fc5f5607000 rw-p 00017000 08:06 266262                     /lib/x86_64-linux-gnu/libnsl-2.15.so
7fc5f5607000-7fc5f5609000 rw-p 00000000 00:00 0 
7fc5f5609000-7fc5f5613000 r-xp 00000000 08:06 266272                     /lib/x86_64-linux-gnu/libnss_nis-2.15.so
7fc5f5613000-7fc5f5813000 ---p 0000a000 08:06 266272                     /lib/x86_64-linux-gnu/libnss_nis-2.15.so
7fc5f5813000-7fc5f5814000 r--p 0000a000 08:06 266272                     /lib/x86_64-linux-gnu/libnss_nis-2.15.so
7fc5f5814000-7fc5f5815000 rw-p 0000b000 08:06 266272                     /lib/x86_64-linux-gnu/libnss_nis-2.15.so
7fc5f5815000-7fc5f5ef8000 r--p 00000000 08:06 23677                      /usr/lib/locale/locale-archive
7fc5f5ef8000-7fc5f5efb000 r-xp 00000000 08:06 205283                     /usr/lib/jvm/java-6-openjdk-amd64/jre/lib/amd64/libnpt.so
7fc5f5efb000-7fc5f60fa000 ---p 00003000 08:06 205283                     /usr/lib/jvm/java-6-openjdk-amd64/jre/lib/amd64/libnpt.so
7fc5f60fa000-7fc5f60fb000 r--p 00002000 08:06 205283                     /usr/lib/jvm/java-6-openjdk-amd64/jre/lib/amd64/libnpt.so
7fc5f60fb000-7fc5f60fc000 rw-p 00003000 08:06 205283                     /usr/lib/jvm/java-6-openjdk-amd64/jre/lib/amd64/libnpt.so
7fc5f60fc000-7fc5f6136000 r-xp 00000000 08:06 205277                     /usr/lib/jvm/java-6-openjdk-amd64/jre/lib/amd64/libjdwp.so
7fc5f6136000-7fc5f6335000 ---p 0003a000 08:06 205277                     /usr/lib/jvm/java-6-openjdk-amd64/jre/lib/amd64/libjdwp.so
7fc5f6335000-7fc5f6336000 r--p 00039000 08:06 205277                     /usr/lib/jvm/java-6-openjdk-amd64/jre/lib/amd64/libjdwp.so
7fc5f6336000-7fc5f6337000 rw-p 0003a000 08:06 205277                     /usr/lib/jvm/java-6-openjdk-amd64/jre/lib/amd64/libjdwp.so
7fc5f6337000-7fc5f6363000 r-xp 00000000 08:06 205271                     /usr/lib/jvm/java-6-openjdk-amd64/jre/lib/amd64/libjava.so
7fc5f6363000-7fc5f6562000 ---p 0002c000 08:06 205271                     /usr/lib/jvm/java-6-openjdk-amd64/jre/lib/amd64/libjava.so
7fc5f6562000-7fc5f6563000 r--p 0002b000 08:06 205271                     /usr/lib/jvm/java-6-openjdk-amd64/jre/lib/amd64/libjava.so
7fc5f6563000-7fc5f6566000 rw-p 0002c000 08:06 205271                     /usr/lib/jvm/java-6-openjdk-amd64/jre/lib/amd64/libjava.so
7fc5f6566000-7fc5f6574000 r-xp 00000000 08:06 205282                     /usr/lib/jvm/java-6-openjdk-amd64/jre/lib/amd64/libverify.so
7fc5f6574000-7fc5f6773000 ---p 0000e000 08:06 205282                     /usr/lib/jvm/java-6-openjdk-amd64/jre/lib/amd64/libverify.so
7fc5f6773000-7fc5f6775000 r--p 0000d000 08:06 205282                     /usr/lib/jvm/java-6-openjdk-amd64/jre/lib/amd64/libverify.so
7fc5f6775000-7fc5f6776000 rw-p 0000f000 08:06 205282                     /usr/lib/jvm/java-6-openjdk-amd64/jre/lib/amd64/libverify.so
7fc5f6776000-7fc5f677d000 r-xp 00000000 08:06 266303                     /lib/x86_64-linux-gnu/librt-2.15.so
7fc5f677d000-7fc5f697c000 ---p 00007000 08:06 266303                     /lib/x86_64-linux-gnu/librt-2.15.so
7fc5f697c000-7fc5f697d000 r--p 00006000 08:06 266303                     /lib/x86_64-linux-gnu/librt-2.15.so
7fc5f697d000-7fc5f697e000 rw-p 00007000 08:06 266303                     /lib/x86_64-linux-gnu/librt-2.15.so
7fc5f697e000-7fc5f6993000 r-xp 00000000 08:06 266238                     /lib/x86_64-linux-gnu/libgcc_s.so.1
7fc5f6993000-7fc5f6b92000 ---p 00015000 08:06 266238                     /lib/x86_64-linux-gnu/libgcc_s.so.1
7fc5f6b92000-7fc5f6b93000 r--p 00014000 08:06 266238                     /lib/x86_64-linux-gnu/libgcc_s.so.1
7fc5f6b93000-7fc5f6b94000 rw-p 00015000 08:06 266238                     /lib/x86_64-linux-gnu/libgcc_s.so.1
7fc5f6b94000-7fc5f6c8d000 r-xp 00000000 08:06 266249                     /lib/x86_64-linux-gnu/libm-2.15.so
7fc5f6c8d000-7fc5f6e8c000 ---p 000f9000 08:06 266249                     /lib/x86_64-linux-gnu/libm-2.15.so
7fc5f6e8c000-7fc5f6e8d000 r--p 000f8000 08:06 266249                     /lib/x86_64-linux-gnu/libm-2.15.so
7fc5f6e8d000-7fc5f6e8e000 rw-p 000f9000 08:06 266249                     /lib/x86_64-linux-gnu/libm-2.15.so
7fc5f6e8e000-7fc5f6f70000 r-xp 00000000 08:06 24722                      /usr/lib/x86_64-linux-gnu/libstdc++.so.6.0.16
7fc5f6f70000-7fc5f716f000 ---p 000e2000 08:06 24722                      /usr/lib/x86_64-linux-gnu/libstdc++.so.6.0.16
7fc5f716f000-7fc5f7177000 r--p 000e1000 08:06 24722                      /usr/lib/x86_64-linux-gnu/libstdc++.so.6.0.16
7fc5f7177000-7fc5f7179000 rw-p 000e9000 08:06 24722                      /usr/lib/x86_64-linux-gnu/libstdc++.so.6.0.16
7fc5f7179000-7fc5f718e000 rw-p 00000000 00:00 0 
7fc5f718e000-7fc5f7a92000 r-xp 00000000 08:06 205267                     /usr/lib/jvm/java-6-openjdk-amd64/jre/lib/amd64/server/libjvm.so
7fc5f7a92000-7fc5f7c92000 ---p 00904000 08:06 205267                     /usr/lib/jvm/java-6-openjdk-amd64/jre/lib/amd64/server/libjvm.so
7fc5f7c92000-7fc5f7d12000 r--p 00904000 08:06 205267                     /usr/lib/jvm/java-6-openjdk-amd64/jre/lib/amd64/server/libjvm.so
7fc5f7d12000-7fc5f7d2d000 rw-p 00984000 08:06 205267                     /usr/lib/jvm/java-6-openjdk-amd64/jre/lib/amd64/server/libjvm.so
7fc5f7d2d000-7fc5f7d56000 rw-p 00000000 00:00 0 
7fc5f7d56000-7fc5f7d6c000 r-xp 00000000 08:06 266328                     /lib/x86_64-linux-gnu/libz.so.1.2.3.4
7fc5f7d6c000-7fc5f7f6b000 ---p 00016000 08:06 266328                     /lib/x86_64-linux-gnu/libz.so.1.2.3.4
7fc5f7f6b000-7fc5f7f6c000 r--p 00015000 08:06 266328                     /lib/x86_64-linux-gnu/libz.so.1.2.3.4
7fc5f7f6c000-7fc5f7f6d000 rw-p 00016000 08:06 266328                     /lib/x86_64-linux-gnu/libz.so.1.2.3.4
7fc5f7f6d000-7fc5f8120000 r-xp 00000000 08:06 266217                     /lib/x86_64-linux-gnu/libc-2.15.so
7fc5f8120000-7fc5f831f000 ---p 001b3000 08:06 266217                     /lib/x86_64-linux-gnu/libc-2.15.so
7fc5f831f000-7fc5f8323000 r--p 001b2000 08:06 266217                     /lib/x86_64-linux-gnu/libc-2.15.so
7fc5f8323000-7fc5f8325000 rw-p 001b6000 08:06 266217                     /lib/x86_64-linux-gnu/libc-2.15.so
7fc5f8325000-7fc5f832a000 rw-p 00000000 00:00 0 
7fc5f832a000-7fc5f832c000 r-xp 00000000 08:06 266230                     /lib/x86_64-linux-gnu/libdl-2.15.so
7fc5f832c000-7fc5f852c000 ---p 00002000 08:06 266230                     /lib/x86_64-linux-gnu/libdl-2.15.so
7fc5f852c000-7fc5f852d000 r--p 00002000 08:06 266230                     /lib/x86_64-linux-gnu/libdl-2.15.so
7fc5f852d000-7fc5f852e000 rw-p 00003000 08:06 266230                     /lib/x86_64-linux-gnu/libdl-2.15.so
7fc5f852e000-7fc5f8532000 r-xp 00000000 08:06 205273                     /usr/lib/jvm/java-6-openjdk-amd64/jre/lib/amd64/jli/libjli.so
7fc5f8532000-7fc5f8731000 ---p 00004000 08:06 205273                     /usr/lib/jvm/java-6-openjdk-amd64/jre/lib/amd64/jli/libjli.so
7fc5f8731000-7fc5f8732000 r--p 00003000 08:06 205273                     /usr/lib/jvm/java-6-openjdk-amd64/jre/lib/amd64/jli/libjli.so
7fc5f8732000-7fc5f8733000 rw-p 00004000 08:06 205273                     /usr/lib/jvm/java-6-openjdk-amd64/jre/lib/amd64/jli/libjli.so
7fc5f8733000-7fc5f874b000 r-xp 00000000 08:06 266297                     /lib/x86_64-linux-gnu/libpthread-2.15.so
7fc5f874b000-7fc5f894a000 ---p 00018000 08:06 266297                     /lib/x86_64-linux-gnu/libpthread-2.15.so
7fc5f894a000-7fc5f894b000 r--p 00017000 08:06 266297                     /lib/x86_64-linux-gnu/libpthread-2.15.so
7fc5f894b000-7fc5f894c000 rw-p 00018000 08:06 266297                     /lib/x86_64-linux-gnu/libpthread-2.15.so
7fc5f894c000-7fc5f8950000 rw-p 00000000 00:00 0 
7fc5f8950000-7fc5f8972000 r-xp 00000000 08:06 266197                     /lib/x86_64-linux-gnu/ld-2.15.so
7fc5f8986000-7fc5f8990000 rw-p 00000000 00:00 0 
7fc5f8990000-7fc5f8a46000 rw-p 00000000 00:00 0 
7fc5f8a46000-7fc5f8a49000 ---p 00000000 00:00 0 
7fc5f8a49000-7fc5f8b4c000 rw-p 00000000 00:00 0 
7fc5f8b66000-7fc5f8b6e000 rw-s 00000000 08:06 1448767                    /tmp/hsperfdata_grolim/5913
7fc5f8b6e000-7fc5f8b6f000 rw-p 00000000 00:00 0 
7fc5f8b6f000-7fc5f8b70000 r--p 00000000 00:00 0 
7fc5f8b70000-7fc5f8b72000 rw-p 00000000 00:00 0 
7fc5f8b72000-7fc5f8b73000 r--p 00022000 08:06 266197                     /lib/x86_64-linux-gnu/ld-2.15.so
7fc5f8b73000-7fc5f8b75000 rw-p 00023000 08:06 266197                     /lib/x86_64-linux-gnu/ld-2.15.so
7ffffb959000-7ffffb97a000 rw-p 00000000 00:00 0                          [stack]
7ffffb9ff000-7ffffba00000 r-xp 00000000 00:00 0                          [vdso]
ffffffffff600000-ffffffffff601000 r-xp 00000000 00:00 0                  [vsyscall]

VM Arguments:
jvm_args: -agentlib:jdwp=transport=dt_socket,suspend=y,address=localhost:58903 -Dfile.encoding=UTF-8 -Xbootclasspath:/home/grolim/Desktop/adt-bundle-linux-x86_64-20130522/sdk/platforms/android-17/android.jar 
java_command: uff.br.infouffdtn.http.Fetcher
Launcher Type: SUN_STANDARD

Environment Variables:
PATH=/usr/lib/lightdm/lightdm:/usr/local/sbin:/usr/local/bin:/usr/sbin:/usr/bin:/sbin:/bin:/usr/games
LD_LIBRARY_PATH=/usr/lib/jvm/java-6-openjdk-amd64/jre/lib/amd64/server:/usr/lib/jvm/java-6-openjdk-amd64/jre/lib/amd64:/usr/lib/jvm/java-6-openjdk-amd64/jre/../lib/amd64
SHELL=/bin/bash
DISPLAY=:0.0

Signal Handlers:
SIGSEGV: [libjvm.so+0x784310], sa_mask[0]=0x7ffbfeff, sa_flags=0x10000004
SIGBUS: [libjvm.so+0x784310], sa_mask[0]=0x7ffbfeff, sa_flags=0x10000004
SIGFPE: [libjvm.so+0x648580], sa_mask[0]=0x7ffbfeff, sa_flags=0x10000004
SIGPIPE: [libjvm.so+0x648580], sa_mask[0]=0x7ffbfeff, sa_flags=0x10000004
SIGXFSZ: [libjvm.so+0x648580], sa_mask[0]=0x7ffbfeff, sa_flags=0x10000004
SIGILL: [libjvm.so+0x648580], sa_mask[0]=0x7ffbfeff, sa_flags=0x10000004
SIGUSR1: SIG_DFL, sa_mask[0]=0x00000000, sa_flags=0x00000000
SIGUSR2: [libjvm.so+0x648730], sa_mask[0]=0x00000004, sa_flags=0x10000004
SIGHUP: SIG_DFL, sa_mask[0]=0x00000000, sa_flags=0x00000000
SIGINT: SIG_DFL, sa_mask[0]=0x00000000, sa_flags=0x00000000
SIGTERM: SIG_DFL, sa_mask[0]=0x00000000, sa_flags=0x00000000
SIGQUIT: SIG_DFL, sa_mask[0]=0x00000000, sa_flags=0x00000000


---------------  S Y S T E M  ---------------

OS:Ubuntu 12.04 (precise)
uname:Linux 3.2.0-27-generic #43-Ubuntu SMP Fri Jul 6 14:25:57 UTC 2012 x86_64
libc:glibc 2.15 NPTL 2.15 
rlimit: STACK 8192k, CORE 0k, NPROC 63677, NOFILE 4096, AS infinity
load average:0.90 0.91 0.81

/proc/meminfo:
MemTotal:        8168344 kB
MemFree:         5622440 kB
Buffers:          183248 kB
Cached:           975796 kB
SwapCached:            0 kB
Active:          1600096 kB
Inactive:         652328 kB
Active(anon):    1094168 kB
Inactive(anon):     1280 kB
Active(file):     505928 kB
Inactive(file):   651048 kB
Unevictable:           0 kB
Mlocked:               0 kB
SwapTotal:        899068 kB
SwapFree:         899068 kB
Dirty:               108 kB
Writeback:             0 kB
AnonPages:       1093428 kB
Mapped:           197608 kB
Shmem:              2072 kB
Slab:             134444 kB
SReclaimable:      99224 kB
SUnreclaim:        35220 kB
KernelStack:        3656 kB
PageTables:        26988 kB
NFS_Unstable:          0 kB
Bounce:                0 kB
WritebackTmp:          0 kB
CommitLimit:     4983240 kB
Committed_AS:    3155628 kB
VmallocTotal:   34359738367 kB
VmallocUsed:      328888 kB
VmallocChunk:   34359406076 kB
HardwareCorrupted:     0 kB
AnonHugePages:         0 kB
HugePages_Total:       0
HugePages_Free:        0
HugePages_Rsvd:        0
HugePages_Surp:        0
Hugepagesize:       2048 kB
DirectMap4k:      116736 kB
DirectMap2M:     8263680 kB


CPU:total 8 (4 cores per cpu, 2 threads per core) family 6 model 42 stepping 7, cmov, cx8, fxsr, mmx, sse, sse2, sse3, ssse3, sse4.1, sse4.2, popcnt, ht

Memory: 4k page, physical 8168344k(5622440k free), swap 899068k(899068k free)

vm_info: OpenJDK 64-Bit Server VM (20.0-b12) for linux-amd64 JRE (1.6.0_24-b24), built on Jun 27 2012 02:37:21 by "buildd" with gcc 4.6.3

time: Wed Jul 31 14:43:10 2013
elapsed time: 0 seconds

