#
# A fatal error has been detected by the Java Runtime Environment:
#
#  Internal Error (classFileParser.cpp:3494), pid=5095, tid=140315355453184
#  Error: ShouldNotReachHere()
#
# JRE version: 6.0_24-b24
# Java VM: OpenJDK 64-Bit Server VM (20.0-b12 mixed mode linux-amd64 compressed oops)
# Derivative: IcedTea6 1.11.3
# Distribution: Ubuntu 12.04 LTS, package 6b24-1.11.3-1ubuntu0.12.04.1
# If you would like to submit a bug report, please include
# instructions how to reproduce the bug and visit:
#   https://bugs.launchpad.net/ubuntu/+source/openjdk-6/
#

---------------  T H R E A D  ---------------

Current thread (0x00007f9db0009800):  JavaThread "Unknown thread" [_thread_in_vm, id=5100, stack(0x00007f9db6db1000,0x00007f9db6eb2000)]

Stack: [0x00007f9db6db1000,0x00007f9db6eb2000],  sp=0x00007f9db6eb0080,  free space=1020k
Native frames: (J=compiled Java code, j=interpreted, Vv=VM code, C=native code)
V  [libjvm.so+0x7836d5]  VMError::report(outputStream*)+0x1255
V  [libjvm.so+0x783959]  VMError::report_and_die()+0x169
V  [libjvm.so+0x3bb18a]  report_vm_error(char const*, int, char const*, char const*)+0x4a
V  [libjvm.so+0x351555]  ClassFileParser::parseClassFile(symbolHandle, Handle, Handle, KlassHandle, GrowableArray<Handle>*, symbolHandle&, bool, Thread*)+0x1545
V  [libjvm.so+0x3557b3]  ClassLoader::load_classfile(symbolHandle, Thread*)+0x1f3
V  [libjvm.so+0x71b894]  SystemDictionary::load_instance_class(symbolHandle, Handle, Thread*)+0x354
V  [libjvm.so+0x719fa0]  SystemDictionary::resolve_instance_class_or_null(symbolHandle, Handle, Handle, Thread*)+0x7c0
V  [libjvm.so+0x71bf23]  SystemDictionary::resolve_or_fail(symbolHandle, Handle, Handle, bool, Thread*)+0x33
V  [libjvm.so+0x71c004]  SystemDictionary::resolve_or_fail(symbolHandle, bool, Thread*)+0x14
V  [libjvm.so+0x71c0b0]  SystemDictionary::initialize_wk_klass(SystemDictionary::WKID, int, Thread*)+0xa0
V  [libjvm.so+0x71c119]  SystemDictionary::initialize_wk_klasses_until(SystemDictionary::WKID, SystemDictionary::WKID&, Thread*)+0x59
V  [libjvm.so+0x71c211]  SystemDictionary::initialize_preloaded_classes(Thread*)+0x71
V  [libjvm.so+0x75fa8f]  Universe::genesis(Thread*)+0x11f
V  [libjvm.so+0x76043f]  universe2_init()+0x1f
V  [libjvm.so+0x473f25]  init_globals()+0x95
V  [libjvm.so+0x74a3ca]  Threads::create_vm(JavaVMInitArgs*, bool*)+0x1ea
V  [libjvm.so+0x4cdbf1]  JNI_CreateJavaVM+0x61
C  [java+0x317e]  JavaMain+0x7e


---------------  P R O C E S S  ---------------

Java Threads: ( => current thread )

Other Threads:

=>0x00007f9db0009800 (exited) JavaThread "Unknown thread" [_thread_in_vm, id=5100, stack(0x00007f9db6db1000,0x00007f9db6eb2000)]

VM state:not at safepoint (not fully initialized)

VM Mutex/Monitor currently owned by a thread: None

Dynamic libraries:
00400000-00409000 r-xp 00000000 08:06 205315                             /usr/lib/jvm/java-6-openjdk-amd64/jre/bin/java
00608000-00609000 r--p 00008000 08:06 205315                             /usr/lib/jvm/java-6-openjdk-amd64/jre/bin/java
00609000-0060a000 rw-p 00009000 08:06 205315                             /usr/lib/jvm/java-6-openjdk-amd64/jre/bin/java
0243a000-0245b000 rw-p 00000000 00:00 0                                  [heap]
778e00000-77a2c0000 rw-p 00000000 00:00 0 
77a2c0000-783400000 rw-p 00000000 00:00 0 
783400000-788720000 rw-p 00000000 00:00 0 
788720000-7d66b0000 rw-p 00000000 00:00 0 
7d66b0000-7d9040000 rw-p 00000000 00:00 0 
7d9040000-800000000 rw-p 00000000 00:00 0 
7f9d88000000-7f9d88021000 rw-p 00000000 00:00 0 
7f9d88021000-7f9d8c000000 ---p 00000000 00:00 0 
7f9d8c000000-7f9d8c021000 rw-p 00000000 00:00 0 
7f9d8c021000-7f9d90000000 ---p 00000000 00:00 0 
7f9d90000000-7f9d90021000 rw-p 00000000 00:00 0 
7f9d90021000-7f9d94000000 ---p 00000000 00:00 0 
7f9d94000000-7f9d94021000 rw-p 00000000 00:00 0 
7f9d94021000-7f9d98000000 ---p 00000000 00:00 0 
7f9d98000000-7f9d98021000 rw-p 00000000 00:00 0 
7f9d98021000-7f9d9c000000 ---p 00000000 00:00 0 
7f9d9c000000-7f9d9c021000 rw-p 00000000 00:00 0 
7f9d9c021000-7f9da0000000 ---p 00000000 00:00 0 
7f9da0000000-7f9da0021000 rw-p 00000000 00:00 0 
7f9da0021000-7f9da4000000 ---p 00000000 00:00 0 
7f9da4000000-7f9da4021000 rw-p 00000000 00:00 0 
7f9da4021000-7f9da8000000 ---p 00000000 00:00 0 
7f9dab324000-7f9dab3ea000 r--s 0116f000 00:17 4635111                    /home/grolim/Desktop/adt-bundle-linux-x86_64-20130522/sdk/platforms/android-17/android.jar
7f9dab3ea000-7f9dab412000 rw-p 00000000 00:00 0 
7f9dab412000-7f9dab413000 ---p 00000000 00:00 0 
7f9dab413000-7f9dab513000 rw-p 00000000 00:00 0 
7f9dab513000-7f9dab514000 ---p 00000000 00:00 0 
7f9dab514000-7f9dab614000 rw-p 00000000 00:00 0 
7f9dab614000-7f9dab615000 ---p 00000000 00:00 0 
7f9dab615000-7f9dab715000 rw-p 00000000 00:00 0 
7f9dab715000-7f9dab716000 ---p 00000000 00:00 0 
7f9dab716000-7f9dab816000 rw-p 00000000 00:00 0 
7f9dab816000-7f9dab817000 ---p 00000000 00:00 0 
7f9dab817000-7f9dab917000 rw-p 00000000 00:00 0 
7f9dab917000-7f9dab918000 ---p 00000000 00:00 0 
7f9dab918000-7f9daba18000 rw-p 00000000 00:00 0 
7f9daba18000-7f9daba19000 ---p 00000000 00:00 0 
7f9daba19000-7f9dabb19000 rw-p 00000000 00:00 0 
7f9dabb19000-7f9dabb1a000 ---p 00000000 00:00 0 
7f9dabb1a000-7f9dabc44000 rw-p 00000000 00:00 0 
7f9dabc44000-7f9dabeb4000 rw-p 00000000 00:00 0 
7f9dabeb4000-7f9dabebf000 rw-p 00000000 00:00 0 
7f9dabebf000-7f9dabf07000 rw-p 00000000 00:00 0 
7f9dabf07000-7f9dabf31000 rw-p 00000000 00:00 0 
7f9dabf31000-7f9dac1a0000 rw-p 00000000 00:00 0 
7f9dac1a0000-7f9dac1b6000 rw-p 00000000 00:00 0 
7f9dac1b6000-7f9dac2ed000 rw-p 00000000 00:00 0 
7f9dac2ed000-7f9dac2ee000 rw-p 00000000 00:00 0 
7f9dac2ee000-7f9dac55e000 rwxp 00000000 00:00 0 
7f9dac55e000-7f9daf2ee000 rw-p 00000000 00:00 0 
7f9daf2ee000-7f9daf2f5000 r-xp 00000000 08:06 205291                     /usr/lib/jvm/java-6-openjdk-amd64/jre/lib/amd64/libzip.so
7f9daf2f5000-7f9daf4f4000 ---p 00007000 08:06 205291                     /usr/lib/jvm/java-6-openjdk-amd64/jre/lib/amd64/libzip.so
7f9daf4f4000-7f9daf4f5000 r--p 00006000 08:06 205291                     /usr/lib/jvm/java-6-openjdk-amd64/jre/lib/amd64/libzip.so
7f9daf4f5000-7f9daf4f6000 rw-p 00007000 08:06 205291                     /usr/lib/jvm/java-6-openjdk-amd64/jre/lib/amd64/libzip.so
7f9daf4f6000-7f9daf502000 r-xp 00000000 08:06 266268                     /lib/x86_64-linux-gnu/libnss_files-2.15.so
7f9daf502000-7f9daf701000 ---p 0000c000 08:06 266268                     /lib/x86_64-linux-gnu/libnss_files-2.15.so
7f9daf701000-7f9daf702000 r--p 0000b000 08:06 266268                     /lib/x86_64-linux-gnu/libnss_files-2.15.so
7f9daf702000-7f9daf703000 rw-p 0000c000 08:06 266268                     /lib/x86_64-linux-gnu/libnss_files-2.15.so
7f9daf703000-7f9daf71a000 r-xp 00000000 08:06 266262                     /lib/x86_64-linux-gnu/libnsl-2.15.so
7f9daf71a000-7f9daf919000 ---p 00017000 08:06 266262                     /lib/x86_64-linux-gnu/libnsl-2.15.so
7f9daf919000-7f9daf91a000 r--p 00016000 08:06 266262                     /lib/x86_64-linux-gnu/libnsl-2.15.so
7f9daf91a000-7f9daf91b000 rw-p 00017000 08:06 266262                     /lib/x86_64-linux-gnu/libnsl-2.15.so
7f9daf91b000-7f9daf91d000 rw-p 00000000 00:00 0 
7f9daf91d000-7f9db0000000 r--p 00000000 08:06 23677                      /usr/lib/locale/locale-archive
7f9db0000000-7f9db0089000 rw-p 00000000 00:00 0 
7f9db0089000-7f9db4000000 ---p 00000000 00:00 0 
7f9db4004000-7f9db400f000 rw-p 00000000 00:00 0 
7f9db400f000-7f9db4057000 rw-p 00000000 00:00 0 
7f9db4057000-7f9db4061000 r-xp 00000000 08:06 266272                     /lib/x86_64-linux-gnu/libnss_nis-2.15.so
7f9db4061000-7f9db4261000 ---p 0000a000 08:06 266272                     /lib/x86_64-linux-gnu/libnss_nis-2.15.so
7f9db4261000-7f9db4262000 r--p 0000a000 08:06 266272                     /lib/x86_64-linux-gnu/libnss_nis-2.15.so
7f9db4262000-7f9db4263000 rw-p 0000b000 08:06 266272                     /lib/x86_64-linux-gnu/libnss_nis-2.15.so
7f9db4263000-7f9db4266000 r-xp 00000000 08:06 205283                     /usr/lib/jvm/java-6-openjdk-amd64/jre/lib/amd64/libnpt.so
7f9db4266000-7f9db4465000 ---p 00003000 08:06 205283                     /usr/lib/jvm/java-6-openjdk-amd64/jre/lib/amd64/libnpt.so
7f9db4465000-7f9db4466000 r--p 00002000 08:06 205283                     /usr/lib/jvm/java-6-openjdk-amd64/jre/lib/amd64/libnpt.so
7f9db4466000-7f9db4467000 rw-p 00003000 08:06 205283                     /usr/lib/jvm/java-6-openjdk-amd64/jre/lib/amd64/libnpt.so
7f9db4467000-7f9db44a1000 r-xp 00000000 08:06 205277                     /usr/lib/jvm/java-6-openjdk-amd64/jre/lib/amd64/libjdwp.so
7f9db44a1000-7f9db46a0000 ---p 0003a000 08:06 205277                     /usr/lib/jvm/java-6-openjdk-amd64/jre/lib/amd64/libjdwp.so
7f9db46a0000-7f9db46a1000 r--p 00039000 08:06 205277                     /usr/lib/jvm/java-6-openjdk-amd64/jre/lib/amd64/libjdwp.so
7f9db46a1000-7f9db46a2000 rw-p 0003a000 08:06 205277                     /usr/lib/jvm/java-6-openjdk-amd64/jre/lib/amd64/libjdwp.so
7f9db46a2000-7f9db46ce000 r-xp 00000000 08:06 205271                     /usr/lib/jvm/java-6-openjdk-amd64/jre/lib/amd64/libjava.so
7f9db46ce000-7f9db48cd000 ---p 0002c000 08:06 205271                     /usr/lib/jvm/java-6-openjdk-amd64/jre/lib/amd64/libjava.so
7f9db48cd000-7f9db48ce000 r--p 0002b000 08:06 205271                     /usr/lib/jvm/java-6-openjdk-amd64/jre/lib/amd64/libjava.so
7f9db48ce000-7f9db48d1000 rw-p 0002c000 08:06 205271                     /usr/lib/jvm/java-6-openjdk-amd64/jre/lib/amd64/libjava.so
7f9db48d1000-7f9db48df000 r-xp 00000000 08:06 205282                     /usr/lib/jvm/java-6-openjdk-amd64/jre/lib/amd64/libverify.so
7f9db48df000-7f9db4ade000 ---p 0000e000 08:06 205282                     /usr/lib/jvm/java-6-openjdk-amd64/jre/lib/amd64/libverify.so
7f9db4ade000-7f9db4ae0000 r--p 0000d000 08:06 205282                     /usr/lib/jvm/java-6-openjdk-amd64/jre/lib/amd64/libverify.so
7f9db4ae0000-7f9db4ae1000 rw-p 0000f000 08:06 205282                     /usr/lib/jvm/java-6-openjdk-amd64/jre/lib/amd64/libverify.so
7f9db4ae1000-7f9db4ae8000 r-xp 00000000 08:06 266303                     /lib/x86_64-linux-gnu/librt-2.15.so
7f9db4ae8000-7f9db4ce7000 ---p 00007000 08:06 266303                     /lib/x86_64-linux-gnu/librt-2.15.so
7f9db4ce7000-7f9db4ce8000 r--p 00006000 08:06 266303                     /lib/x86_64-linux-gnu/librt-2.15.so
7f9db4ce8000-7f9db4ce9000 rw-p 00007000 08:06 266303                     /lib/x86_64-linux-gnu/librt-2.15.so
7f9db4ce9000-7f9db4cfe000 r-xp 00000000 08:06 266238                     /lib/x86_64-linux-gnu/libgcc_s.so.1
7f9db4cfe000-7f9db4efd000 ---p 00015000 08:06 266238                     /lib/x86_64-linux-gnu/libgcc_s.so.1
7f9db4efd000-7f9db4efe000 r--p 00014000 08:06 266238                     /lib/x86_64-linux-gnu/libgcc_s.so.1
7f9db4efe000-7f9db4eff000 rw-p 00015000 08:06 266238                     /lib/x86_64-linux-gnu/libgcc_s.so.1
7f9db4eff000-7f9db4ff8000 r-xp 00000000 08:06 266249                     /lib/x86_64-linux-gnu/libm-2.15.so
7f9db4ff8000-7f9db51f7000 ---p 000f9000 08:06 266249                     /lib/x86_64-linux-gnu/libm-2.15.so
7f9db51f7000-7f9db51f8000 r--p 000f8000 08:06 266249                     /lib/x86_64-linux-gnu/libm-2.15.so
7f9db51f8000-7f9db51f9000 rw-p 000f9000 08:06 266249                     /lib/x86_64-linux-gnu/libm-2.15.so
7f9db51f9000-7f9db52db000 r-xp 00000000 08:06 24722                      /usr/lib/x86_64-linux-gnu/libstdc++.so.6.0.16
7f9db52db000-7f9db54da000 ---p 000e2000 08:06 24722                      /usr/lib/x86_64-linux-gnu/libstdc++.so.6.0.16
7f9db54da000-7f9db54e2000 r--p 000e1000 08:06 24722                      /usr/lib/x86_64-linux-gnu/libstdc++.so.6.0.16
7f9db54e2000-7f9db54e4000 rw-p 000e9000 08:06 24722                      /usr/lib/x86_64-linux-gnu/libstdc++.so.6.0.16
7f9db54e4000-7f9db54f9000 rw-p 00000000 00:00 0 
7f9db54f9000-7f9db5dfd000 r-xp 00000000 08:06 205267                     /usr/lib/jvm/java-6-openjdk-amd64/jre/lib/amd64/server/libjvm.so
7f9db5dfd000-7f9db5ffd000 ---p 00904000 08:06 205267                     /usr/lib/jvm/java-6-openjdk-amd64/jre/lib/amd64/server/libjvm.so
7f9db5ffd000-7f9db607d000 r--p 00904000 08:06 205267                     /usr/lib/jvm/java-6-openjdk-amd64/jre/lib/amd64/server/libjvm.so
7f9db607d000-7f9db6098000 rw-p 00984000 08:06 205267                     /usr/lib/jvm/java-6-openjdk-amd64/jre/lib/amd64/server/libjvm.so
7f9db6098000-7f9db60c1000 rw-p 00000000 00:00 0 
7f9db60c1000-7f9db60d7000 r-xp 00000000 08:06 266328                     /lib/x86_64-linux-gnu/libz.so.1.2.3.4
7f9db60d7000-7f9db62d6000 ---p 00016000 08:06 266328                     /lib/x86_64-linux-gnu/libz.so.1.2.3.4
7f9db62d6000-7f9db62d7000 r--p 00015000 08:06 266328                     /lib/x86_64-linux-gnu/libz.so.1.2.3.4
7f9db62d7000-7f9db62d8000 rw-p 00016000 08:06 266328                     /lib/x86_64-linux-gnu/libz.so.1.2.3.4
7f9db62d8000-7f9db648b000 r-xp 00000000 08:06 266217                     /lib/x86_64-linux-gnu/libc-2.15.so
7f9db648b000-7f9db668a000 ---p 001b3000 08:06 266217                     /lib/x86_64-linux-gnu/libc-2.15.so
7f9db668a000-7f9db668e000 r--p 001b2000 08:06 266217                     /lib/x86_64-linux-gnu/libc-2.15.so
7f9db668e000-7f9db6690000 rw-p 001b6000 08:06 266217                     /lib/x86_64-linux-gnu/libc-2.15.so
7f9db6690000-7f9db6695000 rw-p 00000000 00:00 0 
7f9db6695000-7f9db6697000 r-xp 00000000 08:06 266230                     /lib/x86_64-linux-gnu/libdl-2.15.so
7f9db6697000-7f9db6897000 ---p 00002000 08:06 266230                     /lib/x86_64-linux-gnu/libdl-2.15.so
7f9db6897000-7f9db6898000 r--p 00002000 08:06 266230                     /lib/x86_64-linux-gnu/libdl-2.15.so
7f9db6898000-7f9db6899000 rw-p 00003000 08:06 266230                     /lib/x86_64-linux-gnu/libdl-2.15.so
7f9db6899000-7f9db689d000 r-xp 00000000 08:06 205273                     /usr/lib/jvm/java-6-openjdk-amd64/jre/lib/amd64/jli/libjli.so
7f9db689d000-7f9db6a9c000 ---p 00004000 08:06 205273                     /usr/lib/jvm/java-6-openjdk-amd64/jre/lib/amd64/jli/libjli.so
7f9db6a9c000-7f9db6a9d000 r--p 00003000 08:06 205273                     /usr/lib/jvm/java-6-openjdk-amd64/jre/lib/amd64/jli/libjli.so
7f9db6a9d000-7f9db6a9e000 rw-p 00004000 08:06 205273                     /usr/lib/jvm/java-6-openjdk-amd64/jre/lib/amd64/jli/libjli.so
7f9db6a9e000-7f9db6ab6000 r-xp 00000000 08:06 266297                     /lib/x86_64-linux-gnu/libpthread-2.15.so
7f9db6ab6000-7f9db6cb5000 ---p 00018000 08:06 266297                     /lib/x86_64-linux-gnu/libpthread-2.15.so
7f9db6cb5000-7f9db6cb6000 r--p 00017000 08:06 266297                     /lib/x86_64-linux-gnu/libpthread-2.15.so
7f9db6cb6000-7f9db6cb7000 rw-p 00018000 08:06 266297                     /lib/x86_64-linux-gnu/libpthread-2.15.so
7f9db6cb7000-7f9db6cbb000 rw-p 00000000 00:00 0 
7f9db6cbb000-7f9db6cdd000 r-xp 00000000 08:06 266197                     /lib/x86_64-linux-gnu/ld-2.15.so
7f9db6cf1000-7f9db6cfb000 rw-p 00000000 00:00 0 
7f9db6cfb000-7f9db6db1000 rw-p 00000000 00:00 0 
7f9db6db1000-7f9db6db4000 ---p 00000000 00:00 0 
7f9db6db4000-7f9db6eb7000 rw-p 00000000 00:00 0 
7f9db6ed1000-7f9db6ed9000 rw-s 00000000 08:06 1448767                    /tmp/hsperfdata_grolim/5095
7f9db6ed9000-7f9db6eda000 rw-p 00000000 00:00 0 
7f9db6eda000-7f9db6edb000 r--p 00000000 00:00 0 
7f9db6edb000-7f9db6edd000 rw-p 00000000 00:00 0 
7f9db6edd000-7f9db6ede000 r--p 00022000 08:06 266197                     /lib/x86_64-linux-gnu/ld-2.15.so
7f9db6ede000-7f9db6ee0000 rw-p 00023000 08:06 266197                     /lib/x86_64-linux-gnu/ld-2.15.so
7fffc843f000-7fffc8460000 rw-p 00000000 00:00 0                          [stack]
7fffc85ff000-7fffc8600000 r-xp 00000000 00:00 0                          [vdso]
ffffffffff600000-ffffffffff601000 r-xp 00000000 00:00 0                  [vsyscall]

VM Arguments:
jvm_args: -agentlib:jdwp=transport=dt_socket,suspend=y,address=localhost:42791 -Dfile.encoding=UTF-8 -Xbootclasspath:/home/grolim/Desktop/adt-bundle-linux-x86_64-20130522/sdk/platforms/android-17/android.jar 
java_command: uff.br.infouffdtn.http.Fetcher
Launcher Type: SUN_STANDARD

Environment Variables:
PATH=/usr/lib/lightdm/lightdm:/usr/local/sbin:/usr/local/bin:/usr/sbin:/usr/bin:/sbin:/bin:/usr/games
LD_LIBRARY_PATH=/usr/lib/jvm/java-6-openjdk-amd64/jre/lib/amd64/server:/usr/lib/jvm/java-6-openjdk-amd64/jre/lib/amd64:/usr/lib/jvm/java-6-openjdk-amd64/jre/../lib/amd64
SHELL=/bin/bash
DISPLAY=:0.0

Signal Handlers:
SIGSEGV: [libjvm.so+0x784310], sa_mask[0]=0x7ffbfeff, sa_flags=0x10000004
SIGBUS: [libjvm.so+0x784310], sa_mask[0]=0x7ffbfeff, sa_flags=0x10000004
SIGFPE: [libjvm.so+0x648580], sa_mask[0]=0x7ffbfeff, sa_flags=0x10000004
SIGPIPE: [libjvm.so+0x648580], sa_mask[0]=0x7ffbfeff, sa_flags=0x10000004
SIGXFSZ: [libjvm.so+0x648580], sa_mask[0]=0x7ffbfeff, sa_flags=0x10000004
SIGILL: [libjvm.so+0x648580], sa_mask[0]=0x7ffbfeff, sa_flags=0x10000004
SIGUSR1: SIG_DFL, sa_mask[0]=0x00000000, sa_flags=0x00000000
SIGUSR2: [libjvm.so+0x648730], sa_mask[0]=0x00000004, sa_flags=0x10000004
SIGHUP: SIG_DFL, sa_mask[0]=0x00000000, sa_flags=0x00000000
SIGINT: SIG_DFL, sa_mask[0]=0x00000000, sa_flags=0x00000000
SIGTERM: SIG_DFL, sa_mask[0]=0x00000000, sa_flags=0x00000000
SIGQUIT: SIG_DFL, sa_mask[0]=0x00000000, sa_flags=0x00000000


---------------  S Y S T E M  ---------------

OS:Ubuntu 12.04 (precise)
uname:Linux 3.2.0-27-generic #43-Ubuntu SMP Fri Jul 6 14:25:57 UTC 2012 x86_64
libc:glibc 2.15 NPTL 2.15 
rlimit: STACK 8192k, CORE 0k, NPROC 63677, NOFILE 4096, AS infinity
load average:1.89 1.23 0.81

/proc/meminfo:
MemTotal:        8168344 kB
MemFree:         5814612 kB
Buffers:           82224 kB
Cached:           901784 kB
SwapCached:            0 kB
Active:          1438608 kB
Inactive:         673244 kB
Active(anon):    1129044 kB
Inactive(anon):     1284 kB
Active(file):     309564 kB
Inactive(file):   671960 kB
Unevictable:           0 kB
Mlocked:               0 kB
SwapTotal:        899068 kB
SwapFree:         899068 kB
Dirty:              1704 kB
Writeback:           340 kB
AnonPages:       1128536 kB
Mapped:           202708 kB
Shmem:              2072 kB
Slab:              80044 kB
SReclaimable:      45224 kB
SUnreclaim:        34820 kB
KernelStack:        3696 kB
PageTables:        28220 kB
NFS_Unstable:          0 kB
Bounce:                0 kB
WritebackTmp:          0 kB
CommitLimit:     4983240 kB
Committed_AS:    3159852 kB
VmallocTotal:   34359738367 kB
VmallocUsed:      328888 kB
VmallocChunk:   34359406076 kB
HardwareCorrupted:     0 kB
AnonHugePages:         0 kB
HugePages_Total:       0
HugePages_Free:        0
HugePages_Rsvd:        0
HugePages_Surp:        0
Hugepagesize:       2048 kB
DirectMap4k:      116736 kB
DirectMap2M:     8263680 kB


CPU:total 8 (4 cores per cpu, 2 threads per core) family 6 model 42 stepping 7, cmov, cx8, fxsr, mmx, sse, sse2, sse3, ssse3, sse4.1, sse4.2, popcnt, ht

Memory: 4k page, physical 8168344k(5814612k free), swap 899068k(899068k free)

vm_info: OpenJDK 64-Bit Server VM (20.0-b12) for linux-amd64 JRE (1.6.0_24-b24), built on Jun 27 2012 02:37:21 by "buildd" with gcc 4.6.3

time: Wed Jul 31 14:36:12 2013
elapsed time: 0 seconds

