#
# A fatal error has been detected by the Java Runtime Environment:
#
#  Internal Error (classFileParser.cpp:3494), pid=3525, tid=140720086865664
#  Error: ShouldNotReachHere()
#
# JRE version: 6.0_24-b24
# Java VM: OpenJDK 64-Bit Server VM (20.0-b12 mixed mode linux-amd64 compressed oops)
# Derivative: IcedTea6 1.11.3
# Distribution: Ubuntu 12.04 LTS, package 6b24-1.11.3-1ubuntu0.12.04.1
# If you would like to submit a bug report, please include
# instructions how to reproduce the bug and visit:
#   https://bugs.launchpad.net/ubuntu/+source/openjdk-6/
#

---------------  T H R E A D  ---------------

Current thread (0x00007ffbec007800):  JavaThread "Unknown thread" [_thread_in_vm, id=3531, stack(0x00007ffbf2ba5000,0x00007ffbf2ca6000)]

Stack: [0x00007ffbf2ba5000,0x00007ffbf2ca6000],  sp=0x00007ffbf2ca4080,  free space=1020k
Native frames: (J=compiled Java code, j=interpreted, Vv=VM code, C=native code)
V  [libjvm.so+0x7836d5]  VMError::report(outputStream*)+0x1255
V  [libjvm.so+0x783959]  VMError::report_and_die()+0x169
V  [libjvm.so+0x3bb18a]  report_vm_error(char const*, int, char const*, char const*)+0x4a
V  [libjvm.so+0x351555]  ClassFileParser::parseClassFile(symbolHandle, Handle, Handle, KlassHandle, GrowableArray<Handle>*, symbolHandle&, bool, Thread*)+0x1545
V  [libjvm.so+0x3557b3]  ClassLoader::load_classfile(symbolHandle, Thread*)+0x1f3
V  [libjvm.so+0x71b894]  SystemDictionary::load_instance_class(symbolHandle, Handle, Thread*)+0x354
V  [libjvm.so+0x719fa0]  SystemDictionary::resolve_instance_class_or_null(symbolHandle, Handle, Handle, Thread*)+0x7c0
V  [libjvm.so+0x71bf23]  SystemDictionary::resolve_or_fail(symbolHandle, Handle, Handle, bool, Thread*)+0x33
V  [libjvm.so+0x71c004]  SystemDictionary::resolve_or_fail(symbolHandle, bool, Thread*)+0x14
V  [libjvm.so+0x71c0b0]  SystemDictionary::initialize_wk_klass(SystemDictionary::WKID, int, Thread*)+0xa0
V  [libjvm.so+0x71c119]  SystemDictionary::initialize_wk_klasses_until(SystemDictionary::WKID, SystemDictionary::WKID&, Thread*)+0x59
V  [libjvm.so+0x71c211]  SystemDictionary::initialize_preloaded_classes(Thread*)+0x71
V  [libjvm.so+0x75fa8f]  Universe::genesis(Thread*)+0x11f
V  [libjvm.so+0x76043f]  universe2_init()+0x1f
V  [libjvm.so+0x473f25]  init_globals()+0x95
V  [libjvm.so+0x74a3ca]  Threads::create_vm(JavaVMInitArgs*, bool*)+0x1ea
V  [libjvm.so+0x4cdbf1]  JNI_CreateJavaVM+0x61
C  [java+0x317e]  JavaMain+0x7e


---------------  P R O C E S S  ---------------

Java Threads: ( => current thread )

Other Threads:

=>0x00007ffbec007800 (exited) JavaThread "Unknown thread" [_thread_in_vm, id=3531, stack(0x00007ffbf2ba5000,0x00007ffbf2ca6000)]

VM state:not at safepoint (not fully initialized)

VM Mutex/Monitor currently owned by a thread: None

Dynamic libraries:
00400000-00409000 r-xp 00000000 08:06 205315                             /usr/lib/jvm/java-6-openjdk-amd64/jre/bin/java
00608000-00609000 r--p 00008000 08:06 205315                             /usr/lib/jvm/java-6-openjdk-amd64/jre/bin/java
00609000-0060a000 rw-p 00009000 08:06 205315                             /usr/lib/jvm/java-6-openjdk-amd64/jre/bin/java
01ada000-01afb000 rw-p 00000000 00:00 0                                  [heap]
778e00000-77a2c0000 rw-p 00000000 00:00 0 
77a2c0000-783400000 rw-p 00000000 00:00 0 
783400000-788720000 rw-p 00000000 00:00 0 
788720000-7d66b0000 rw-p 00000000 00:00 0 
7d66b0000-7d9040000 rw-p 00000000 00:00 0 
7d9040000-800000000 rw-p 00000000 00:00 0 
7ffba8000000-7ffba8021000 rw-p 00000000 00:00 0 
7ffba8021000-7ffbac000000 ---p 00000000 00:00 0 
7ffbb0000000-7ffbb0021000 rw-p 00000000 00:00 0 
7ffbb0021000-7ffbb4000000 ---p 00000000 00:00 0 
7ffbb8000000-7ffbb8021000 rw-p 00000000 00:00 0 
7ffbb8021000-7ffbbc000000 ---p 00000000 00:00 0 
7ffbc0000000-7ffbc0021000 rw-p 00000000 00:00 0 
7ffbc0021000-7ffbc4000000 ---p 00000000 00:00 0 
7ffbc8000000-7ffbc8021000 rw-p 00000000 00:00 0 
7ffbc8021000-7ffbcc000000 ---p 00000000 00:00 0 
7ffbd0000000-7ffbd0021000 rw-p 00000000 00:00 0 
7ffbd0021000-7ffbd4000000 ---p 00000000 00:00 0 
7ffbd8000000-7ffbd8021000 rw-p 00000000 00:00 0 
7ffbd8021000-7ffbdc000000 ---p 00000000 00:00 0 
7ffbe0000000-7ffbe0021000 rw-p 00000000 00:00 0 
7ffbe0021000-7ffbe4000000 ---p 00000000 00:00 0 
7ffbe7c21000-7ffbe7ce7000 r--s 0116f000 00:17 4635111                    /home/grolim/Desktop/adt-bundle-linux-x86_64-20130522/sdk/platforms/android-17/android.jar
7ffbe7ce7000-7ffbe7d0f000 rw-p 00000000 00:00 0 
7ffbe7d0f000-7ffbe7d10000 ---p 00000000 00:00 0 
7ffbe7d10000-7ffbe7e10000 rw-p 00000000 00:00 0 
7ffbe7e10000-7ffbe7e11000 ---p 00000000 00:00 0 
7ffbe7e11000-7ffbe7f11000 rw-p 00000000 00:00 0 
7ffbe7f11000-7ffbe7f12000 ---p 00000000 00:00 0 
7ffbe7f12000-7ffbe8012000 rw-p 00000000 00:00 0 
7ffbe8012000-7ffbe8013000 ---p 00000000 00:00 0 
7ffbe8013000-7ffbe8113000 rw-p 00000000 00:00 0 
7ffbe8113000-7ffbe8114000 ---p 00000000 00:00 0 
7ffbe8114000-7ffbe8214000 rw-p 00000000 00:00 0 
7ffbe8214000-7ffbe8215000 ---p 00000000 00:00 0 
7ffbe8215000-7ffbe8315000 rw-p 00000000 00:00 0 
7ffbe8315000-7ffbe8316000 ---p 00000000 00:00 0 
7ffbe8316000-7ffbe8416000 rw-p 00000000 00:00 0 
7ffbe8416000-7ffbe8417000 ---p 00000000 00:00 0 
7ffbe8417000-7ffbe8541000 rw-p 00000000 00:00 0 
7ffbe8541000-7ffbe87b1000 rw-p 00000000 00:00 0 
7ffbe87b1000-7ffbe87bc000 rw-p 00000000 00:00 0 
7ffbe87bc000-7ffbe8804000 rw-p 00000000 00:00 0 
7ffbe8804000-7ffbe882e000 rw-p 00000000 00:00 0 
7ffbe882e000-7ffbe8a9d000 rw-p 00000000 00:00 0 
7ffbe8a9d000-7ffbe8ab3000 rw-p 00000000 00:00 0 
7ffbe8ab3000-7ffbe8bea000 rw-p 00000000 00:00 0 
7ffbe8bea000-7ffbe8beb000 rw-p 00000000 00:00 0 
7ffbe8beb000-7ffbe8e5b000 rwxp 00000000 00:00 0 
7ffbe8e5b000-7ffbebbeb000 rw-p 00000000 00:00 0 
7ffbebbeb000-7ffbebbf2000 r-xp 00000000 08:06 205291                     /usr/lib/jvm/java-6-openjdk-amd64/jre/lib/amd64/libzip.so
7ffbebbf2000-7ffbebdf1000 ---p 00007000 08:06 205291                     /usr/lib/jvm/java-6-openjdk-amd64/jre/lib/amd64/libzip.so
7ffbebdf1000-7ffbebdf2000 r--p 00006000 08:06 205291                     /usr/lib/jvm/java-6-openjdk-amd64/jre/lib/amd64/libzip.so
7ffbebdf2000-7ffbebdf3000 rw-p 00007000 08:06 205291                     /usr/lib/jvm/java-6-openjdk-amd64/jre/lib/amd64/libzip.so
7ffbebdf3000-7ffbebdff000 r-xp 00000000 08:06 266268                     /lib/x86_64-linux-gnu/libnss_files-2.15.so
7ffbebdff000-7ffbebffe000 ---p 0000c000 08:06 266268                     /lib/x86_64-linux-gnu/libnss_files-2.15.so
7ffbebffe000-7ffbebfff000 r--p 0000b000 08:06 266268                     /lib/x86_64-linux-gnu/libnss_files-2.15.so
7ffbebfff000-7ffbec000000 rw-p 0000c000 08:06 266268                     /lib/x86_64-linux-gnu/libnss_files-2.15.so
7ffbec000000-7ffbec086000 rw-p 00000000 00:00 0 
7ffbec086000-7ffbf0000000 ---p 00000000 00:00 0 
7ffbf001d000-7ffbf0028000 rw-p 00000000 00:00 0 
7ffbf0028000-7ffbf0070000 rw-p 00000000 00:00 0 
7ffbf0070000-7ffbf0087000 r-xp 00000000 08:06 266262                     /lib/x86_64-linux-gnu/libnsl-2.15.so
7ffbf0087000-7ffbf0286000 ---p 00017000 08:06 266262                     /lib/x86_64-linux-gnu/libnsl-2.15.so
7ffbf0286000-7ffbf0287000 r--p 00016000 08:06 266262                     /lib/x86_64-linux-gnu/libnsl-2.15.so
7ffbf0287000-7ffbf0288000 rw-p 00017000 08:06 266262                     /lib/x86_64-linux-gnu/libnsl-2.15.so
7ffbf0288000-7ffbf028a000 rw-p 00000000 00:00 0 
7ffbf028a000-7ffbf0294000 r-xp 00000000 08:06 266272                     /lib/x86_64-linux-gnu/libnss_nis-2.15.so
7ffbf0294000-7ffbf0494000 ---p 0000a000 08:06 266272                     /lib/x86_64-linux-gnu/libnss_nis-2.15.so
7ffbf0494000-7ffbf0495000 r--p 0000a000 08:06 266272                     /lib/x86_64-linux-gnu/libnss_nis-2.15.so
7ffbf0495000-7ffbf0496000 rw-p 0000b000 08:06 266272                     /lib/x86_64-linux-gnu/libnss_nis-2.15.so
7ffbf0496000-7ffbf04c2000 r-xp 00000000 08:06 205271                     /usr/lib/jvm/java-6-openjdk-amd64/jre/lib/amd64/libjava.so
7ffbf04c2000-7ffbf06c1000 ---p 0002c000 08:06 205271                     /usr/lib/jvm/java-6-openjdk-amd64/jre/lib/amd64/libjava.so
7ffbf06c1000-7ffbf06c2000 r--p 0002b000 08:06 205271                     /usr/lib/jvm/java-6-openjdk-amd64/jre/lib/amd64/libjava.so
7ffbf06c2000-7ffbf06c5000 rw-p 0002c000 08:06 205271                     /usr/lib/jvm/java-6-openjdk-amd64/jre/lib/amd64/libjava.so
7ffbf06c5000-7ffbf06d3000 r-xp 00000000 08:06 205282                     /usr/lib/jvm/java-6-openjdk-amd64/jre/lib/amd64/libverify.so
7ffbf06d3000-7ffbf08d2000 ---p 0000e000 08:06 205282                     /usr/lib/jvm/java-6-openjdk-amd64/jre/lib/amd64/libverify.so
7ffbf08d2000-7ffbf08d4000 r--p 0000d000 08:06 205282                     /usr/lib/jvm/java-6-openjdk-amd64/jre/lib/amd64/libverify.so
7ffbf08d4000-7ffbf08d5000 rw-p 0000f000 08:06 205282                     /usr/lib/jvm/java-6-openjdk-amd64/jre/lib/amd64/libverify.so
7ffbf08d5000-7ffbf08dc000 r-xp 00000000 08:06 266303                     /lib/x86_64-linux-gnu/librt-2.15.so
7ffbf08dc000-7ffbf0adb000 ---p 00007000 08:06 266303                     /lib/x86_64-linux-gnu/librt-2.15.so
7ffbf0adb000-7ffbf0adc000 r--p 00006000 08:06 266303                     /lib/x86_64-linux-gnu/librt-2.15.so
7ffbf0adc000-7ffbf0add000 rw-p 00007000 08:06 266303                     /lib/x86_64-linux-gnu/librt-2.15.so
7ffbf0add000-7ffbf0af2000 r-xp 00000000 08:06 266238                     /lib/x86_64-linux-gnu/libgcc_s.so.1
7ffbf0af2000-7ffbf0cf1000 ---p 00015000 08:06 266238                     /lib/x86_64-linux-gnu/libgcc_s.so.1
7ffbf0cf1000-7ffbf0cf2000 r--p 00014000 08:06 266238                     /lib/x86_64-linux-gnu/libgcc_s.so.1
7ffbf0cf2000-7ffbf0cf3000 rw-p 00015000 08:06 266238                     /lib/x86_64-linux-gnu/libgcc_s.so.1
7ffbf0cf3000-7ffbf0dec000 r-xp 00000000 08:06 266249                     /lib/x86_64-linux-gnu/libm-2.15.so
7ffbf0dec000-7ffbf0feb000 ---p 000f9000 08:06 266249                     /lib/x86_64-linux-gnu/libm-2.15.so
7ffbf0feb000-7ffbf0fec000 r--p 000f8000 08:06 266249                     /lib/x86_64-linux-gnu/libm-2.15.so
7ffbf0fec000-7ffbf0fed000 rw-p 000f9000 08:06 266249                     /lib/x86_64-linux-gnu/libm-2.15.so
7ffbf0fed000-7ffbf10cf000 r-xp 00000000 08:06 24722                      /usr/lib/x86_64-linux-gnu/libstdc++.so.6.0.16
7ffbf10cf000-7ffbf12ce000 ---p 000e2000 08:06 24722                      /usr/lib/x86_64-linux-gnu/libstdc++.so.6.0.16
7ffbf12ce000-7ffbf12d6000 r--p 000e1000 08:06 24722                      /usr/lib/x86_64-linux-gnu/libstdc++.so.6.0.16
7ffbf12d6000-7ffbf12d8000 rw-p 000e9000 08:06 24722                      /usr/lib/x86_64-linux-gnu/libstdc++.so.6.0.16
7ffbf12d8000-7ffbf12ed000 rw-p 00000000 00:00 0 
7ffbf12ed000-7ffbf1bf1000 r-xp 00000000 08:06 205267                     /usr/lib/jvm/java-6-openjdk-amd64/jre/lib/amd64/server/libjvm.so
7ffbf1bf1000-7ffbf1df1000 ---p 00904000 08:06 205267                     /usr/lib/jvm/java-6-openjdk-amd64/jre/lib/amd64/server/libjvm.so
7ffbf1df1000-7ffbf1e71000 r--p 00904000 08:06 205267                     /usr/lib/jvm/java-6-openjdk-amd64/jre/lib/amd64/server/libjvm.so
7ffbf1e71000-7ffbf1e8c000 rw-p 00984000 08:06 205267                     /usr/lib/jvm/java-6-openjdk-amd64/jre/lib/amd64/server/libjvm.so
7ffbf1e8c000-7ffbf1eb5000 rw-p 00000000 00:00 0 
7ffbf1eb5000-7ffbf1ecb000 r-xp 00000000 08:06 266328                     /lib/x86_64-linux-gnu/libz.so.1.2.3.4
7ffbf1ecb000-7ffbf20ca000 ---p 00016000 08:06 266328                     /lib/x86_64-linux-gnu/libz.so.1.2.3.4
7ffbf20ca000-7ffbf20cb000 r--p 00015000 08:06 266328                     /lib/x86_64-linux-gnu/libz.so.1.2.3.4
7ffbf20cb000-7ffbf20cc000 rw-p 00016000 08:06 266328                     /lib/x86_64-linux-gnu/libz.so.1.2.3.4
7ffbf20cc000-7ffbf227f000 r-xp 00000000 08:06 266217                     /lib/x86_64-linux-gnu/libc-2.15.so
7ffbf227f000-7ffbf247e000 ---p 001b3000 08:06 266217                     /lib/x86_64-linux-gnu/libc-2.15.so
7ffbf247e000-7ffbf2482000 r--p 001b2000 08:06 266217                     /lib/x86_64-linux-gnu/libc-2.15.so
7ffbf2482000-7ffbf2484000 rw-p 001b6000 08:06 266217                     /lib/x86_64-linux-gnu/libc-2.15.so
7ffbf2484000-7ffbf2489000 rw-p 00000000 00:00 0 
7ffbf2489000-7ffbf248b000 r-xp 00000000 08:06 266230                     /lib/x86_64-linux-gnu/libdl-2.15.so
7ffbf248b000-7ffbf268b000 ---p 00002000 08:06 266230                     /lib/x86_64-linux-gnu/libdl-2.15.so
7ffbf268b000-7ffbf268c000 r--p 00002000 08:06 266230                     /lib/x86_64-linux-gnu/libdl-2.15.so
7ffbf268c000-7ffbf268d000 rw-p 00003000 08:06 266230                     /lib/x86_64-linux-gnu/libdl-2.15.so
7ffbf268d000-7ffbf2691000 r-xp 00000000 08:06 205273                     /usr/lib/jvm/java-6-openjdk-amd64/jre/lib/amd64/jli/libjli.so
7ffbf2691000-7ffbf2890000 ---p 00004000 08:06 205273                     /usr/lib/jvm/java-6-openjdk-amd64/jre/lib/amd64/jli/libjli.so
7ffbf2890000-7ffbf2891000 r--p 00003000 08:06 205273                     /usr/lib/jvm/java-6-openjdk-amd64/jre/lib/amd64/jli/libjli.so
7ffbf2891000-7ffbf2892000 rw-p 00004000 08:06 205273                     /usr/lib/jvm/java-6-openjdk-amd64/jre/lib/amd64/jli/libjli.so
7ffbf2892000-7ffbf28aa000 r-xp 00000000 08:06 266297                     /lib/x86_64-linux-gnu/libpthread-2.15.so
7ffbf28aa000-7ffbf2aa9000 ---p 00018000 08:06 266297                     /lib/x86_64-linux-gnu/libpthread-2.15.so
7ffbf2aa9000-7ffbf2aaa000 r--p 00017000 08:06 266297                     /lib/x86_64-linux-gnu/libpthread-2.15.so
7ffbf2aaa000-7ffbf2aab000 rw-p 00018000 08:06 266297                     /lib/x86_64-linux-gnu/libpthread-2.15.so
7ffbf2aab000-7ffbf2aaf000 rw-p 00000000 00:00 0 
7ffbf2aaf000-7ffbf2ad1000 r-xp 00000000 08:06 266197                     /lib/x86_64-linux-gnu/ld-2.15.so
7ffbf2ae5000-7ffbf2aef000 rw-p 00000000 00:00 0 
7ffbf2aef000-7ffbf2ba5000 rw-p 00000000 00:00 0 
7ffbf2ba5000-7ffbf2ba8000 ---p 00000000 00:00 0 
7ffbf2ba8000-7ffbf2cab000 rw-p 00000000 00:00 0 
7ffbf2cc5000-7ffbf2ccd000 rw-s 00000000 08:06 1448764                    /tmp/hsperfdata_grolim/3525
7ffbf2ccd000-7ffbf2cce000 rw-p 00000000 00:00 0 
7ffbf2cce000-7ffbf2ccf000 r--p 00000000 00:00 0 
7ffbf2ccf000-7ffbf2cd1000 rw-p 00000000 00:00 0 
7ffbf2cd1000-7ffbf2cd2000 r--p 00022000 08:06 266197                     /lib/x86_64-linux-gnu/ld-2.15.so
7ffbf2cd2000-7ffbf2cd4000 rw-p 00023000 08:06 266197                     /lib/x86_64-linux-gnu/ld-2.15.so
7fffb8b3b000-7fffb8b5c000 rw-p 00000000 00:00 0                          [stack]
7fffb8bff000-7fffb8c00000 r-xp 00000000 00:00 0                          [vdso]
ffffffffff600000-ffffffffff601000 r-xp 00000000 00:00 0                  [vsyscall]

VM Arguments:
jvm_args: -Dfile.encoding=UTF-8 -Xbootclasspath:/home/grolim/Desktop/adt-bundle-linux-x86_64-20130522/sdk/platforms/android-17/android.jar 
java_command: uff.br.infouffdtn.http.Fetcher
Launcher Type: SUN_STANDARD

Environment Variables:
PATH=/usr/lib/lightdm/lightdm:/usr/local/sbin:/usr/local/bin:/usr/sbin:/usr/bin:/sbin:/bin:/usr/games
LD_LIBRARY_PATH=/usr/lib/jvm/java-6-openjdk-amd64/jre/lib/amd64/server:/usr/lib/jvm/java-6-openjdk-amd64/jre/lib/amd64:/usr/lib/jvm/java-6-openjdk-amd64/jre/../lib/amd64
SHELL=/bin/bash
DISPLAY=:0.0

Signal Handlers:
SIGSEGV: [libjvm.so+0x784310], sa_mask[0]=0x7ffbfeff, sa_flags=0x10000004
SIGBUS: [libjvm.so+0x784310], sa_mask[0]=0x7ffbfeff, sa_flags=0x10000004
SIGFPE: [libjvm.so+0x648580], sa_mask[0]=0x7ffbfeff, sa_flags=0x10000004
SIGPIPE: [libjvm.so+0x648580], sa_mask[0]=0x7ffbfeff, sa_flags=0x10000004
SIGXFSZ: [libjvm.so+0x648580], sa_mask[0]=0x7ffbfeff, sa_flags=0x10000004
SIGILL: [libjvm.so+0x648580], sa_mask[0]=0x7ffbfeff, sa_flags=0x10000004
SIGUSR1: SIG_DFL, sa_mask[0]=0x00000000, sa_flags=0x00000000
SIGUSR2: [libjvm.so+0x648730], sa_mask[0]=0x00000004, sa_flags=0x10000004
SIGHUP: SIG_DFL, sa_mask[0]=0x00000000, sa_flags=0x00000000
SIGINT: SIG_DFL, sa_mask[0]=0x00000000, sa_flags=0x00000000
SIGTERM: SIG_DFL, sa_mask[0]=0x00000000, sa_flags=0x00000000
SIGQUIT: SIG_DFL, sa_mask[0]=0x00000000, sa_flags=0x00000000


---------------  S Y S T E M  ---------------

OS:Ubuntu 12.04 (precise)
uname:Linux 3.2.0-27-generic #43-Ubuntu SMP Fri Jul 6 14:25:57 UTC 2012 x86_64
libc:glibc 2.15 NPTL 2.15 
rlimit: STACK 8192k, CORE 0k, NPROC 63677, NOFILE 4096, AS infinity
load average:1.31 0.72 0.31

/proc/meminfo:
MemTotal:        8168344 kB
MemFree:         6149412 kB
Buffers:           83936 kB
Cached:           694092 kB
SwapCached:            0 kB
Active:          1170944 kB
Inactive:         617912 kB
Active(anon):    1011760 kB
Inactive(anon):     1140 kB
Active(file):     159184 kB
Inactive(file):   616772 kB
Unevictable:           0 kB
Mlocked:               0 kB
SwapTotal:        899068 kB
SwapFree:         899068 kB
Dirty:               664 kB
Writeback:             0 kB
AnonPages:       1011180 kB
Mapped:           155032 kB
Shmem:              1940 kB
Slab:              72288 kB
SReclaimable:      40140 kB
SUnreclaim:        32148 kB
KernelStack:        3304 kB
PageTables:        25096 kB
NFS_Unstable:          0 kB
Bounce:                0 kB
WritebackTmp:          0 kB
CommitLimit:     4983240 kB
Committed_AS:    2570192 kB
VmallocTotal:   34359738367 kB
VmallocUsed:      328888 kB
VmallocChunk:   34359404028 kB
HardwareCorrupted:     0 kB
AnonHugePages:         0 kB
HugePages_Total:       0
HugePages_Free:        0
HugePages_Rsvd:        0
HugePages_Surp:        0
Hugepagesize:       2048 kB
DirectMap4k:      110592 kB
DirectMap2M:     8269824 kB


CPU:total 8 (4 cores per cpu, 2 threads per core) family 6 model 42 stepping 7, cmov, cx8, fxsr, mmx, sse, sse2, sse3, ssse3, sse4.1, sse4.2, popcnt, ht

Memory: 4k page, physical 8168344k(6149412k free), swap 899068k(899068k free)

vm_info: OpenJDK 64-Bit Server VM (20.0-b12) for linux-amd64 JRE (1.6.0_24-b24), built on Jun 27 2012 02:37:21 by "buildd" with gcc 4.6.3

time: Tue Aug 13 11:50:07 2013
elapsed time: 0 seconds

